  Time           ens2       
HH:MM:SS   KB/s in  KB/s out
22:56:31      3.13      3.03
22:56:32      2.15      1.94
22:56:33      3.72      4.21
22:56:34      1.47      1.12
22:56:35      1.27      1.59
22:56:36      0.35      0.33
22:56:37      7.09      4.58
22:56:38      0.35      0.32
22:56:39      1.05      0.94
22:56:40      0.70      0.81
22:56:41      0.29      0.32
22:56:42      0.55      0.57
22:56:43      0.29      0.32
22:56:44      1.00      0.67
22:56:45      0.82      0.83
22:56:46      0.72      0.61
22:56:47      0.36      0.47
22:56:48      0.48      0.42
22:56:49      0.64      0.38
22:56:50      0.54      0.57
22:56:51      0.62      0.32
22:56:52      0.84      0.93
  Time           ens2       
HH:MM:SS   KB/s in  KB/s out
22:56:53      0.80      0.83
22:56:54      1.47      1.05
22:56:55      0.73      1.08
22:56:56      0.99      0.92
22:56:57      1.19      0.96
22:56:58      0.76      0.74
22:56:59      0.79      0.70
22:57:00      0.91      0.97
22:57:01      0.57      0.64
22:57:02      0.82      0.74
22:57:03      0.62      0.64
22:57:04      5.55      5.85
22:57:05      2.14      2.64
22:57:06      1.00      0.86
22:57:07      1.39      1.58
22:57:08      1.61      1.66
22:57:09      1.19      1.19
22:57:10      1.45      1.67
22:57:11      0.99      1.06
22:57:12      1.36      1.39
22:57:13      1.16      1.24
22:57:14      1.46      1.35
  Time           ens2       
HH:MM:SS   KB/s in  KB/s out
22:57:15      1.39      1.58
22:57:16      1.09      1.09
22:57:17      1.16      1.21
22:57:18      1.29      1.35
22:57:19      1.50      1.57
22:57:20      1.73      1.65
22:57:21      1.28      1.47
22:57:22      1.88      2.16
22:57:23      1.09      0.82
22:57:24      1.32      1.19
22:57:25      1.11      1.40
22:57:26      1.56      1.21
22:57:27      1.49      1.94
22:57:28      1.23      1.22
22:57:29      1.42      1.64
22:57:30      1.29      1.54
22:57:31      1.66      1.51
22:57:32      1.35      1.54
22:57:33      1.27      1.39
22:57:34      1.38      1.32
22:57:35      1.36      1.54
22:57:36      1.23      1.15
  Time           ens2       
HH:MM:SS   KB/s in  KB/s out
22:57:37      1.20      1.54
22:57:38      1.95      1.79
22:57:39      1.09      1.36
22:57:40      1.09      1.11
22:57:41      1.35      1.74
22:57:42      1.58      1.77
22:57:43      1.19      1.43
22:57:44      1.91      1.94
22:57:45      1.33      1.50
22:57:46      1.30      1.44
22:57:47      0.95      1.19
22:57:48      1.60      1.74
22:57:49      1.85      1.57
22:57:50      1.28      1.42
22:57:51      1.26      1.46
22:57:52      2.20      2.12
22:57:53      1.17      1.13
22:57:54      1.79      1.47
22:57:55      1.71      1.58
22:57:56      1.89      2.10
22:57:57      1.54      1.90
22:57:58      1.49      1.58
  Time           ens2       
HH:MM:SS   KB/s in  KB/s out
22:57:59      1.81      1.66
22:58:00      1.66      1.92
22:58:01      0.95      1.10
22:58:02      1.65      1.89
22:58:03      1.35      1.56
22:58:04      1.43      1.39
22:58:05      2.05      2.43
22:58:06      1.31      1.37
22:58:07      1.48      2.02
22:58:08      1.37      1.56
22:58:09      1.51      1.72
22:58:10      1.57      1.81
22:58:11      1.30      1.57
22:58:12      2.03      2.21
22:58:13      1.17      1.34
22:58:14      1.62      2.04
22:58:15      1.38      1.51
22:58:16      1.54      1.92
22:58:17      1.62      1.88
22:58:18      1.84      1.66
22:58:19      1.44      1.58
22:58:20      1.96      2.22
  Time           ens2       
HH:MM:SS   KB/s in  KB/s out
22:58:21      1.53      1.41
22:58:22      1.56      1.80
22:58:23      1.31      1.55
22:58:24      2.28      2.20
22:58:25      1.83      2.27
22:58:26      1.52      1.48
22:58:27      1.50      1.88
22:58:28      2.09      2.03
22:58:29      1.40      1.37
22:58:30      1.74      2.27
22:58:31      1.01      1.12
22:58:32      1.89      2.32
22:58:33      1.37      1.42
22:58:34      1.73      1.66
22:58:35      1.83      2.18
22:58:36      1.42      1.48
22:58:37      1.47      1.60
22:58:38      1.88      2.10
22:58:39      1.55      1.55
22:58:40      1.20      1.44
22:58:41      1.59      1.67
22:58:42      1.79      2.14
  Time           ens2       
HH:MM:SS   KB/s in  KB/s out
22:58:43      1.32      1.57
22:58:44      1.86      1.73
22:58:45      1.37      1.70
22:58:46      1.51      1.66
22:58:47      1.36      1.35
22:58:48      1.72      1.76
22:58:49      1.10      1.27
22:58:50      2.02      1.91
22:58:51      1.39      1.79
22:58:52      1.08      1.21
22:58:53      1.59      1.79
22:58:54      1.62      1.84
22:58:55      1.47      1.93
22:58:56      1.49      1.65
22:58:57      1.83      2.20
22:58:58      1.46      1.38
22:58:59      1.54      1.68
22:59:00      1.58      1.83
22:59:01      1.23      1.32
22:59:02      1.52      2.03
22:59:03      1.42      1.78
22:59:04      1.67      1.64
  Time           ens2       
HH:MM:SS   KB/s in  KB/s out
22:59:05      1.71      1.91
22:59:06      1.58      1.42
22:59:07      1.66      1.90
22:59:08      1.63      1.69
22:59:09      1.71      1.82
22:59:10      1.51      1.80
22:59:11      1.62      1.83
22:59:12      1.63      1.75
22:59:13      2.18      2.02
22:59:14      1.21      1.19
22:59:15      1.71      2.26
22:59:16      2.12      1.83
22:59:17      1.71      1.82
22:59:18      1.80      1.47
22:59:19      1.88      1.67
22:59:20      1.56      1.80
22:59:21      1.41      1.69
22:59:22      1.83      1.79
22:59:23      1.30      1.45
22:59:24      1.86      1.97
22:59:25      1.30      1.49
22:59:26      1.13      1.33
  Time           ens2       
HH:MM:SS   KB/s in  KB/s out
22:59:27      1.71      2.03
22:59:28      1.83      1.87
22:59:29      1.16      1.58
22:59:30      1.67      1.95
22:59:31      1.45      1.66
22:59:32      1.45      1.72
22:59:33      1.70      1.82
22:59:34      1.43      1.29
22:59:35      1.96      2.30
22:59:36      1.31      1.30
22:59:37      1.50      1.55
22:59:38      1.62      1.64
22:59:39      1.63      2.17
22:59:40      1.52      1.81
22:59:41      1.78      2.05
22:59:42      1.71      1.89
22:59:43      1.65      1.62
22:59:44      1.56      1.59
22:59:45      1.98      2.08
22:59:46      1.15      1.20
22:59:47      1.62      2.05
22:59:48      1.81      1.58
  Time           ens2       
HH:MM:SS   KB/s in  KB/s out
22:59:49      1.66      1.88
22:59:50      1.46      1.62
22:59:51      1.41      1.22
22:59:52      1.58      1.72
22:59:53      1.39      1.37
22:59:54      1.34      1.83
22:59:55      1.66      1.89
22:59:56      1.31      1.34
22:59:57      1.74      2.04
22:59:58      1.32      1.28
22:59:59      1.46      1.75
23:00:00      1.57      1.80
23:00:01      1.35      1.55
23:00:02      1.57      1.85
23:00:03      1.60      1.63
23:00:04      1.46      1.67
23:00:05      2.01      1.98
23:00:06      1.65      2.08
23:00:07      1.73      1.86
23:00:08      1.48      1.55
23:00:09      1.35      1.42
23:00:10      1.66      1.83
  Time           ens2       
HH:MM:SS   KB/s in  KB/s out
23:00:11      1.74      1.84
23:00:12      1.40      1.65
23:00:13      1.43      1.34
23:00:14      1.88      1.75
23:00:15      1.92      2.20
23:00:16      0.86      0.93
23:00:17      2.29      2.30
23:00:18      1.27      1.21
23:00:19      1.81      1.89
23:00:20      1.64      1.57
23:00:21      1.30      1.51
23:00:22      1.35      1.90
23:00:23      1.33      1.42
23:00:24      1.44      1.72
23:00:25      1.67      1.94
23:00:26      1.09      1.39
23:00:27      1.30      1.54
23:00:28      2.08      2.43
23:00:29      1.44      1.56
23:00:30      1.51      1.55
23:00:31      1.26      1.46
23:00:32      2.02      2.60
  Time           ens2       
HH:MM:SS   KB/s in  KB/s out
23:00:33      1.58      1.67
23:00:34      1.51      1.59
23:00:35      1.52      1.74
23:00:36      1.51      1.66
23:00:37      1.50      1.71
23:00:38      1.68      1.79
23:00:39      1.45      1.73
23:00:40      1.72      2.03
23:00:41      1.27      1.32
23:00:42      1.57      1.81
23:00:43      2.15      2.01
23:00:44      1.32      1.50
23:00:45      1.72      1.72
23:00:46      1.48      1.42
23:00:47      2.04      2.14
23:00:48      1.54      1.55
23:00:49      1.68      1.43
23:00:50      1.66      2.08
23:00:51      1.51      1.39
23:00:52      1.37      1.65
23:00:53      1.72      1.72
23:00:54      1.59      1.87
  Time           ens2       
HH:MM:SS   KB/s in  KB/s out
23:00:55      1.27      1.34
23:00:56      1.33      1.67
23:00:57      1.81      2.11
23:00:58      1.54      1.64
23:00:59      1.96      2.05
23:01:00      1.38      1.63
23:01:01      1.50      1.65
23:01:02      1.66      2.09
23:01:03      1.74      1.66
23:01:04      1.53      1.78
23:01:05      1.67      1.88
23:01:06      1.88      2.04
23:01:07      1.98      2.08
23:01:08      1.55      1.66
23:01:09      1.21      1.32
23:01:10      1.69      2.15
23:01:11      1.24      1.37
23:01:12      1.65      1.31
23:01:13      1.66      1.94
23:01:14      1.62      1.68
23:01:15      1.61      1.54
23:01:16      1.57      1.81
  Time           ens2       
HH:MM:SS   KB/s in  KB/s out
23:01:17      1.98      2.15
23:01:18      2.17      1.90
23:01:19      1.66      1.73
23:01:20      1.28      1.58
23:01:21      1.58      1.68
23:01:22      1.10      1.40
23:01:23      1.47      1.66
23:01:24      1.80      1.98
23:01:25      1.64      1.88
23:01:26      1.66      2.12
23:01:27      1.46      1.60
23:01:28      1.39      1.44
23:01:29      1.74      1.86
23:01:30      1.59      1.93
23:01:31      1.52      1.79
23:01:32      1.45      1.80
23:01:33      1.96      1.91
23:01:34      1.61      1.88
23:01:35      1.51      1.63
23:01:36      1.46      2.06
23:01:37      1.57      1.55
23:01:38      1.96      2.09
  Time           ens2       
HH:MM:SS   KB/s in  KB/s out
23:01:39      1.57      1.89
23:01:40      1.49      1.72
23:01:41      2.06      1.98
23:01:42      1.24      1.63
23:01:43      1.66      1.66
23:01:44      1.44      1.50
23:01:45      1.65      2.10
23:01:46      1.51      1.75
23:01:47      2.23      1.96
23:01:48      1.95      2.05
23:01:49      1.43      1.31
23:01:50      1.38      1.59
23:01:51      1.21      1.55
23:01:52      1.36      1.50
23:01:53      1.54      1.87
23:01:54      1.57      1.65
23:01:55      1.49      1.70
23:01:56      1.49      1.81
23:01:57      1.75      1.92
23:01:58      1.61      1.41
23:01:59      1.42      1.37
23:02:00      1.37      1.59
  Time           ens2       
HH:MM:SS   KB/s in  KB/s out
23:02:01      1.51      1.99
23:02:02      1.32      1.65
23:02:03      1.42      1.39
23:02:04      1.56      1.75
23:02:05      1.53      1.95
23:02:06      1.44      1.71
23:02:07      1.31      1.46
23:02:08      1.75      1.78
23:02:09      1.57      1.66
23:02:10      1.83      1.93
23:02:11      1.59      1.62
23:02:12      1.88      2.10
23:02:13      1.88      1.56
23:02:14      1.02      1.22
23:02:15      1.81      1.94
23:02:16      1.65      1.71
23:02:17      2.19      2.36
23:02:18      1.42      1.41
23:02:19      1.89      2.02
23:02:20      1.38      1.45
23:02:21      1.78      2.01
23:02:22      1.32      1.60
  Time           ens2       
HH:MM:SS   KB/s in  KB/s out
23:02:23      1.80      1.90
23:02:24      1.43      1.56
23:02:25      1.44      1.66
23:02:26      1.31      1.72
23:02:27      1.36      1.55
23:02:28      1.86      1.90
23:02:29      1.66      1.95
23:02:30      1.60      1.75
23:02:31      1.79      1.77
23:02:32      1.45      1.66
23:02:33      1.60      1.42
23:02:34      1.44      1.60
23:02:35      1.78      1.94
23:02:36      1.74      1.97
23:02:37      1.30      1.55
23:02:38      1.89      2.05
23:02:39      1.64      1.36
23:02:40      1.56      1.62
23:02:41      1.54      1.63
23:02:42      1.55      1.44
23:02:43      1.83      1.84
23:02:44      1.54      1.84
  Time           ens2       
HH:MM:SS   KB/s in  KB/s out
23:02:45      1.78      1.46
23:02:46      1.28      1.60
23:02:47      1.65      1.80
23:02:48      1.54      1.56
23:02:49      1.89      1.96
23:02:50      1.14      1.30
23:02:51      1.57      1.87
23:02:52      1.49      1.67
23:02:53      1.72      1.73
23:02:54      1.66      1.93
23:02:55      1.80      1.70
23:02:56      1.38      1.70
23:02:57      2.03      2.15
23:02:58      1.38      1.59
23:02:59      1.50      1.72
23:03:00      1.38      1.71
23:03:01      1.80      2.29
23:03:02      1.59      1.71
23:03:03      1.67      1.67
23:03:04      1.36      1.44
23:03:05      1.91      2.17
23:03:06      1.17      1.49
  Time           ens2       
HH:MM:SS   KB/s in  KB/s out
23:03:07      1.73      1.70
23:03:08      2.10      1.88
23:03:09      1.40      1.49
23:03:10      1.51      1.80
23:03:11      2.23      2.22
23:03:12      1.59      1.83
23:03:13      1.88      1.92
23:03:14      1.95      1.66
23:03:15      1.29      1.65
23:03:16      1.32      1.53
23:03:17      1.55      1.54
23:03:18      1.66      1.71
23:03:19      1.52      1.59
23:03:20      1.65      1.97
23:03:21      1.50      1.81
23:03:22      1.44      1.65
23:03:23      1.83      1.80
23:03:24      1.29      1.44
23:03:25      1.43      1.76
23:03:26      1.51      1.83
23:03:27      1.38      1.69
23:03:28      1.74      1.72
  Time           ens2       
HH:MM:SS   KB/s in  KB/s out
23:03:29      1.42      1.56
23:03:30      1.37      1.51
23:03:31      1.72      1.97
23:03:32      1.62      1.88
23:03:33      1.66      1.50
23:03:34      1.38      1.62
23:03:35      1.56      1.86
23:03:36      1.37      1.70
23:03:37      1.83      1.66
23:03:38      1.33      1.59
23:03:39      1.51      1.67
23:03:40      2.10      2.08
23:03:41      1.37      1.46
23:03:42      1.31      1.62
23:03:43      2.00      1.60
23:03:44      1.12      1.41
23:03:45      1.57      1.88
23:03:46      1.53      1.63
23:03:47      1.38      1.25
23:03:48      1.59      1.72
23:03:49      1.37      1.56
23:03:50      1.44      1.80
  Time           ens2       
HH:MM:SS   KB/s in  KB/s out
23:03:51      1.89      2.01
23:03:52      1.51      1.83
23:03:53      1.54      1.39
23:03:54      1.45      1.73
23:03:55      1.62      1.81
23:03:56      1.47      1.84
23:03:57      1.60      1.79
23:03:58      1.61      1.66
23:03:59      1.18      1.34
23:04:00      1.61      2.20
23:04:01      1.43      1.45
23:04:02      2.08      2.32
23:04:03      1.69      1.42
23:04:04      1.58      1.57
23:04:05      1.55      1.68
23:04:06      1.85      1.87
23:04:07      1.66      1.73
23:04:08      1.67      1.39
23:04:09      1.92      1.87
23:04:10      1.38      1.51
23:04:11      1.86      2.08
23:04:12      1.93      1.71
  Time           ens2       
HH:MM:SS   KB/s in  KB/s out
23:04:13      1.59      1.76
23:04:14      1.55      1.89
23:04:15      1.86      2.14
23:04:16      1.38      1.72
23:04:17      1.83      1.78
23:04:18      1.53      1.56
23:04:19      1.74      1.58
23:04:20      1.17      1.30
23:04:21      1.85      1.93
23:04:22      1.47      1.86
23:04:23      2.03      2.21
23:04:24      1.84      1.89
23:04:25      1.57      1.81
23:04:26      1.14      1.49
23:04:27      3.77      2.44
23:04:28      1.48      1.39
23:04:29      1.57      1.83
23:04:30      1.60      1.76
23:04:31      1.44      1.77
23:04:32     12.14      7.06
23:04:33      1.43      1.55
23:04:34      1.52      1.70
  Time           ens2       
HH:MM:SS   KB/s in  KB/s out
23:04:35      1.78      1.64
23:04:36      1.69      1.91
23:04:37      1.53      1.95
23:04:38      1.94      1.40
23:04:39      1.91      2.16
23:04:40      1.51      1.80
23:04:41      1.77      1.71
23:04:42      1.66      1.57
23:04:43      1.52      1.51
23:04:44      1.48      1.50
23:04:45      1.20      1.54
23:04:46      1.74      2.03
23:04:47      1.67      1.76
23:04:48      1.80      1.73
23:04:49      1.72      1.88
23:04:50      1.24      1.45
23:04:51      1.95      2.43
23:04:52      1.38      1.54
23:04:53      1.74      1.42
23:04:54      1.17      1.34
23:04:55      1.87      2.32
23:04:56      1.41      1.71
  Time           ens2       
HH:MM:SS   KB/s in  KB/s out
23:04:57      1.79      1.84
23:04:58      1.54      1.61
23:04:59      2.08      2.06
23:05:00      1.59      1.60
23:05:01      1.56      1.84
23:05:02      1.33      1.68
23:05:03      1.95      2.05
23:05:04      1.88      1.73
23:05:05      1.51      1.60
23:05:06      1.46      1.89
23:05:07      1.88      1.77
23:05:08      1.84      1.88
23:05:09      1.57      1.83
23:05:10      1.74      1.67
23:05:11      1.68      1.96
23:05:12      1.59      1.83
23:05:13      1.89      1.94
23:05:14      1.19      1.45
23:05:15      1.61      2.10
23:05:16      1.21      1.42
23:05:17      1.62      1.75
23:05:18      1.67      1.83
  Time           ens2       
HH:MM:SS   KB/s in  KB/s out
23:05:19      1.60      1.82
23:05:20      1.76      1.97
23:05:21      1.71      1.77
23:05:22      1.44      1.65
23:05:23      1.61      1.38
23:05:24      1.25      1.55
23:05:25      1.38      1.52
23:05:26      1.64      1.90
23:05:27      1.36      1.39
23:05:28      1.86      1.96
23:05:29      1.89      2.03
23:05:30      1.51      1.80
23:05:31      1.43      1.71
23:05:32      3.03      1.79
23:05:33      2.36      1.91
23:05:34      1.31      1.55
23:05:35      1.50      1.74
23:05:36      1.84      1.88
23:05:37      1.80      1.89
23:05:38      1.60      1.68
23:05:39      2.16      1.97
23:05:40      1.37      1.71
  Time           ens2       
HH:MM:SS   KB/s in  KB/s out
23:05:41      1.57      1.58
23:05:42      1.37      1.62
23:05:43      1.43      1.34
23:05:44      1.54      1.97
23:05:45      1.58      1.56
23:05:46      1.31      1.71
23:05:47      1.61      1.63
23:05:48      1.98      2.20
23:05:49      1.51      1.66
23:05:50      1.37      1.70
23:05:51      1.63      1.98
23:05:52      1.91      2.22
23:05:53      1.84      1.79
23:05:54      1.31      1.44
23:05:55      1.44      1.77
23:05:56      1.38      1.62
23:05:57      1.59      1.60
23:05:58      1.74      1.52
23:05:59      1.38      1.50
23:06:00      1.81      2.20
23:06:01      1.37      1.55
23:06:02      1.78      1.67
  Time           ens2       
HH:MM:SS   KB/s in  KB/s out
23:06:03      1.55      1.62
23:06:04      1.75      1.99
23:06:05      1.71      1.48
23:06:06      1.67      2.07
23:06:07      1.48      1.70
23:06:08      2.19      1.92
23:06:09      1.30      1.55
23:06:10      1.79      2.10
23:06:11      1.96      2.07
23:06:12      1.41      1.60
23:06:13      1.83      1.77
23:06:14      1.60      1.88
23:06:15      1.57      1.80
23:06:16      1.20      1.57
23:06:17      1.76      1.66
23:06:18      1.61      1.70
23:06:19      1.53      1.63
23:06:20      1.45      1.86
23:06:21      2.16      2.37
23:06:22      1.29      1.41
23:06:23      1.87      1.80
23:06:24      1.32      1.57
  Time           ens2       
HH:MM:SS   KB/s in  KB/s out
23:06:25      1.85      1.88
23:06:26      1.40      1.74
23:06:27      1.29      1.45
23:06:28      1.53      1.62
23:06:29      1.30      1.45
23:06:30      1.18      1.55
23:06:31      1.90      1.62
23:06:32      1.32      1.34
23:06:33      1.79      1.64
23:06:34      1.88      1.72
23:06:35      1.44      1.70
23:06:36      1.22      1.42
23:06:37      1.72      1.62
23:06:38      1.49      1.45
23:06:39      1.08      1.21
23:06:40      1.51      1.88
23:06:41      2.03      2.17
23:06:42      1.45      1.65
23:06:43      1.60      1.61
23:06:44      1.83      2.15
23:06:45      1.44      1.70
23:06:46      1.73      1.87
  Time           ens2       
HH:MM:SS   KB/s in  KB/s out
23:06:47      1.42      1.73
23:06:48      1.87      1.78
23:06:49      1.25      1.51
23:06:50      1.57      1.81
23:06:51      1.49      1.71
23:06:52      1.75      1.90
23:06:53      1.60      1.55
23:06:54      1.25      1.55
23:06:55      1.62      1.80
23:06:56      1.37      1.71
23:06:57      1.59      1.80
23:06:58      1.54      1.68
23:06:59      1.80      1.98
23:07:01      1.99      1.95
23:07:02      1.87      1.97
23:07:03      1.61      1.83
23:07:04      2.30      1.91
23:07:05      1.34      1.85
23:07:06      1.80      1.98
23:07:07      2.07      2.05
23:07:08      1.81      1.76
23:07:09      1.78      1.93
  Time           ens2       
HH:MM:SS   KB/s in  KB/s out
23:07:10      1.21      1.26
23:07:11      1.77      2.29
23:07:12      1.78      1.91
23:07:13      1.54      1.72
23:07:14      1.80      1.61
23:07:15      1.42      1.51
23:07:16      1.21      1.58
23:07:17      1.77      2.04
23:07:18      1.78      1.69
23:07:19      1.74      2.05
23:07:20      1.63      1.74
23:07:21      1.38      1.40
23:07:22      1.51      1.63
23:07:23      1.54      1.89
23:07:24      1.54      1.71
23:07:25      1.44      1.59
23:07:26      1.89      2.27
23:07:27      1.81      2.14
23:07:28      1.38      1.55
23:07:29      1.76      1.74
23:07:30      1.82      1.43
23:07:31      1.67      1.59
  Time           ens2       
HH:MM:SS   KB/s in  KB/s out
23:07:32      1.56      1.87
23:07:33      2.02      1.97
23:07:34      1.77      1.57
23:07:35      1.50      1.82
23:07:36      1.40      1.22
23:07:37      1.43      1.51
23:07:38      1.35      1.41
23:07:39      1.82      1.85
23:07:40      1.64      1.57
23:07:41      1.82      2.10
23:07:42      1.84      1.99
23:07:43      1.13      1.37
23:07:44      1.74      1.72
23:07:45      1.67      2.04
23:07:46      1.79      1.98
23:07:47      1.53      1.76
23:07:48      1.74      1.83
23:07:49      1.61      1.73
23:07:50      1.57      1.80
23:07:51      1.18      1.34
23:07:52      1.58      1.63
23:07:53      1.60      1.68
  Time           ens2       
HH:MM:SS   KB/s in  KB/s out
23:07:54      1.74      1.89
23:07:55      1.55      1.86
23:07:56      1.86      1.97
23:07:57      1.38      1.71
23:07:58      1.61      1.37
23:07:59      1.53      1.63
23:08:00      1.44      1.71
23:08:01      1.66      1.45
23:08:02      1.31      1.77
23:08:03      1.52      1.83
23:08:04      1.99      1.73
23:08:05      2.27      2.46
23:08:06      1.67      1.89
23:08:07      1.22      1.42
23:08:08      1.87      2.30
23:08:09      1.68      1.66
23:08:10      1.37      1.64
23:08:11      1.74      2.08
23:08:12      1.83      2.09
23:08:13      1.50      1.71
23:08:14      1.60      1.55
23:08:15      1.44      1.60
  Time           ens2       
HH:MM:SS   KB/s in  KB/s out
23:08:16      1.37      1.62
23:08:17      1.34      1.67
23:08:18      1.49      1.70
23:08:19      1.54      1.44
23:08:20      1.86      1.93
23:08:21      1.24      1.58
23:08:22      1.84      2.05
23:08:23      1.32      1.86
23:08:24      1.54      1.58
23:08:25      1.39      1.72
23:08:26      1.56      1.67
23:08:27      1.85      1.88
23:08:28      1.38      1.66
23:08:29      1.47      1.73
23:08:30      1.89      1.60
23:08:31      1.47      1.79
23:08:32      1.62      1.81
23:08:33      1.34      1.16
23:08:34      2.26      2.28
23:08:35      1.45      1.85
23:08:36      2.95      4.52
23:08:37      4.68      3.83
  Time           ens2       
HH:MM:SS   KB/s in  KB/s out
23:08:38      1.71      1.48
23:08:39      1.96      1.80
23:08:40      1.75      1.80
23:08:41      1.44      1.81
23:08:42      1.66      1.86
23:08:43      2.02      2.34
23:08:44      1.54      1.61
23:08:45      1.51      1.80
23:08:46      1.36      1.55
23:08:47      1.53      1.73
23:08:48      1.48      1.69
23:08:49      2.03      1.94
23:08:50      3.46      2.38
23:08:51      1.45      1.66
23:08:52      1.22      1.50
23:08:53      1.44      1.72
23:08:54      2.00      1.93
23:08:55      1.35      1.60
23:08:56      1.69      1.62
23:08:57      1.44      1.81
23:08:58      1.59      1.86
23:08:59      2.16      1.78
  Time           ens2       
HH:MM:SS   KB/s in  KB/s out
23:09:00      1.56      1.83
23:09:01      1.65      1.87
23:09:02      1.91      1.82
23:09:03      1.40      1.64
23:09:04      2.01      1.83
23:09:05      1.91      2.23
23:09:06      1.57      1.39
23:09:07      1.16      1.50
23:09:08      1.71      1.96
23:09:09      2.11      1.90
23:09:10      1.62      1.80
23:09:11      1.39      1.58
23:09:12      1.51      1.80
23:09:13      1.38      1.55
23:09:14      1.67      1.66
23:09:15      1.37      1.61
23:09:16      1.30      1.45
23:09:17      1.89      2.25
23:09:18      1.74      1.84
23:09:19      1.54      1.61
23:09:20      2.18      2.53
23:09:21      1.44      1.41
  Time           ens2       
HH:MM:SS   KB/s in  KB/s out
23:09:22      1.43      1.46
23:09:23      1.44      1.66
23:09:24      1.90      1.89
23:09:25      1.85      1.82
23:09:26      1.40      1.56
23:09:27      1.38      1.48
23:09:28      1.98      1.86
23:09:29      1.68      1.72
23:09:30      1.13      1.30
23:09:31      1.63      1.50
23:09:32      1.24      1.50
23:09:33      1.64      1.93
23:09:34      1.54      1.62
23:09:35      1.60      1.99
23:09:36      1.38      1.47
23:09:37      2.03      2.19
23:09:38      1.61      1.71
23:09:39      1.32      1.40
23:09:40      2.15      2.46
23:09:41      1.38      1.29
23:09:42      1.50      1.55
23:09:43      1.33      1.60
  Time           ens2       
HH:MM:SS   KB/s in  KB/s out
23:09:44      2.03      1.89
23:09:45      1.44      1.71
23:09:46      4.27      4.57
23:09:47      6.03      6.25
23:09:48      1.98      2.02
23:09:49      1.96      1.88
23:09:50      1.57      1.83
23:09:51      1.43      1.72
23:09:52      1.85      2.15
23:09:53      1.57      1.76
23:09:54      2.13      1.66
23:09:55      1.13      1.31
23:09:56      1.80      1.98
23:09:57      2.67      3.17
23:09:58      2.25      2.43
23:09:59      1.55      1.27
23:10:00      1.88      1.89
23:10:01      1.44      1.66
23:10:02      1.44      1.79
23:10:03      1.68      1.60
23:10:04      1.90      1.94
23:10:05      1.74      2.05
  Time           ens2       
HH:MM:SS   KB/s in  KB/s out
23:10:06      1.32      1.53
23:10:07      1.68      1.90
23:10:08      1.54      1.77
23:10:09      1.74      1.72
23:10:10      1.54      1.88
23:10:11      1.70      1.68
23:10:12      1.44      1.71
23:10:13      1.43      1.66
23:10:14      1.53      1.67
23:10:15      1.68      1.71
23:10:16      1.54      1.47
23:10:17      1.39      1.65
23:10:18      1.88      1.96
23:10:19      1.80      1.72
23:10:20      1.97      1.80
23:10:21      1.71      2.01
23:10:22      1.57      1.75
23:10:23      1.64      1.55
23:10:24      1.73      1.68
23:10:25      1.89      2.21
23:10:26      1.61      1.42
23:10:27      1.53      1.58
  Time           ens2       
HH:MM:SS   KB/s in  KB/s out
23:10:28      1.56      1.66
23:10:29      2.23      1.80
23:10:30      1.50      1.80
23:10:31      1.36      1.76
23:10:32      1.44      1.78
23:10:33      2.08      2.18
23:10:34      1.67      1.32
23:10:35      1.73      2.03
23:10:36      1.31      1.46
23:10:37      1.49      1.70
23:10:38      1.51      1.41
23:10:39      1.29      1.16
23:10:40      1.64      1.72
23:10:41      1.62      1.90
23:10:42      1.44      1.71
23:10:43      1.23      1.44
23:10:44      1.77      1.62
23:10:45      1.22      1.22
23:10:46      1.08      1.17
23:10:47      1.44      1.47
23:10:48      1.08      1.07
23:10:49      1.50      1.62
  Time           ens2       
HH:MM:SS   KB/s in  KB/s out
23:10:50      8.36      9.63
23:10:51      1.95      2.04
23:10:52      2.69      2.83
23:10:53      2.03      2.40
23:10:54      2.26      2.43
23:10:55      2.44      2.72
23:10:56      1.95      2.10
23:10:57      2.22      2.29
23:10:58      2.58      2.43
23:10:59      2.02      2.28
23:11:00      2.23      2.68
23:11:01      2.09      2.30
23:11:02      2.34      2.56
23:11:03      1.90      1.98
23:11:04      2.51      2.35
23:11:05      2.44      2.47
23:11:06      5.86      6.27
23:11:07      2.87      3.78
23:11:08      2.42      2.64
23:11:09      2.49      2.33
23:11:10      2.54      2.64
23:11:11      2.31      2.59
  Time           ens2       
HH:MM:SS   KB/s in  KB/s out
23:11:12      2.27      2.66
23:11:13      1.97      2.12
23:11:14      2.22      2.31
23:11:15      1.87      2.06
23:11:16      1.94      2.36
23:11:17      2.23      2.46
23:11:18      2.34      2.51
23:11:19      2.50      2.35
23:11:20      2.76      2.71
23:11:21      2.40      2.14
23:11:22      2.23      2.56
23:11:23      2.07      2.11
23:11:24      3.33      2.89
23:11:25      1.86      1.99
23:11:26      2.18      2.50
23:11:27      2.42      2.30
23:11:28      2.04      2.34
23:11:29      2.17      2.21
23:11:30      2.33      2.46
23:11:31      2.00      2.40
23:11:32      2.26      2.64
23:11:33      2.07      2.41
  Time           ens2       
HH:MM:SS   KB/s in  KB/s out
23:11:34      2.43      2.58
23:11:35      2.04      2.55
23:11:36      2.25      2.38
23:11:37      2.29      2.61
23:11:38      2.26      2.31
23:11:39      2.25      2.50
23:11:40      2.61      2.81
23:11:41      2.23      2.56
23:11:42      2.48      2.96
23:11:43      2.05      2.16
23:11:44      2.53      2.66
23:11:45      2.07      2.56
23:11:46      2.08      2.30
23:11:47      2.46      2.56
23:11:48      2.24      2.51
23:11:49      2.50      2.30
23:11:50      2.50      2.51
23:11:51      1.94      2.39
23:11:52      2.32      2.44
23:11:53      2.47      2.29
23:11:54      2.28      2.29
23:11:55      2.20      2.64
  Time           ens2       
HH:MM:SS   KB/s in  KB/s out
23:11:56      2.31      2.13
23:11:57      2.41      2.57
23:11:58      2.31      2.59
23:11:59      2.49      2.68
23:12:00      2.05      2.55
23:12:01      1.97      2.34
23:12:02      2.05      2.54
23:12:03      2.53      2.80
23:12:04      2.43      2.54
23:12:05      2.44      2.82
23:12:06      1.84      2.26
23:12:07      2.41      2.85
23:12:08      2.26      2.56
23:12:09      2.36      2.48
23:12:10      1.84      2.29
23:12:11      2.27      2.52
23:12:12      1.83      1.98
23:12:13      1.97      2.17
23:12:14      2.14      2.30
23:12:15      1.99      2.26
23:12:16      2.19      2.14
23:12:17      2.22      2.27
  Time           ens2       
HH:MM:SS   KB/s in  KB/s out
23:12:18      1.97      2.22
23:12:19      2.11      2.09
23:12:20      1.63      1.88
23:12:21      1.54      1.87
23:12:22      2.02      2.08
23:12:23      1.96      2.21
23:12:24      1.71      1.92
23:12:25      2.24      2.45
23:12:26      1.97      2.22
23:12:27      1.90      2.16
23:12:28      1.76      1.82
23:12:29      2.14      2.34
23:12:30      1.83      1.97
23:12:31      2.06      2.25
23:12:32      1.73      1.88
23:12:33      1.98      2.18
23:12:34      2.07      1.89
23:12:35      2.10      2.47
23:12:36      1.84      1.83
23:12:37      2.09      2.47
23:12:38      1.83      2.09
23:12:39      2.31      2.56
  Time           ens2       
HH:MM:SS   KB/s in  KB/s out
23:12:40      1.97      2.11
23:12:41      1.92      2.17
23:12:42      1.88      2.24
23:12:43      2.11      2.40
23:12:44      1.93      2.15
23:12:45      1.72      2.10
23:12:46      1.79      2.10
23:12:47      2.55      2.80
23:12:48      2.27      2.07
23:12:49      2.04      2.07
23:12:50      1.91      2.11
23:12:51      2.18      1.96
23:12:52      2.32      2.65
23:12:53      1.70      1.81
23:12:54      2.83      2.56
23:12:55      1.91      2.37
23:12:56      2.21      2.35
23:12:57      2.19      2.75
23:12:58      2.09      2.39
23:12:59      2.23      2.54
23:13:00      1.90      2.13
23:13:01      1.76      2.11
  Time           ens2       
HH:MM:SS   KB/s in  KB/s out
23:13:02      2.07      2.36
23:13:03      1.92      2.40
23:13:04      2.08      2.38
23:13:05      7.07      8.36
23:13:06      2.73      2.97
23:13:07      2.38      2.67
23:13:08      2.20      2.22
23:13:09      2.15      2.15
23:13:10      2.32      2.44
23:13:11      2.20      2.54
23:13:12      2.26      2.27
23:13:13      2.21      2.36
23:13:14      2.00      2.24
23:13:15      2.01      2.52
23:13:16      2.26      2.61
23:13:17      2.77      2.86
23:13:18      2.57      2.89
23:13:19      2.22      2.28
23:13:20      2.46      2.60
23:13:21      1.95      2.18
23:13:22      1.71      2.11
23:13:23      2.24      2.14
  Time           ens2       
HH:MM:SS   KB/s in  KB/s out
23:13:24      2.31      2.69
23:13:25      2.05      2.64
23:13:26      2.14      2.59
23:13:27      2.39      2.54
23:13:28      1.92      2.22
23:13:29      2.29      2.40
23:13:30      2.01      2.27
23:13:31      2.38      2.83
23:13:32      2.12      2.31
23:13:33      2.19      2.89
23:13:34      7.39      8.54
23:13:35      4.58      5.38
23:13:36      2.56      3.29
23:13:37      2.60      3.24
23:13:38      2.60      3.02
23:13:39      2.34      2.73
23:13:40      2.27      2.73
23:13:41      2.32      2.46
23:13:42      2.63      3.05
23:13:43      2.25      2.61
23:13:44      3.06      3.36
23:13:45      1.95      2.58
  Time           ens2       
HH:MM:SS   KB/s in  KB/s out
23:13:46      2.80      3.05
23:13:47      2.34      2.80
23:13:48      2.74      2.79
23:13:49      2.74      2.94
23:13:50      2.50      3.00
23:13:51      2.45      2.68
23:13:52      3.11      3.07
23:13:53      2.39      2.88
23:13:54      2.62      2.89
23:13:55      2.53      3.07
23:13:56      2.91      3.06
23:13:57      2.78      3.17
23:13:58      2.82      2.75
23:13:59      2.12      2.76
23:14:00      2.98      3.24
23:14:01      2.26      2.68
23:14:02      2.50      3.03
23:14:03      2.15      2.60
23:14:04      2.69      3.22
23:14:05      2.70      3.35
23:14:06      2.38      2.65
23:14:07      2.67      3.24
  Time           ens2       
HH:MM:SS   KB/s in  KB/s out
23:14:08      2.34      2.49
23:14:09      2.87      3.25
23:14:10      3.07      4.12
23:14:11      2.04      2.37
23:14:12      2.01      2.40
23:14:13      2.42      2.53
23:14:14      1.94      2.47
23:14:15      2.69      2.79
23:14:16      1.76      1.98
23:14:17      3.02      3.17
23:14:18      2.91      2.61
23:14:19      2.42      2.43
23:14:20      2.14      2.56
23:14:21      2.49      2.41
23:14:22      1.97      2.49
23:14:23      2.31      2.51
23:14:24      1.83      2.26
23:14:25      6.12      7.77
23:14:26      3.22      3.18
23:14:27      2.24      2.82
23:14:28      2.70      2.83
23:14:29      2.10      2.47
  Time           ens2       
HH:MM:SS   KB/s in  KB/s out
23:14:30      2.22      2.75
23:14:31      3.16      3.97
23:14:32      1.97      2.34
23:14:33      1.76      2.15
23:14:34      1.80      1.64
23:14:35      1.43      1.83
23:14:36      1.91      1.94
23:14:37      1.57      1.79
23:14:38      1.93      2.13
23:14:39      1.84      1.92
23:14:40      1.60      1.90
23:14:41      1.74      1.82
23:14:42      1.88      2.05
23:14:43      2.07      2.33
23:14:44      1.93      1.64
23:14:45      2.13      2.23
23:14:46      1.85      2.03
23:14:47      2.56      2.09
23:14:48      1.80      1.93
23:14:49      1.74      2.02
23:14:50      2.02      2.03
23:14:51      2.03      2.31
  Time           ens2       
HH:MM:SS   KB/s in  KB/s out
23:14:52      1.73      2.10
23:14:53      2.20      2.34
23:14:54      1.89      2.40
23:14:55      1.74      1.97
23:14:56      1.62      1.80
23:14:57      2.22      2.42
23:14:58      1.78      2.18
23:14:59      2.10      2.18
23:15:00      1.76      2.02
23:15:01      1.67      1.59
23:15:02      1.62      1.66
23:15:03      1.55      1.73
23:15:04      2.04      2.15
23:15:05      1.86      2.39
23:15:06      2.11      2.32
23:15:07      1.84      2.21
23:15:08      2.21      2.33
23:15:09      1.23      1.52
23:15:10      1.84      2.21
23:15:11      2.39      2.57
23:15:12      1.80      1.91
23:15:13      2.54      2.26
  Time           ens2       
HH:MM:SS   KB/s in  KB/s out
23:15:14      1.91      2.05
23:15:15      1.72      2.06
23:15:16      2.42      1.88
23:15:17      1.97      2.14
23:15:18      1.78      1.74
23:15:19      2.05      1.65
23:15:20      1.88      2.14
23:15:21      1.82      2.07
23:15:22      1.64      2.00
23:15:23      2.07      1.78
23:15:24      1.48      1.96
23:15:25      1.72      1.94
23:15:26      1.97      1.91
23:15:27      1.78      2.02
23:15:28      1.91      1.96
23:15:29      1.90      1.79
23:15:30      2.03      2.08
23:15:31      1.90      2.20
23:15:32      1.90      1.92
23:15:33      1.82      1.88
23:15:34      1.90      2.06
23:15:35      1.84      1.92
  Time           ens2       
HH:MM:SS   KB/s in  KB/s out
23:15:36      1.59      1.76
23:15:37      1.75      2.04
23:15:38      2.32      2.34
23:15:39      1.40      1.82
23:15:40      2.19      2.43
23:15:41      1.55      1.66
23:15:42      1.72      1.59
23:15:43      2.07      2.07
23:15:44      1.62      2.12
23:15:45      1.87      1.84
23:15:46      1.59      1.80
23:15:47      1.97      2.22
23:15:48      1.92      1.68
23:15:49      1.76      1.92
23:15:50      1.89      2.30
23:15:51      1.60      1.71
23:15:52      1.68      1.89
23:15:53      1.72      1.81
23:15:54      1.58      1.57
23:15:55      1.86      2.21
23:15:56      1.88      2.16
23:15:57      1.80      1.83
  Time           ens2       
HH:MM:SS   KB/s in  KB/s out
23:15:58      1.86      1.94
23:15:59      1.66      2.04
23:16:00      2.02      2.30
23:16:01      1.57      1.48
23:16:02      1.75      2.00
23:16:03      1.78      1.93
23:16:04      1.60      1.86
23:16:05      1.83      1.94
23:16:06      1.98      2.31
23:16:07      1.71      2.09
23:16:08      1.94      2.03
23:16:09      1.72      1.90
23:16:10      1.87      2.14
23:16:11      2.52      2.23
23:16:12      1.87      2.17
23:16:13      1.67      1.64
23:16:14      2.03      1.83
23:16:15      1.83      2.22
23:16:16      1.62      1.91
23:16:17      2.19      1.89
23:16:18      1.65      1.72
23:16:19      2.07      2.18
  Time           ens2       
HH:MM:SS   KB/s in  KB/s out
23:16:20      1.98      2.43
23:16:21      1.84      1.76
23:16:22      1.45      1.89
23:16:23      2.29      2.16
23:16:24      1.48      1.74
23:16:25      1.55      2.22
23:16:26      1.70      1.64
23:16:27      1.86      2.06
23:16:28      1.81      1.71
23:16:29      1.52      1.42
23:16:30      1.67      1.77
23:16:31      2.09      2.06
23:16:32      1.54      2.02
23:16:33      1.97      2.16
23:16:34      1.26      1.49
23:16:35      1.62      1.86
23:16:36      1.50      1.63
23:16:37      1.92      2.04
23:16:38      1.93      1.77
23:16:39      1.90      2.17
23:16:40      1.95      1.64
23:16:41      1.56      1.42
  Time           ens2       
HH:MM:SS   KB/s in  KB/s out
23:16:42      1.76      1.96
23:16:43      2.33      2.04
23:16:44      1.37      1.57
23:16:45      2.15      2.09
23:16:46      2.11      1.92
23:16:47      1.74      1.76
23:16:48      1.55      1.30
23:16:49      1.99      1.88
23:16:50      1.79      2.19
23:16:51      1.87      2.01
23:16:52      1.62      1.68
23:16:53      2.05      2.09
23:16:54      1.96      2.02
23:16:55      1.70      1.99
23:16:56      1.97      1.94
23:16:57      1.98      2.34
23:16:58      2.09      2.21
23:16:59      1.89      1.91
23:17:00      1.66      2.18
23:17:01      1.81      1.78
23:17:02      1.64      1.72
23:17:03      2.04      1.90
  Time           ens2       
HH:MM:SS   KB/s in  KB/s out
23:17:04      1.45      1.91
23:17:05      1.86      2.05
23:17:06      1.70      1.66
23:17:07      2.20      2.09
23:17:08      1.61      1.70
23:17:09      2.13      2.08
23:17:10      1.62      1.86
23:17:11      2.20      2.26
23:17:12      2.06      2.04
23:17:13      2.20      2.14
23:17:14      1.40      1.74
23:17:15      1.97      1.72
23:17:16      1.62      1.88
23:17:17      2.09      2.30
23:17:18      1.53      1.54
23:17:19      2.11      1.90
23:17:20      1.75      2.05
23:17:21      1.74      1.93
23:17:22      1.48      1.53
23:17:23      2.23      2.29
23:17:24      1.55      1.99
23:17:25      1.79      1.57
  Time           ens2       
HH:MM:SS   KB/s in  KB/s out
23:17:26      1.43      1.78
23:17:27      1.58      1.65
23:17:28      8.16      9.11
23:17:29      3.68      2.70
23:17:30      1.11      1.21
23:17:31      2.37      2.61
23:17:32      1.20      1.22
23:17:33      1.74      2.24
23:17:34      2.57      2.31
23:17:35      8.16      5.58
23:17:36      1.51      1.55
23:17:37      0.91      0.95
23:17:38      1.54      1.05
23:17:39      1.09      1.07
23:17:40      1.11      1.27
23:17:41      1.31      1.10
23:17:42      0.98      1.05
23:17:43      1.20      1.01
23:17:44      1.32      1.07
23:17:45      0.97      1.10
23:17:46      1.05      1.21
23:17:47      0.91      0.95
  Time           ens2       
HH:MM:SS   KB/s in  KB/s out
23:17:48      1.27      1.19
23:17:49      0.97      1.08
23:17:50      1.05      1.20
23:17:51      0.97      1.10
23:17:52      0.98      1.05
23:17:53      1.20      1.01
23:17:54      0.98      1.05
23:17:55      1.21      1.28
23:17:56      1.05      1.21
23:17:57      0.91      0.95
23:17:58      1.21      1.12
23:17:59      0.91      0.95
23:18:00      1.05      1.20
23:18:01      0.97      1.11
23:18:02      0.98      1.05
23:18:03      1.26      1.02
23:18:04      1.04      1.05
23:18:05      1.48      1.46
23:18:06      1.05      1.21
23:18:07      1.47      1.13
23:18:08      1.33      1.12
23:18:09      0.97      0.96
  Time           ens2       
HH:MM:SS   KB/s in  KB/s out
23:18:10      1.44      1.21
23:18:11      1.20      1.29
23:18:12      1.04      1.05
23:18:13      1.59      1.02
23:18:14      1.04      1.06
23:18:15      0.97      1.09
23:18:16      1.05      1.21
23:18:17      1.14      1.13
23:18:18      1.27      1.12
23:18:19      1.20      1.13
23:18:20      1.11      1.21
23:18:21      0.97      1.10
23:18:22      0.98      1.05
23:18:23      1.17      1.21
23:18:24      0.98      1.05
23:18:25      0.97      1.10
23:18:26      1.44      1.56
23:18:27      0.91      0.95
23:18:28      1.21      1.12
23:18:29      0.64      0.73
23:18:30      0.76      0.93
23:18:31      0.69      0.79
  Time           ens2       
HH:MM:SS   KB/s in  KB/s out
23:18:32      0.70      0.74
23:18:33      0.92      0.70
23:18:34      0.71      0.74
23:18:35      0.92      0.96
23:18:36      1.10      0.89
23:18:37      0.62      0.63
23:18:38      0.99      0.80
23:18:39      1.19      0.81
23:18:40      0.76      0.88
23:18:41      0.69      0.79
23:18:42      0.96      0.64
23:18:43      2.50      2.35
23:18:44      1.08      0.96
23:18:45      0.93      0.92
23:18:46      0.63      0.79
23:18:47      0.82      0.74
23:18:48      0.85      0.63
23:18:49      0.87      0.74
23:18:50      0.63      0.78
23:18:51      0.82      0.89
23:18:52      0.86      0.81
23:18:53      0.97      0.74
  Time           ens2       
HH:MM:SS   KB/s in  KB/s out
23:18:54      0.62      0.63
23:18:55      0.82      0.88
23:18:56      0.63      0.79
23:18:57      0.82      0.74
23:18:58      0.92      0.83
23:18:59      0.82      0.87
23:19:00      0.64      0.79
23:19:01      0.82      0.89
23:19:02      0.57      0.64
23:19:03      1.05      0.87
23:19:04      0.57      0.76
23:19:05      1.62      1.24
23:19:06      0.64      0.79
23:19:07      0.99      0.91
23:19:08      1.13      0.63
23:19:09      0.76      0.74
23:19:10      0.63      0.78
23:19:11      1.39      1.08
23:19:12      0.62      0.63
23:19:13      0.99      0.74
23:19:14      0.57      0.63
23:19:15      0.82      0.88
  Time           ens2       
HH:MM:SS   KB/s in  KB/s out
23:19:16      0.63      0.79
23:19:17      0.86      0.77
23:19:18      0.86      0.70
23:19:19      0.99      0.92
23:19:20      0.63      0.78
23:19:21      0.83      0.89
23:19:22      0.57      0.63
23:19:23      1.06      0.96
23:19:24      0.57      0.77
23:19:25      0.83      0.88
23:19:26      0.63      0.79
23:19:27      1.14      0.95
23:19:28      0.92      0.83
23:19:29      0.82      0.80
23:19:30      0.63      0.78
23:19:31      0.82      0.96
23:19:32      0.62      0.70
23:19:33      1.04      0.87
23:19:34      1.42      1.12
23:19:35      1.06      1.06
23:19:36      0.69      0.84
23:19:37      1.15      0.74
  Time           ens2       
HH:MM:SS   KB/s in  KB/s out
23:19:38      0.92      0.70
23:19:39      0.82      0.74
23:19:40      0.96      0.78
23:19:41      0.82      0.89
23:19:42      0.62      0.63
23:19:43      1.11      0.93
23:19:44      0.62      0.70
23:19:45      1.28      1.25
23:19:46      0.64      0.79
23:19:47      0.76      0.74
23:19:48      0.94      0.85
23:19:49      0.76      0.87
23:19:50      0.86      0.96
23:19:51      0.83      0.89
23:19:52      0.57      0.63
23:19:53      1.11      0.86
23:19:54      1.68      1.69
23:19:55      1.95      2.03
23:19:56      0.86      0.99
23:19:57      0.76      0.74
23:19:58      0.86      0.83
23:19:59      0.76      0.80
  Time           ens2       
HH:MM:SS   KB/s in  KB/s out
23:20:00      2.30      2.60
23:20:01      1.02      0.98
23:20:02      2.95      2.99
23:20:03      1.98      1.73
23:20:04      4.04      4.50
23:20:05      5.58      5.36
23:20:06      1.47      1.13
23:20:07      0.97      0.97
23:20:08      1.12      0.90
23:20:09      0.96      0.63
23:20:10      6.16      4.33
23:20:11      1.78      1.18
23:20:12      0.68      0.63
23:20:13      0.98      0.70
23:20:14      0.57      0.63
23:20:15      0.69      0.78
23:20:16      0.69      0.79
23:20:17      0.68      0.63
23:20:18      0.92      0.83
23:20:19      0.86      0.88
23:20:20      0.63      0.78
23:20:21      0.75      0.79
  Time           ens2       
HH:MM:SS   KB/s in  KB/s out
23:20:22      0.62      0.63
23:20:23      0.91      0.76
23:20:24      0.57      0.76
23:20:25      0.70      0.79
23:20:26      0.63      0.79
23:20:27      0.62      0.63
23:20:28      0.79      0.76
23:20:29      0.62      0.77
23:20:30      0.63      0.78
23:20:31      0.69      0.79
23:20:32      0.90      0.63
23:20:33      0.85      0.76
23:20:34      0.57      0.76
23:20:35      1.26      0.96
23:20:36      0.63      0.79
23:20:37      0.62      0.63
23:20:38      1.13      0.76
23:20:39      0.62      0.76
23:20:40      0.63      0.78
23:20:41      0.69      0.79
23:20:42      0.57      0.63
23:20:43      0.85      0.76
  Time           ens2       
HH:MM:SS   KB/s in  KB/s out
23:20:44      0.57      0.76
23:20:45      0.69      0.78
23:20:46      0.63      0.79
23:20:47      0.62      0.63
23:20:48      1.38      1.05
23:20:49      0.63      0.63
23:20:50      0.69      0.78
23:20:51      0.75      0.79
23:20:52      0.62      0.63
23:20:53      0.85      0.76
23:20:54      0.57      0.76
23:20:55      0.75      0.78
23:20:56      0.69      0.79
23:20:57      0.68      0.63
23:20:58      0.79      0.76
23:20:59      0.62      0.76
23:21:00      0.69      0.78
23:21:01      1.08      0.79
23:21:02      0.62      0.63
23:21:03      0.92      0.83
23:21:04      0.90      0.70
23:21:05      1.08      0.99
  Time           ens2       
HH:MM:SS   KB/s in  KB/s out
23:21:06      0.95      0.95
23:21:07      1.81      1.21
23:21:08      1.04      1.00
23:21:09      0.63      0.70
23:21:10      0.63      0.78
23:21:11      0.93      0.97
23:21:12      0.62      0.63
23:21:13      0.85      0.76
23:21:14      0.57      0.76
23:21:15      0.85      0.96
23:21:16      0.63      0.79
23:21:17      0.62      0.63
23:21:18      1.08      0.87
23:21:19      0.87      0.81
23:21:20      0.86      0.96
23:21:21      0.69      0.79
23:21:22      0.57      0.63
23:21:23      0.85      0.63
23:21:24      0.67      0.67
23:21:25      0.62      0.78
23:21:26      0.86      0.96
23:21:27      0.63      0.63
  Time           ens2       
HH:MM:SS   KB/s in  KB/s out
23:21:28      0.79      0.63
23:21:29      0.62      0.63
23:21:30      1.02      0.78
23:21:31      0.75      0.79
23:21:32      0.96      0.63
23:21:33      1.22      1.16
23:21:34      0.85      1.01
23:21:35      1.26      1.27
23:21:36      1.31      1.10
23:21:37      0.97      0.95
23:21:38      1.08      0.96
23:21:39      1.30      1.30
23:21:40      0.91      1.09
23:21:41      1.26      1.28
23:21:42      0.91      0.95
23:21:43      1.36      1.25
23:21:44      0.85      1.08
23:21:45      0.97      1.09
23:21:46      0.91      1.10
23:21:47      0.97      0.95
23:21:48      1.14      1.08
23:21:49      0.91      1.08
  Time           ens2       
HH:MM:SS   KB/s in  KB/s out
23:21:50      0.85      1.09
23:21:51      0.97      1.10
23:21:52      0.85      0.95
23:21:53      1.14      1.08
23:21:54      0.85      1.08
23:21:55      0.91      1.09
23:21:56      0.91      1.10
23:21:57      0.99      1.04
23:21:58      1.08      0.95
23:21:59      1.33      1.04
23:22:00      0.85      1.09
23:22:01      0.97      1.11
23:22:02      1.23      1.07
23:22:03      1.14      1.08
23:22:04      0.85      1.08
23:22:05      1.70      1.47
23:22:06      0.91      1.10
23:22:07      1.13      1.13
23:22:08      1.14      1.14
23:22:09      0.91      1.08
23:22:10      0.91      1.09
23:22:11      1.07      1.13
  Time           ens2       
HH:MM:SS   KB/s in  KB/s out
23:22:12      0.91      0.95
23:22:13      1.20      1.01
23:22:14      0.91      0.95
23:22:15      1.03      1.09
23:22:16      0.97      1.10
23:22:17      0.91      0.95
23:22:18      1.14      1.08
23:22:19      1.20      1.25
23:22:21      0.97      1.09
23:22:22      1.03      1.10
23:22:23      0.85      0.95
23:22:24      1.26      1.11
23:22:25      0.91      0.95
23:22:26      1.03      1.10
23:22:27      0.97      1.10
23:22:28      0.91      0.95
23:22:29      1.41      0.95
23:22:30      0.97      0.95
23:22:31      0.97      1.09
23:22:32      1.36      1.10
23:22:33      0.91      1.10
23:22:34      1.14      1.08
  Time           ens2       
HH:MM:SS   KB/s in  KB/s out
23:22:35      1.18      1.08
23:22:36      1.21      1.27
23:22:37      0.91      1.10
23:22:38      0.91      0.95
23:22:39      1.14      1.01
23:22:40      0.91      0.95
23:22:41      0.91      1.09
23:22:42      0.97      1.11
23:22:43      0.85      0.95
23:22:44      1.20      1.01
23:22:45      0.85      0.95
23:22:46      0.97      1.09
23:22:47      0.91      1.10
23:22:48      0.91      0.95
23:22:49      1.20      1.01
23:22:50      0.91      0.95
23:22:51      0.98      1.19
23:22:52      0.97      1.10
23:22:53      0.85      0.95
23:22:54      1.14      0.95
23:22:55      0.91      0.95
23:22:56      1.03      1.09
  Time           ens2       
HH:MM:SS   KB/s in  KB/s out
23:22:57      0.97      1.10
23:22:58      1.47      1.13
23:22:59      1.08      1.08
23:23:00      0.97      1.08
23:23:01      1.31      1.09
23:23:02      1.03      1.10
23:23:03      0.85      0.95
23:23:04      1.50      1.08
23:23:05      0.91      1.08
23:23:06      1.42      1.45
23:23:07      2.72      1.51
23:23:08      1.20      1.13
23:23:09      1.14      1.01
23:23:10      1.12      1.11
23:23:11      0.75      0.93
23:23:12      1.26      1.28
23:23:13      0.91      0.95
23:23:14      1.20      1.01
23:23:15      0.91      1.09
23:23:16      0.91      0.95
23:23:17      0.91      1.10
23:23:18      0.91      0.95
  Time           ens2       
HH:MM:SS   KB/s in  KB/s out
23:23:19      1.14      1.15
23:23:20      1.21      1.41
23:23:21      0.85      0.95
23:23:22      0.97      1.10
23:23:23      1.00      1.11
23:23:24      1.05      0.99
23:23:25      0.91      1.16
23:23:26      1.24      0.95
23:23:27      0.91      1.10
23:23:28      0.91      0.95
23:23:29      1.48      1.01
23:23:30      0.97      1.09
23:23:31      0.85      0.95
23:23:32      1.31      1.10
23:23:33      0.85      0.95
23:23:34      1.20      1.01
23:23:35      0.91      1.09
23:23:36      1.13      1.13
23:23:37      0.91      1.10
23:23:38      0.91      0.95
23:23:39      1.14      1.08
23:23:40      1.03      1.22
  Time           ens2       
HH:MM:SS   KB/s in  KB/s out
23:23:41      0.91      0.95
23:23:42      0.97      1.10
23:23:43      0.85      0.95
23:23:44      1.26      1.14
23:23:45      0.97      1.22
23:23:46      0.97      0.96
23:23:47      1.07      1.26
23:23:48      0.91      0.79
23:23:49      1.32      1.18
23:23:50      0.97      1.09
23:23:51      0.75      0.79
23:23:52      0.97      1.10
23:23:53      0.85      0.95
23:23:54      1.19      1.08
23:23:55      1.54      1.40
23:23:56      2.88      1.35
23:23:57      1.07      1.10
23:23:58      1.31      1.11
23:23:59      1.14      1.01
23:24:00      0.97      1.09
23:24:01      0.96      0.79
23:24:02      0.97      1.10
  Time           ens2       
HH:MM:SS   KB/s in  KB/s out
23:24:03      0.85      0.95
23:24:04      1.20      1.01
23:24:05      0.91      1.09
23:24:06      1.37      1.30
23:24:07      1.22      1.35
23:24:08      1.14      1.13
23:24:09      1.08      1.21
23:24:10      1.04      1.09
23:24:11      0.95      0.98
23:24:12      1.03      1.16
23:24:13      0.75      0.85
23:24:14      1.42      1.17
23:24:15      0.94      1.18
23:24:16      0.97      0.95
23:24:17      0.91      1.10
23:24:18      0.69      0.79
23:24:19      1.35      1.30
23:24:20      1.49      1.51
23:24:21      0.91      0.95
23:24:22      0.97      1.10
23:24:23      0.63      0.79
23:24:24      1.81      1.37
  Time           ens2       
HH:MM:SS   KB/s in  KB/s out
23:24:25      0.75      0.93
23:24:26      1.18      1.11
23:24:27      3.86      4.65
23:24:28      2.80      2.08
23:24:29      1.62      1.70
23:24:30      1.36      1.17
23:24:31      1.37      1.30
23:24:32      0.97      1.10
23:24:33      0.63      0.80
23:24:34      1.56      1.26
23:24:35     17.02    553.14
23:24:36     16.13    488.23
23:24:37      0.91      1.11
23:24:38      1.13      1.13
23:24:39      1.20      1.26
23:24:40      1.19      1.26
23:24:41      0.85      0.95
