  Time           ens2       
HH:MM:SS   KB/s in  KB/s out
22:25:33      4.91      5.49
22:25:34      4.46      3.67
22:25:35      0.82      0.85
22:25:36      0.62      0.64
22:25:37      0.82      0.89
22:25:38      0.74      0.66
22:25:39      7.04      4.31
22:25:40      0.89      1.01
22:25:41      0.63      0.48
22:25:42      0.49      0.57
22:25:43      0.35      0.32
22:25:44      0.77      0.54
22:25:45      0.40      0.38
22:25:46      0.78      0.87
22:25:47      0.71      0.81
22:25:48      0.64      0.74
22:25:49      1.37      1.13
22:25:50      0.70      0.87
22:25:51      0.69      0.84
22:25:52      1.00      1.08
22:25:53      0.62      0.64
22:25:54      1.87      1.69
  Time           ens2       
HH:MM:SS   KB/s in  KB/s out
22:25:55      5.53      6.34
22:25:56      1.66      1.77
22:25:57      1.57      1.48
22:25:58      1.98      1.96
22:25:59      5.21      5.71
22:26:00      1.34      1.44
22:26:01      1.56      1.60
22:26:02      1.45      1.83
22:26:03      1.55      1.80
22:26:04      1.56      1.71
22:26:05      1.87      2.33
22:26:06      1.79      1.97
22:26:07      1.73      1.95
22:26:08      1.58      1.93
22:26:09      1.89      2.02
22:26:10      2.15      2.51
22:26:11      1.25      1.32
22:26:12      1.60      1.95
22:26:13      1.86      2.00
22:26:14      1.46      1.69
22:26:15      1.94      2.38
22:26:16      1.89      2.10
  Time           ens2       
HH:MM:SS   KB/s in  KB/s out
22:26:17      1.53      1.29
22:26:18      2.09      2.03
22:26:19      1.93      1.95
22:26:20      1.52      1.80
22:26:21      1.99      1.88
22:26:22      1.54      1.86
22:26:23      1.88      1.89
22:26:24      2.08      1.89
22:26:25      1.89      2.11
22:26:26      1.94      2.06
22:26:27      1.98      1.56
22:26:28      1.75      2.07
22:26:29      1.56      1.57
22:26:30      1.38      1.44
22:26:31      1.71      1.77
22:26:32      1.63      1.94
22:26:33      1.29      1.36
22:26:34      1.74      1.97
22:26:35      1.98      2.31
22:26:36      1.46      1.82
22:26:37      1.76      1.84
22:26:38      1.59      2.11
  Time           ens2       
HH:MM:SS   KB/s in  KB/s out
22:26:39      1.24      1.16
22:26:40      1.91      2.58
22:26:41      1.82      2.17
22:26:42      1.36      1.67
22:26:43      1.57      1.91
22:26:44      1.58      1.55
22:26:45      1.58      1.70
22:26:46      1.85      1.86
22:26:47      1.48      1.66
22:26:48      1.66      2.17
22:26:49      2.05      2.17
22:26:50      1.46      2.06
22:26:51      1.77      1.91
22:26:52      1.54      2.02
22:26:53      2.22      2.02
22:26:54      2.13      2.00
22:26:55      1.66      2.01
22:26:56      1.83      1.87
22:26:57      2.01      2.29
22:26:58      1.17      1.33
22:26:59      2.31      2.11
22:27:00      1.72      1.97
  Time           ens2       
HH:MM:SS   KB/s in  KB/s out
22:27:01      1.66      1.81
22:27:02      1.62      1.84
22:27:03      2.27      2.57
22:27:04      2.14      1.96
22:27:05      1.97      2.16
22:27:06      1.72      1.94
22:27:07      2.46      2.88
22:27:08      1.32      1.49
22:27:09      2.39      2.45
22:27:10      2.18      2.50
22:27:11      2.30      2.67
22:27:12      1.58      1.75
22:27:13      2.04      2.20
22:27:14      2.18      2.30
22:27:15      2.02      2.38
22:27:16      1.55      1.54
22:27:17      1.83      2.31
22:27:18      2.16      2.62
22:27:19      2.67      2.97
22:27:20      1.69      2.03
22:27:21      1.90      2.10
22:27:22      2.03      1.93
  Time           ens2       
HH:MM:SS   KB/s in  KB/s out
22:27:23      1.90      2.07
22:27:24      1.76      1.88
22:27:25      2.54      2.59
22:27:26      1.75      2.13
22:27:27      1.51      1.72
22:27:28      2.30      2.51
22:27:29      4.88      5.91
22:27:30      2.06      2.78
22:27:31      2.56      2.55
22:27:32      1.23      1.60
22:27:33      2.09      2.30
22:27:34      4.17      4.55
22:27:35      2.13      2.39
22:27:36      1.44      1.93
22:27:37      2.67      2.71
22:27:38      1.76      2.01
22:27:39      2.66      2.88
22:27:40      2.25      2.49
22:27:41      1.93      2.00
22:27:42      1.52      1.76
22:27:43      2.06      2.28
22:27:44      2.35      2.52
  Time           ens2       
HH:MM:SS   KB/s in  KB/s out
22:27:45      1.81      2.14
22:27:46      1.92      2.14
22:27:47      2.12      2.30
22:27:48      1.46      1.69
22:27:49      2.11      1.91
22:27:50      1.88      2.38
22:27:51      2.15      1.99
22:27:52      1.94      2.22
22:27:53      1.81      2.00
22:27:54      2.44      2.49
22:27:55      1.40      1.43
22:27:56      1.93      2.23
22:27:57      2.36      2.38
22:27:58      1.77      1.95
22:27:59      1.35      1.60
22:28:00      2.30      2.87
22:28:01      1.78      2.08
22:28:02      1.37      1.71
22:28:03      1.50      1.57
22:28:04      2.05      1.87
22:28:05      1.40      1.60
22:28:06      2.18      2.42
  Time           ens2       
HH:MM:SS   KB/s in  KB/s out
22:28:07      1.63      1.84
22:28:08      1.94      2.48
22:28:09      2.04      1.88
22:28:10      2.04      2.58
22:28:11      1.76      1.95
22:28:12      2.00      2.47
22:28:13      1.92      1.81
22:28:14      1.82      2.16
22:28:15      1.95      2.24
22:28:16      2.05      2.46
22:28:17      2.12      2.39
22:28:18      2.03      2.17
22:28:19      1.98      1.98
22:28:20      1.86      1.92
22:28:21      1.92      2.06
22:28:22      1.69      2.02
22:28:23      1.71      1.54
22:28:24      2.21      2.23
22:28:25      1.52      1.83
22:28:26      2.19      2.11
22:28:27      1.79      2.01
22:28:28      1.51      1.84
  Time           ens2       
HH:MM:SS   KB/s in  KB/s out
22:28:29      2.06      2.10
22:28:30      1.60      1.76
22:28:31      1.64      2.09
22:28:32      2.82      2.76
22:28:33      1.69      1.80
22:28:34      1.65      1.96
22:28:35      2.00      2.31
22:28:36      2.01      2.08
22:28:37      1.45      1.64
22:28:38      2.06      2.42
22:28:39      2.22      2.54
22:28:40      1.91      2.14
22:28:41      1.99      2.05
22:28:42      1.52      1.74
22:28:43      1.41      1.56
22:28:44      1.68      1.66
22:28:45      1.43      1.71
22:28:46      2.81      3.22
22:28:47      6.40      5.19
22:28:48      3.08      2.70
22:28:49      2.25      2.07
22:28:50      1.61      1.93
  Time           ens2       
HH:MM:SS   KB/s in  KB/s out
22:28:51      2.05      2.46
22:28:52      1.85      1.66
22:28:53      1.91      2.26
22:28:54      2.49      2.88
22:28:55      2.31      2.22
22:28:56      1.49      1.63
22:28:57      1.85      2.20
22:28:58      1.76      2.34
22:28:59      2.18      2.34
22:29:00      2.13      2.22
22:29:01      2.05      2.00
22:29:02      1.97      2.06
22:29:03      1.68      1.84
22:29:04      2.51      2.57
22:29:05      1.68      1.77
22:29:06      1.90      2.07
22:29:07      1.62      1.82
22:29:08      1.92      2.19
22:29:09      1.92      1.62
22:29:10      2.06      2.44
22:29:11      1.80      1.76
22:29:12      1.93      2.44
  Time           ens2       
HH:MM:SS   KB/s in  KB/s out
22:29:13      1.57      1.69
22:29:14      2.02      2.13
22:29:15      1.56      2.18
22:29:16      1.90      2.16
22:29:17      1.51      1.75
22:29:18      2.65      2.48
22:29:19      2.33      2.33
22:29:20      1.38      1.64
22:29:21      2.46      2.16
22:29:22      1.40      1.92
22:29:23      1.84      1.84
22:29:24      1.85      1.81
22:29:25      1.83      2.00
22:29:26      2.06      2.19
22:29:27      1.95      2.14
22:29:28      1.40      1.72
22:29:29      2.04      2.00
22:29:30      1.78      2.02
22:29:31      1.86      2.26
22:29:32      1.74      1.98
22:29:33      1.53      1.73
22:29:34      1.86      2.09
  Time           ens2       
HH:MM:SS   KB/s in  KB/s out
22:29:35      1.99      2.35
22:29:36      2.12      2.08
22:29:37      1.56      2.09
22:29:38      1.23      1.25
22:29:39      2.58      2.68
22:29:40      1.75      2.00
22:29:41      1.86      2.00
22:29:42      1.90      2.17
22:29:43      1.71      2.09
22:29:44      1.75      1.84
22:29:45      1.85      2.21
22:29:46      1.97      1.86
22:29:47      2.15      2.03
22:29:48      1.74      1.99
22:29:49      1.56      1.70
22:29:50      2.03      1.91
22:29:51      2.35      2.64
22:29:52      1.77      1.70
22:29:53      1.85      1.91
22:29:54      1.85      1.81
22:29:55      1.76      2.03
22:29:56      1.68      1.85
  Time           ens2       
HH:MM:SS   KB/s in  KB/s out
22:29:57      2.01      2.13
22:29:58      1.59      1.85
22:29:59      2.42      2.19
22:30:00      1.59      1.97
22:30:01      1.79      2.09
22:30:02      1.66      1.63
22:30:03      1.46      1.68
22:30:04      2.21      2.13
22:30:05      1.70      1.92
22:30:06      2.44      2.71
22:30:07      1.29      1.47
22:30:08      2.06      2.39
22:30:09      1.85      1.91
22:30:10      2.45      2.84
22:30:11      1.53      1.68
22:30:12      2.40      2.70
22:30:14      1.94      1.99
22:30:15      1.46      1.38
22:30:16      1.90      2.09
22:30:17      2.34      2.30
22:30:18      1.88      2.16
22:30:19      1.88      2.39
  Time           ens2       
HH:MM:SS   KB/s in  KB/s out
22:30:20      2.02      1.36
22:30:21      1.76      2.26
22:30:22      1.99      2.17
22:30:23      1.95      2.05
22:30:24      1.91      1.94
22:30:25      1.92      1.76
22:30:26      2.37      2.63
22:30:27      1.23      1.46
22:30:28      2.14      2.32
22:30:29      1.71      1.84
22:30:30      2.17      2.14
22:30:31      1.51      1.64
22:30:32      2.17      2.45
22:30:33      1.64      1.97
22:30:34      1.85      1.84
22:30:35      1.50      1.84
22:30:36      1.96      2.30
22:30:37      1.81      2.57
22:30:38      2.06      2.16
22:30:39      1.89      2.06
22:30:40      1.75      1.70
22:30:41      2.50      2.93
  Time           ens2       
HH:MM:SS   KB/s in  KB/s out
22:30:42      1.60      1.78
22:30:43      1.61      1.95
22:30:44      1.60      1.77
22:30:45      2.33      2.03
22:30:46      2.06      2.59
22:30:47      1.91      2.09
22:30:48      1.60      1.84
22:30:49      2.55      2.33
22:30:50      1.58      1.67
22:30:51      2.44      2.69
22:30:52      2.44      2.05
22:30:53      1.66      1.99
22:30:54      1.96      2.01
22:30:55      1.84      1.71
22:30:56      1.96      2.06
22:30:57      1.88      2.18
22:30:58      1.59      1.78
22:30:59      1.70      2.05
22:31:00      2.30      2.09
22:31:01      1.70      1.81
22:31:02      2.11      2.23
22:31:03      1.60      1.89
  Time           ens2       
HH:MM:SS   KB/s in  KB/s out
22:31:04      1.83      1.93
22:31:05      2.40      2.64
22:31:06      2.22      2.48
22:31:07      1.99      2.05
22:31:08      1.87      1.97
22:31:09      1.94      2.00
22:31:10      1.99      2.25
22:31:11      1.83      2.26
22:31:12      1.99      2.07
22:31:13      2.21      2.14
22:31:14      1.97      1.57
22:31:15      2.01      1.88
22:31:16      2.11      2.23
22:31:17      2.54      2.40
22:31:18      1.79      2.19
22:31:19      1.58      1.88
22:31:20      2.41      2.17
22:31:21      1.89      2.25
22:31:22      1.91      2.04
22:31:23      1.47      1.74
22:31:24      1.53      1.84
22:31:25      1.82      2.15
  Time           ens2       
HH:MM:SS   KB/s in  KB/s out
22:31:26      1.62      1.67
22:31:27      2.06      2.46
22:31:28      1.87      2.15
22:31:29      2.27      2.63
22:31:30      2.40      2.70
22:31:31      1.74      2.22
22:31:32      1.77      1.96
22:31:33      1.78      2.13
22:31:34      1.87      2.16
22:31:35      1.63      1.71
22:31:36      1.69      2.17
22:31:37      1.71      2.12
22:31:38      2.03      2.09
22:31:39      1.55      1.64
22:31:40      2.04      2.07
22:31:41      1.70      2.20
22:31:42      1.66      2.00
22:31:43      1.95      2.06
22:31:44      1.82      1.99
22:31:45      1.71      1.86
22:31:46      2.33      2.13
22:31:47      1.93      2.00
  Time           ens2       
HH:MM:SS   KB/s in  KB/s out
22:31:48      1.73      2.06
22:31:49      2.26      2.00
22:31:50      2.07      2.07
22:31:51      1.85      2.18
22:31:52      1.67      2.21
22:31:53      1.74      1.83
22:31:54      1.77      2.06
22:31:55      2.20      2.42
22:31:56      1.97      1.95
22:31:57      1.71      2.07
22:31:58      1.83      2.21
22:31:59      1.86      2.21
22:32:00      1.98      1.96
22:32:01      1.81      2.15
22:32:02      1.91      2.19
22:32:03      1.57      1.86
22:32:04      1.68      1.71
22:32:05      1.93      2.04
22:32:06      1.68      2.07
22:32:07      2.30      2.68
22:32:08      1.91      2.05
22:32:09      1.75      1.74
  Time           ens2       
HH:MM:SS   KB/s in  KB/s out
22:32:10      2.18      2.43
22:32:11      2.15      2.51
22:32:12      2.16      2.05
22:32:13      1.66      1.80
22:32:14      1.54      1.89
22:32:15      2.09      2.21
22:32:16      1.96      2.26
22:32:17      1.97      2.15
22:32:18      2.03      2.09
22:32:19      2.14      2.35
22:32:20      1.69      1.80
22:32:21      1.68      1.80
22:32:22      1.82      2.25
22:32:23      1.69      2.00
22:32:24      2.04      2.26
22:32:25      1.73      1.95
22:32:26      1.98      1.95
22:32:27      1.74      2.14
22:32:28      1.84      2.06
22:32:29      1.51      1.66
22:32:30      2.23      2.41
22:32:31      1.90      2.34
  Time           ens2       
HH:MM:SS   KB/s in  KB/s out
22:32:32      2.02      2.38
22:32:33      1.75      2.00
22:32:34      1.73      2.06
22:32:35      2.18      2.51
22:32:36      1.56      1.87
22:32:37      2.17      2.23
22:32:38      1.85      1.98
22:32:39      2.03      2.15
22:32:40      1.70      1.67
22:32:41      2.73      2.87
22:32:42      1.37      1.51
22:32:43      2.04      2.41
22:32:44      1.77      1.73
22:32:45      1.90      1.69
22:32:46      2.28      2.59
22:32:47      2.47      2.37
22:32:48      1.38      1.55
22:32:49      1.78      1.92
22:32:50      1.66      1.63
22:32:51      2.53      2.95
22:32:52      1.60      1.92
22:32:53      1.74      2.18
  Time           ens2       
HH:MM:SS   KB/s in  KB/s out
22:32:54      1.91      2.06
22:32:55      2.21      2.23
22:32:56      1.54      1.83
22:32:57      1.89      2.41
22:32:58      1.97      2.22
22:32:59      1.61      1.78
22:33:00      2.21      2.52
22:33:01      2.06      2.38
22:33:02      1.85      1.98
22:33:03      1.84      2.25
22:33:04      1.38      1.56
22:33:05      2.50      2.26
22:33:06      1.54      1.95
22:33:07      2.05      2.07
22:33:08      1.74      1.86
22:33:09      1.86      2.16
22:33:10      2.44      2.34
22:33:11      2.04      2.61
22:33:12      2.02      1.94
22:33:13      2.00      1.85
22:33:14      1.33      1.54
22:33:15      2.43      2.49
  Time           ens2       
HH:MM:SS   KB/s in  KB/s out
22:33:16      2.01      2.03
22:33:17      1.61      1.85
22:33:18      1.61      1.67
22:33:19      6.51      7.85
22:33:20      3.98      3.60
22:33:21      1.59      2.08
22:33:22      1.77      1.89
22:33:23      1.40      1.67
22:33:24      1.80      2.12
22:33:25      1.97      2.00
22:33:26      1.77      2.02
22:33:27      1.73      2.25
22:33:28      1.99      2.00
22:33:29      1.75      2.20
22:33:30      2.05      2.13
22:33:31      2.14      2.51
22:33:32      1.92      2.11
22:33:33      1.64      2.19
22:33:34      1.82      1.84
22:33:35      2.15      2.08
22:33:36      1.68      2.17
22:33:37      2.28      2.53
  Time           ens2       
HH:MM:SS   KB/s in  KB/s out
22:33:38      1.68      1.82
22:33:39      2.18      2.01
22:33:40      1.97      1.92
22:33:41      2.63      2.86
22:33:42      1.89      1.91
22:33:43      1.89      2.06
22:33:44      1.91      2.23
22:33:45      2.62      2.69
22:33:46      1.54      1.67
22:33:47      2.03      2.42
22:33:48      2.09      2.58
22:33:49      2.21      2.21
22:33:50      1.83      1.90
22:33:51      1.64      2.01
22:33:52      1.81      2.64
22:33:53      2.18      2.37
22:33:54      1.70      1.80
22:33:55      2.03      2.13
22:33:56      1.90      2.19
22:33:57      2.08      2.30
22:33:58      1.86      2.15
22:33:59      1.76      2.12
  Time           ens2       
HH:MM:SS   KB/s in  KB/s out
22:34:00      2.85      2.63
22:34:01      1.84      1.97
22:34:02      1.64      1.72
22:34:03      1.56      1.71
22:34:04      1.75      1.85
22:34:05      2.41      2.50
22:34:06      1.94      2.14
22:34:07      2.76      3.05
22:34:08      2.25      2.21
22:34:09      1.44      1.75
22:34:10      2.49      2.58
22:34:11      2.23      2.14
22:34:12      2.29      2.64
22:34:13      1.27      1.55
22:34:14      2.59      2.30
22:34:15      1.96      2.13
22:34:16      2.15      2.54
22:34:17      1.78      2.10
22:34:18      2.36      2.60
22:34:19      1.57      1.78
22:34:20      2.38      2.61
22:34:21      1.62      2.05
  Time           ens2       
HH:MM:SS   KB/s in  KB/s out
22:34:22      2.20      2.39
22:34:23      1.59      1.87
22:34:24      1.81      1.97
22:34:25      1.96      1.88
22:34:26      2.44      2.70
22:34:27      3.25      2.44
22:34:28      1.76      1.84
22:34:29      1.80      2.33
22:34:30      1.90      1.99
22:34:31      1.77      2.24
22:34:32      2.45      2.56
22:34:33      2.02      2.25
22:34:34      1.61      1.85
22:34:35      2.08      2.30
22:34:36      1.71      1.99
22:34:37      2.43      2.34
22:34:38      1.95      2.18
22:34:39      1.61      1.96
22:34:40      2.22      1.93
22:34:41      2.15      2.40
22:34:42      1.87      2.00
22:34:43      2.56      2.45
  Time           ens2       
HH:MM:SS   KB/s in  KB/s out
22:34:44      1.71      1.82
22:34:45      1.70      1.79
22:34:46      1.80      1.93
22:34:47      1.83      2.14
22:34:48      1.98      2.04
22:34:49      1.73      2.06
22:34:50      2.21      2.24
22:34:51      1.79      2.20
22:34:52      1.97      2.34
22:34:53      1.92      2.25
22:34:54      1.57      1.84
22:34:55      2.03      2.14
22:34:56      1.78      2.33
22:34:57      1.70      2.11
22:34:58      1.64      2.03
22:34:59      2.33      2.30
22:35:00      2.09      2.16
22:35:01      1.71      2.05
22:35:02      1.95      2.34
22:35:03      1.41      1.76
22:35:04      2.08      2.26
22:35:05      2.12      2.42
  Time           ens2       
HH:MM:SS   KB/s in  KB/s out
22:35:06      2.40      2.39
22:35:07      2.10      2.50
22:35:08      2.26      2.28
22:35:09      2.55      2.05
22:35:10      1.82      2.05
22:35:11      1.97      2.38
22:35:12      2.26      2.31
22:35:13      1.74      1.82
22:35:14      1.61      1.86
22:35:15      2.74      2.75
22:35:16      1.82      2.22
22:35:17      1.99      2.17
22:35:18      1.84      1.81
22:35:19      2.41      2.68
22:35:20      2.27      2.13
22:35:21      1.52      1.81
22:35:22      1.85      2.28
22:35:23      2.18      2.66
22:35:24      1.90      1.71
22:35:25      2.16      2.66
22:35:26      1.67      2.04
22:35:27      1.59      2.00
  Time           ens2       
HH:MM:SS   KB/s in  KB/s out
22:35:28      1.58      1.68
22:35:29      2.53      2.69
22:35:30      1.88      2.30
22:35:31      1.91      2.16
22:35:32      7.94      4.92
22:35:33     13.69      7.17
22:35:34      2.02      2.05
22:35:35      2.53      2.17
22:35:36      2.09      2.56
22:35:37      2.30      2.51
22:35:38      1.86      2.09
22:35:39      1.84      2.15
22:35:40      1.81      1.92
22:35:41      2.23      2.32
22:35:42      1.59      2.05
22:35:43      1.74      2.00
22:35:44      2.45      2.47
22:35:45      1.73      1.80
22:35:46      2.15      2.55
22:35:47      2.03      2.31
22:35:48      1.93      2.26
22:35:49      1.80      2.16
  Time           ens2       
HH:MM:SS   KB/s in  KB/s out
22:35:50      2.27      2.44
22:35:51      1.88      2.16
22:35:52      1.74      2.22
22:35:53      1.55      1.79
22:35:54      2.18      2.28
22:35:55      1.61      1.92
22:35:56      2.19      2.58
22:35:57      1.92      2.34
22:35:58      2.15      2.15
22:35:59      2.17      2.13
22:36:00      2.18      2.39
22:36:01      2.03      2.33
22:36:02      2.14      2.53
22:36:03      2.30      2.56
22:36:04      2.24      1.69
22:36:05      1.86      2.30
22:36:06      1.67      1.88
22:36:07      2.24      2.37
22:36:08      1.68      2.11
22:36:09      2.07      2.09
22:36:10      1.82      1.79
22:36:11      2.67      2.60
  Time           ens2       
HH:MM:SS   KB/s in  KB/s out
22:36:12      1.73      2.05
22:36:13      2.57      2.97
22:36:14      1.52      1.63
22:36:15      2.08      2.20
22:36:16      1.35      1.66
22:36:17      2.02      2.47
22:36:18      2.32      2.64
22:36:19      1.93      2.20
22:36:20      1.88      2.13
22:36:21      1.68      1.94
22:36:22      1.82      1.99
22:36:23      1.78      1.97
22:36:24      1.96      1.93
22:36:25      1.71      2.03
22:36:26      1.36      1.61
22:36:27      1.78      2.04
22:36:28      1.57      1.85
22:36:29      2.25      2.30
22:36:30      2.09      2.34
22:36:31      2.12      2.72
22:36:32      2.32      2.39
22:36:33      1.67      1.52
  Time           ens2       
HH:MM:SS   KB/s in  KB/s out
22:36:34      2.14      2.32
22:36:35      1.48      1.98
22:36:36      2.15      2.14
22:36:37      1.90      2.12
22:36:38      1.92      2.12
22:36:39      2.12      1.96
22:36:40      1.87      1.97
22:36:41      1.63      2.14
22:36:42      1.86      2.15
22:36:43      1.70      1.90
22:36:44      2.42      2.07
22:36:45      1.48      1.73
22:36:46      1.87      2.15
22:36:47      1.68      1.95
22:36:48      1.54      1.62
22:36:49      2.27      2.26
22:36:50      1.57      1.83
22:36:51     23.39      8.81
22:36:52      2.09      2.31
22:36:53      1.77      2.14
22:36:54      2.31      2.04
22:36:55      2.00      2.12
  Time           ens2       
HH:MM:SS   KB/s in  KB/s out
22:36:56      2.49      2.48
22:36:57      2.03      2.42
22:36:58      1.58      1.66
22:36:59      2.15      2.26
22:37:00      2.09      2.27
22:37:01      1.74      2.22
22:37:02      2.04      1.78
22:37:03      1.47      1.71
22:37:04      2.26      2.28
22:37:05      2.42      2.42
22:37:06      1.44      1.78
22:37:07      1.87      2.30
22:37:08      1.78      1.66
22:37:09      2.03      2.32
22:37:10      1.39      1.85
22:37:11      2.10      2.62
22:37:12      1.98      2.34
22:37:13      1.66      1.95
22:37:14      1.91      1.92
22:37:15      1.76      2.07
22:37:16      1.75      2.01
22:37:17      1.78      2.24
  Time           ens2       
HH:MM:SS   KB/s in  KB/s out
22:37:18      2.13      2.06
22:37:19      1.79      1.91
22:37:20      1.74      2.00
22:37:21      1.64      2.11
22:37:22      1.75      1.94
22:37:23      1.91      2.29
22:37:24      2.08      2.19
22:37:25      1.45      1.72
22:37:26      1.66      1.74
22:37:27      1.55      1.90
22:37:28      1.80      1.99
22:37:29      1.91      2.07
22:37:30      1.97      2.00
22:37:31      2.52      2.56
22:37:32      1.31      1.71
22:37:33      1.61      1.83
22:37:34      2.88      2.85
22:37:35      1.80      1.92
22:37:36      2.32      2.69
22:37:37      2.21      2.42
22:37:38      1.84      1.80
22:37:39      1.99      2.17
  Time           ens2       
HH:MM:SS   KB/s in  KB/s out
22:37:40      1.40      1.54
22:37:41      1.94      2.38
22:37:42      1.83      1.85
22:37:43      2.04      2.33
22:37:44      2.08      2.33
22:37:45      1.44      1.59
22:37:46      1.78      2.04
22:37:47      1.89      1.93
22:37:48      1.91      2.25
22:37:49      2.12      2.24
22:37:50      1.70      2.03
22:37:51      2.32      2.58
22:37:52      1.74      1.85
22:37:53      2.14      2.64
22:37:54      2.11      2.26
22:37:55      1.62      1.85
22:37:56      1.67      1.86
22:37:57      2.41      2.39
22:37:58      1.40      1.88
22:37:59      2.08      2.09
22:38:00      3.10      3.57
22:38:01      1.83      2.22
  Time           ens2       
HH:MM:SS   KB/s in  KB/s out
22:38:02      1.73      2.05
22:38:03      1.72      1.69
22:38:04      1.36      1.29
22:38:05      1.47      1.85
22:38:06      1.89      1.61
22:38:07      1.79      1.99
22:38:08      1.66      1.72
22:38:09      1.61      1.59
22:38:10      1.67      1.91
22:38:11      1.48      1.75
22:38:12      1.73      2.04
22:38:13      1.39      1.43
22:38:14      1.51      1.62
22:38:15      1.44      1.66
22:38:16      1.73      1.67
22:38:17      1.66      1.85
22:38:18      1.17      1.51
22:38:19      1.77      1.79
22:38:20      1.44      1.73
22:38:21      1.96      1.99
22:38:22      1.69      2.05
22:38:23      1.50      1.66
  Time           ens2       
HH:MM:SS   KB/s in  KB/s out
22:38:24      1.36      1.32
22:38:25      1.20      1.33
22:38:26      1.67      2.10
22:38:27      1.39      1.60
22:38:28      1.60      1.96
22:38:29      2.07      1.47
22:38:30      1.80      2.09
22:38:31      1.44      1.56
22:38:32      1.96      1.88
22:38:33      1.57      1.57
22:38:34      1.71      1.78
22:38:35      1.63      1.67
22:38:36      1.48      1.61
22:38:37      1.37      1.60
22:38:38      1.54      1.95
22:38:39      1.73      1.72
22:38:40      1.37      1.72
22:38:41      1.81      1.97
22:38:42      1.37      1.71
22:38:43      1.80      1.80
22:38:44      1.33      1.41
22:38:45      1.20      1.32
  Time           ens2       
HH:MM:SS   KB/s in  KB/s out
22:38:46      1.21      1.52
22:38:47      1.98      2.18
22:38:48      1.31      1.32
22:38:49      3.46      1.84
22:38:50      1.37      1.50
22:38:51      1.37      1.69
22:38:52      1.37      1.63
22:38:53      1.43      1.48
22:38:54      1.74      1.66
22:38:55      1.66      1.79
22:38:56      1.44      1.66
22:38:57      1.30      1.50
22:38:58      2.13      2.05
22:38:59      1.44      1.42
22:39:00      1.44      1.89
22:39:01      1.77      1.44
22:39:02      1.75      1.98
22:39:03      1.13      1.17
22:39:04      2.52      2.14
22:39:05      1.35      1.40
22:39:06      1.57      1.74
22:39:07      1.76      2.06
  Time           ens2       
HH:MM:SS   KB/s in  KB/s out
22:39:08      1.45      1.65
22:39:09      1.45      1.46
22:39:10      1.48      1.72
22:39:11      1.54      1.62
22:39:12      1.51      1.98
22:39:13      1.60      1.71
22:39:14      1.77      1.83
22:39:15      1.38      1.55
22:39:16      1.75      1.91
22:39:17      1.25      1.51
22:39:18      1.47      1.67
22:39:19      2.17      2.51
22:39:20      1.46      1.62
22:39:21      1.54      1.90
22:39:22      1.39      1.62
22:39:23      1.67      1.94
22:39:24      1.58      1.73
22:39:25      1.25      1.53
22:39:26      1.21      1.46
22:39:27      1.85      1.87
22:39:28      1.14      1.28
22:39:29      1.65      1.43
  Time           ens2       
HH:MM:SS   KB/s in  KB/s out
22:39:30      1.83      1.66
22:39:31      1.30      1.50
22:39:32      1.68      1.82
22:39:33      1.77      1.73
22:39:34      1.83      1.75
22:39:35      1.43      1.62
22:39:36      1.43      1.76
22:39:37      1.70      1.92
22:39:38      1.44      1.74
22:39:39      1.59      1.37
22:39:40      1.44      1.58
22:39:41      1.36      1.45
22:39:42      1.30      1.61
22:39:43      1.59      1.52
22:39:44      1.69      1.94
22:39:45      1.60      1.71
22:39:46      1.27      1.42
22:39:47      1.13      1.38
22:39:48      1.68      1.81
22:39:49      1.73      1.36
22:39:50      1.44      1.65
22:39:51      1.30      1.71
  Time           ens2       
HH:MM:SS   KB/s in  KB/s out
22:39:52      1.36      1.76
22:39:53      1.37      1.55
22:39:54      1.91      1.94
22:39:55      1.07      1.16
22:39:56      2.14      2.03
22:39:57      2.02      2.05
22:39:58      1.45      1.66
22:39:59      1.99      1.66
22:40:00      1.68      1.82
22:40:01      1.37      1.46
22:40:02      1.96      2.01
22:40:03      1.52      1.86
22:40:04      1.78      1.85
22:40:05      2.21      2.03
22:40:06      1.68      2.03
22:40:07      1.50      1.66
22:40:08      1.14      1.27
22:40:09      1.73      1.84
22:40:10      1.54      1.89
22:40:11      1.54      1.79
22:40:12      1.73      1.93
22:40:13      1.56      1.65
  Time           ens2       
HH:MM:SS   KB/s in  KB/s out
22:40:14      1.53      1.47
22:40:15      1.50      1.65
22:40:16      1.62      1.87
22:40:17      1.62      1.81
22:40:18      1.37      1.55
22:40:19      1.95      1.83
22:40:20      1.37      1.72
22:40:21      1.80      2.04
22:40:22      1.37      1.71
22:40:23      1.58      1.67
22:40:24      1.60      1.79
22:40:25      2.05      1.94
22:40:26      1.61      1.68
22:40:27      1.50      1.81
22:40:28      1.86      1.58
22:40:29      1.86      1.58
22:40:30      1.10      1.42
22:40:31      1.71      1.66
22:40:32      1.17      1.55
22:40:33      1.37      1.51
22:40:34      1.62      1.55
22:40:35      1.61      1.63
  Time           ens2       
HH:MM:SS   KB/s in  KB/s out
22:40:36      1.38      1.43
22:40:37      1.44      1.60
22:40:38      1.10      1.39
22:40:39      1.73      1.79
22:40:40      1.61      1.88
22:40:41      1.65      1.63
22:40:42      1.37      1.72
22:40:43      1.85      1.98
22:40:44      1.54      1.50
22:40:45      1.37      1.45
22:40:46      1.52      1.75
22:40:47      1.44      1.60
22:40:48      1.01      1.23
22:40:49      1.72      1.46
22:40:50      1.60      1.88
22:40:51      1.44      1.59
22:40:52      1.24      1.55
22:40:53      1.56      1.72
22:40:54      1.93      1.57
22:40:55      1.56      1.41
22:40:56      1.24      1.71
22:40:57      2.20      1.89
  Time           ens2       
HH:MM:SS   KB/s in  KB/s out
22:40:58      1.45      1.43
22:40:59      1.53      1.79
22:41:00      2.07      1.83
22:41:01      1.43      1.44
22:41:02      1.45      1.66
22:41:03      1.43      1.55
22:41:04      1.80      1.80
22:41:05      1.90      1.76
22:41:06      1.51      1.80
22:41:07      1.54      1.63
22:41:08      1.38      1.46
22:41:09      1.36      1.09
22:41:10      1.48      1.68
22:41:11      1.67      1.64
22:41:12      1.53      1.58
22:41:13      1.16      1.15
22:41:14      1.94      1.86
22:41:15      1.30      1.49
22:41:16      1.81      2.14
22:41:17      1.43      1.46
22:41:18      1.23      1.25
22:41:19      1.55      1.58
  Time           ens2       
HH:MM:SS   KB/s in  KB/s out
22:41:20      1.48      1.61
22:41:21      1.43      1.45
22:41:22      1.19      1.41
22:41:23      1.64      1.30
22:41:24      1.74      1.55
22:41:25      1.46      1.68
22:41:26      1.92      1.72
22:41:27      1.30      1.28
22:41:28      1.75      1.74
22:41:29      1.60      1.22
22:41:30      1.44      1.47
22:41:31      1.45      1.71
22:41:32      1.51      1.57
22:41:33      1.37      1.30
22:41:34      1.46      1.47
22:41:35      1.47      1.42
22:41:36      1.36      1.59
22:41:37      1.43      1.51
22:41:38      1.42      1.59
22:41:39      1.47      1.41
22:41:40      1.61      1.89
22:41:41      1.55      1.71
  Time           ens2       
HH:MM:SS   KB/s in  KB/s out
22:41:42      1.43      1.46
22:41:43      1.56      1.58
22:41:44      1.78      1.79
22:41:45      1.50      1.42
22:41:46      1.46      1.72
22:41:47      1.42      1.41
22:41:48      1.60      1.88
22:41:49      1.80      1.66
22:41:50      1.02      1.00
22:41:51      1.26      1.06
22:41:52      1.79      1.90
22:41:53      1.57      1.66
22:41:54      1.87      2.25
22:41:55      1.84      1.77
22:41:56      1.25      1.51
22:41:57      1.83      1.86
22:41:58      1.65      1.56
22:41:59      2.13      2.17
22:42:00      1.10      1.25
22:42:01      1.51      1.81
22:42:02      1.24      1.58
22:42:03      1.81      1.99
  Time           ens2       
HH:MM:SS   KB/s in  KB/s out
22:42:04      1.78      1.60
22:42:05      1.52      1.64
22:42:06      1.32      1.47
22:42:07      1.45      1.59
22:42:08      1.41      1.67
22:42:09      1.65      1.54
22:42:10      1.01      1.15
22:42:11      1.69      1.85
22:42:12      1.46      1.53
22:42:13      1.29      1.26
22:42:14      1.84      1.81
22:42:15      1.50      1.58
22:42:16      1.37      1.64
22:42:17      1.72      1.85
22:42:18      1.49      1.78
22:42:19      2.14      1.85
22:42:20      1.31      1.62
22:42:21      1.88      1.78
22:42:22      1.38      1.52
22:42:23      1.59      1.66
22:42:24      1.86      1.36
22:42:25      1.50      1.66
  Time           ens2       
HH:MM:SS   KB/s in  KB/s out
22:42:26      1.37      1.64
22:42:27      1.96      1.63
22:42:28      1.09      1.00
22:42:29      1.37      1.25
22:42:30      1.26      1.33
22:42:31      0.99      1.09
22:42:32      0.86      0.94
22:42:33      1.28      1.27
22:42:34      1.26      1.25
22:42:35      1.49      1.55
22:42:36      1.31      1.71
22:42:37      1.58      1.78
22:42:38      1.10      1.16
22:42:39      1.62      1.43
22:42:40      1.19      1.58
22:42:41      1.22      1.34
22:42:42      1.10      1.40
22:42:43      1.23      1.34
22:42:44      1.20      1.24
22:42:45      1.59      1.69
22:42:46      1.10      1.16
22:42:47      1.45      1.60
  Time           ens2       
HH:MM:SS   KB/s in  KB/s out
22:42:48      1.16      1.42
22:42:49      1.63      1.57
22:42:50      1.96      1.72
22:42:51      1.16      1.04
22:42:52      1.10      1.34
22:42:53      1.80      1.53
22:42:54      2.69      3.11
22:42:55      3.25      3.08
22:42:56      1.47      1.20
22:42:57      0.92      1.04
22:42:58      1.12      1.24
22:42:59      1.26      1.24
22:43:00      1.26      1.70
22:43:01      1.22      1.20
22:43:02      1.75      1.90
22:43:03      1.33      1.21
22:43:04      1.63      1.70
22:43:05      1.44      1.57
22:43:06      1.29      1.33
22:43:07      1.55      1.71
22:43:08      1.23      1.45
22:43:09      1.25      1.24
  Time           ens2       
HH:MM:SS   KB/s in  KB/s out
22:43:10      1.77      2.00
22:43:11      1.15      1.13
22:43:12      1.40      1.67
22:43:13      1.91      2.39
22:43:14      1.56      1.28
22:43:15      1.47      1.45
22:43:16      1.81      2.00
22:43:17      1.50      1.64
22:43:18      1.74      2.06
22:43:19      2.44      2.09
22:43:20      1.51      1.74
22:43:21      1.32      1.57
22:43:22      1.78      1.80
22:43:23      1.84      1.81
22:43:24      1.78      1.85
22:43:25      1.99      1.74
22:43:26      1.38      1.41
22:43:27      1.61      1.84
22:43:28      1.60      1.65
22:43:29      1.32      1.37
22:43:30      1.25      1.64
22:43:31      1.67      1.88
  Time           ens2       
HH:MM:SS   KB/s in  KB/s out
22:43:32      1.36      1.57
22:43:33      1.07      1.09
22:43:34      1.61      1.78
22:43:35      1.55      1.77
22:43:36      2.97      3.45
22:43:37      1.90      2.19
22:43:38      2.13      2.38
22:43:39      1.60      1.48
22:43:40      1.46      1.90
22:43:41      1.56      1.60
22:43:42      1.50      1.88
22:43:43      1.73      1.83
22:43:44      1.40      1.57
22:43:45      1.53      1.98
22:43:46      1.44      1.55
22:43:47      1.62      1.87
22:43:48      1.76      1.48
22:43:49      1.84      1.76
22:43:50      1.37      1.44
22:43:51      2.13      1.72
22:43:52      1.14      1.24
22:43:53      1.26      1.32
  Time           ens2       
HH:MM:SS   KB/s in  KB/s out
22:43:54      1.66      1.34
22:43:55      1.76      2.10
22:43:56      1.31      1.57
22:43:57      1.49      1.71
22:43:58      1.72      1.89
22:43:59      1.60      1.55
22:44:00      1.51      1.80
22:44:01      1.37      1.55
22:44:02      1.51      1.81
22:44:03      1.38      1.35
22:44:04      2.07      2.17
22:44:05      2.12      2.22
22:44:06      1.45      1.58
22:44:07      1.67      1.69
22:44:08      1.44      1.58
22:44:09      1.42      1.36
22:44:10      1.81      2.14
22:44:11      1.42      1.34
22:44:12      4.35      4.92
22:44:13      1.83      1.89
22:44:14      1.41      1.36
22:44:15      1.43      1.77
  Time           ens2       
HH:MM:SS   KB/s in  KB/s out
22:44:16      1.39      1.46
22:44:17      1.64      1.42
22:44:18      1.30      1.61
22:44:19      1.67      1.83
22:44:20      1.71      1.73
22:44:21      1.53      1.60
22:44:22      1.37      1.51
22:44:23      1.92      1.61
22:44:24      1.59      1.82
22:44:25      1.66      1.88
22:44:26      1.36      1.55
22:44:27      1.35      1.47
22:44:28      1.60      1.82
22:44:29      1.80      1.54
22:44:30      1.36      1.63
22:44:31      1.91      2.10
22:44:32      1.31      1.76
22:44:33      1.53      1.75
22:44:34      1.39      1.19
22:44:35      1.34      1.36
22:44:36      1.60      1.75
22:44:37      1.57      1.56
  Time           ens2       
HH:MM:SS   KB/s in  KB/s out
22:44:38      1.31      1.30
22:44:39      1.62      1.38
22:44:40      1.57      1.75
22:44:41      1.43      1.57
22:44:42      1.68      1.82
22:44:43      2.05      2.08
22:44:44      1.61      1.47
22:44:45      1.43      1.64
22:44:46      1.78      1.66
22:44:47      1.50      1.68
22:44:48      1.90      2.00
22:44:49      1.87      1.37
22:44:50      1.51      1.74
22:44:51      1.37      1.56
22:44:52      1.85      1.81
22:44:53      1.49      1.77
22:44:54      1.40      1.56
22:44:55      1.13      1.24
22:44:56      1.44      1.72
22:44:57      1.43      1.72
22:44:58      1.31      1.45
22:44:59      1.39      1.58
  Time           ens2       
HH:MM:SS   KB/s in  KB/s out
22:45:00      1.62      1.73
22:45:01      1.50      1.59
22:45:02      1.61      1.84
22:45:03      1.51      1.39
22:45:04      1.56      1.39
22:45:05      4.95      5.12
22:45:06      1.93      1.99
22:45:07      2.21      2.26
22:45:08      1.27      1.30
22:45:09      1.74      1.66
22:45:10      1.52      1.71
22:45:11      1.57      1.40
22:45:12      1.64      1.58
22:45:13      1.72      1.71
22:45:14      1.38      1.59
22:45:15      1.91      1.57
22:45:16      1.07      1.23
22:45:17      1.66      1.89
22:45:18      2.05      1.75
22:45:19      1.61      1.55
22:45:20      1.63      1.79
22:45:21      1.70      1.26
  Time           ens2       
HH:MM:SS   KB/s in  KB/s out
22:45:22      1.79      2.01
22:45:23      1.16      1.15
22:45:24      1.67      1.46
22:45:25      1.72      1.85
22:45:26      1.55      1.61
22:45:27      1.22      1.37
22:45:28      1.44      1.39
22:45:29      1.53      1.36
22:45:30      1.60      1.80
22:45:31      1.33      1.68
22:45:32      1.81      1.93
22:45:33      1.59      1.72
22:45:34      1.75      1.63
22:45:35      1.37      1.30
22:45:37      1.43      1.39
22:45:38      1.43      1.45
22:45:39      1.66      1.83
22:45:40      1.51      1.43
22:45:41      1.45      1.92
22:45:42      1.54      1.48
22:45:43      1.52      1.74
22:45:44      1.73      1.55
  Time           ens2       
HH:MM:SS   KB/s in  KB/s out
22:45:45      1.59      1.14
22:45:46      1.81      1.89
22:45:47      1.10      1.14
22:45:48      2.52      2.19
22:45:49      2.27      2.45
22:45:50      3.69      3.81
22:45:51      2.69      2.09
22:45:52      1.73      1.55
22:45:53      1.67      1.78
22:45:54      1.73      1.41
22:45:55      1.45      1.51
22:45:56      1.41      1.41
22:45:57      1.31      1.30
22:45:58      1.57      1.58
22:45:59      1.52      1.71
22:46:00      1.72      1.46
22:46:01      1.30      1.47
22:46:02      1.60      1.46
22:46:03      1.40      1.44
22:46:04      1.43      1.55
22:46:05      1.96      1.80
22:46:06      1.73      1.65
  Time           ens2       
HH:MM:SS   KB/s in  KB/s out
22:46:07      1.91      2.25
22:46:08      1.83      2.05
22:46:09      1.15      1.07
22:46:10      1.47      1.38
22:46:11      2.14      2.06
22:46:12      1.44      1.71
22:46:13      2.00      1.72
22:46:14      1.44      1.30
22:46:15      1.47      1.25
22:46:16      1.64      1.29
22:46:17      1.51      1.61
22:46:18      1.07      1.16
22:46:19      2.11      1.83
22:46:20      1.33      1.16
22:46:21      1.30      1.41
22:46:22      1.57      1.66
22:46:23      1.24      1.42
22:46:24      1.66      1.57
22:46:25      1.41      1.38
22:46:26      1.81      1.77
22:46:27      1.44      1.87
22:46:28      1.74      1.56
  Time           ens2       
HH:MM:SS   KB/s in  KB/s out
22:46:29      1.24      1.48
22:46:30      1.83      1.48
22:46:31      1.20      1.47
22:46:32      1.64      1.80
22:46:33      1.62      1.61
22:46:34      1.59      1.58
22:46:35      1.41      1.38
22:46:36      2.16      2.33
22:46:37      1.23      1.67
22:46:38      1.56      1.42
22:46:39      1.01      0.96
22:46:40      1.89      1.86
22:46:41      1.42      1.44
22:46:42      2.02      1.71
22:46:43      1.20      1.49
22:46:44      1.59      1.58
22:46:45      1.97      1.77
22:46:46      1.48      1.50
22:46:47      1.57      1.81
22:46:48      1.92      1.45
22:46:49      1.50      1.46
22:46:50      1.43      1.30
  Time           ens2       
HH:MM:SS   KB/s in  KB/s out
22:46:51      1.44      1.80
22:46:52      1.37      1.44
22:46:53      1.47      1.77
22:46:54      1.30      1.35
22:46:55      1.40      1.50
22:46:56      1.52      1.96
22:46:57      1.68      2.15
22:46:58      1.14      1.16
22:46:59      1.15      1.33
22:47:00      1.46      1.52
22:47:01      1.47      1.57
22:47:02      1.31      1.37
22:47:03      1.54      1.69
22:47:04      1.44      1.66
22:47:05      1.43      1.32
22:47:06      1.88      2.18
22:47:07      1.62      1.89
22:47:08      1.50      1.60
22:47:09      1.27      1.58
22:47:10      1.38      1.20
22:47:11      2.01      1.85
22:47:12      1.53      1.58
  Time           ens2       
HH:MM:SS   KB/s in  KB/s out
22:47:13      1.43      1.54
22:47:14      1.83      1.67
22:47:15      1.42      1.41
22:47:16      4.04      4.82
22:47:17      1.97      1.73
22:47:18      1.84      2.08
22:47:19      1.34      1.30
22:47:20      1.43      1.33
22:47:21      1.37      1.78
22:47:22      1.60      1.78
22:47:23      1.37      1.62
22:47:24      1.22      1.33
22:47:25      1.66      1.83
22:47:26      1.29      1.60
22:47:27      1.82      2.19
22:47:28      1.29      1.31
22:47:29      1.59      1.84
22:47:30      1.59      1.63
22:47:31      1.61      1.71
22:47:32      1.31      1.40
22:47:33      1.90      2.01
22:47:34      1.37      1.55
  Time           ens2       
HH:MM:SS   KB/s in  KB/s out
22:47:35      2.28      2.55
22:47:36      1.27      1.28
22:47:37      1.61      1.63
22:47:38      1.37      1.29
22:47:39      1.44      1.46
22:47:40      1.47      1.16
22:47:41      1.34      1.84
22:47:42      1.89      2.10
22:47:43      1.78      1.40
22:47:44      1.26      1.33
22:47:45      1.48      1.30
22:47:46      1.90      1.81
22:47:47      1.38      1.71
22:47:48      1.42      1.44
22:47:49      1.38      1.30
22:47:50      1.41      1.68
22:47:51      1.37      1.56
22:47:52      1.57      1.81
22:47:53      1.32      1.36
22:47:54      1.63      1.84
22:47:55      1.33      1.33
22:47:56      1.70      1.97
  Time           ens2       
HH:MM:SS   KB/s in  KB/s out
22:47:57      1.44      1.93
22:47:58      1.74      1.75
22:47:59      1.38      1.61
22:48:00      1.43      1.28
22:48:01      1.13      1.37
22:48:02      1.65      1.90
22:48:03      1.31      1.42
22:48:04      1.55      1.65
22:48:05      1.83      1.80
22:48:06      1.60      1.54
22:48:07      1.85      1.92
22:48:08      1.67      1.88
22:48:09      1.77      1.66
22:48:10      1.65      1.62
22:48:11      1.81      1.80
22:48:12      1.77      1.71
22:48:13      1.44      1.41
22:48:14      1.65      1.94
22:48:15      1.84      1.61
22:48:16      1.52      1.84
22:48:17      1.24      1.55
22:48:18      1.15      1.29
  Time           ens2       
HH:MM:SS   KB/s in  KB/s out
22:48:19      1.27      1.38
22:48:20      1.61      1.62
22:48:21      0.93      1.09
22:48:22      1.27      1.57
22:48:23      1.18      1.24
22:48:24      0.89      1.02
22:48:25      1.45      1.16
22:48:26      1.15      1.31
22:48:27      1.09      1.39
22:48:28      1.23      1.35
22:48:29      1.12      1.41
22:48:30      1.45      1.34
22:48:31      1.03      1.25
22:48:32      1.28      1.42
22:48:33      1.10      1.40
22:48:34      1.45      1.50
22:48:35      1.48      1.36
22:48:36      1.41      1.76
22:48:37      1.39      1.55
22:48:38      1.62      1.34
22:48:39      0.96      1.19
22:48:40      1.46      1.22
  Time           ens2       
HH:MM:SS   KB/s in  KB/s out
22:48:41      1.37      1.21
22:48:42      1.14      1.19
22:48:43      1.26      1.56
22:48:44      1.47      1.07
22:48:45      1.21      1.29
22:48:46      1.24      1.57
22:48:47      1.92      2.23
22:48:48      1.14      1.17
22:48:49      1.28      1.34
22:48:50      1.38      1.40
22:48:51      1.34      1.65
22:48:52      1.21      1.39
22:48:53      1.52      1.73
22:48:54      1.14      1.16
22:48:55      1.75      1.66
22:48:56      0.86      0.93
22:48:57      1.98      2.33
22:48:58      1.31      1.34
22:48:59      1.16      1.34
22:49:00      1.68      1.69
22:49:01      0.93      1.10
22:49:02      1.03      1.19
  Time           ens2       
HH:MM:SS   KB/s in  KB/s out
22:49:03      1.47      1.66
22:49:04      1.08      1.26
22:49:05      1.85      1.94
22:49:06      1.39      1.48
22:49:07      1.66      1.63
22:49:08      1.23      1.23
22:49:09      1.09      1.27
22:49:10      1.72      1.33
22:49:11      1.55      1.85
22:49:12      1.36      1.60
22:49:13      1.36      1.00
22:49:14      1.45      1.74
22:49:15      1.25      1.32
22:49:16      1.29      1.49
22:49:17      1.29      1.66
22:49:18      1.28      1.28
22:49:19      1.31      1.48
22:49:20      1.50      1.34
22:49:21      1.10      1.33
22:49:22      0.99      1.10
22:49:23      1.09      1.17
22:49:24      1.60      1.56
  Time           ens2       
HH:MM:SS   KB/s in  KB/s out
22:49:25      1.32      1.46
22:49:26      1.75      1.77
22:49:27      1.09      1.39
22:49:28      1.71      1.86
22:49:29      1.09      1.25
22:49:30      1.63      1.74
22:49:31      3.82      4.37
22:49:32      1.28      1.38
22:49:33      1.75      1.83
22:49:34      1.51      1.48
22:49:35      1.94      2.06
22:49:36      1.86      1.60
22:49:37      1.09      1.19
22:49:38      1.23      1.21
22:49:39      1.65      1.51
22:49:40      1.38      1.19
22:49:41      1.40      1.78
22:49:42      1.84      1.62
22:49:43      0.74      0.85
22:49:44      1.28      1.46
22:49:45      1.43      1.46
22:49:46      1.68      1.60
  Time           ens2       
HH:MM:SS   KB/s in  KB/s out
22:49:47      1.09      1.33
22:49:48      1.76      1.84
22:49:49      1.08      1.23
22:49:50      1.42      1.53
22:49:51      1.32      1.54
22:49:52      1.14      1.45
22:49:53      1.27      1.47
22:49:54      1.37      1.58
22:49:55      1.39      1.28
22:49:56      1.22      1.52
22:49:57      1.10      1.38
22:49:58      1.40      1.40
22:49:59      1.22      1.52
22:50:00      1.39      1.41
22:50:01      2.69      3.03
22:50:02      2.28      2.32
22:50:03      1.18      0.99
22:50:04      1.51      1.83
22:50:05      2.22      1.76
22:50:06      1.34      1.42
22:50:07      1.38      1.55
22:50:08      1.78      1.28
  Time           ens2       
HH:MM:SS   KB/s in  KB/s out
22:50:09      1.34      1.36
22:50:10      1.72      1.80
22:50:11      1.64      1.52
22:50:12      1.52      1.61
22:50:13      1.14      1.04
22:50:14      1.50      1.45
22:50:15      1.26      1.46
22:50:16      1.35      1.50
22:50:17      1.24      1.56
22:50:18      1.50      1.57
22:50:19      1.40      1.34
22:50:20      1.15      1.11
22:50:21      1.38      1.77
22:50:22      1.23      1.37
22:50:23      0.80      0.95
22:50:24      1.25      1.36
22:50:25      1.08      1.08
22:50:26      1.58      1.76
22:50:27      1.10      1.39
22:50:28      1.22      1.36
22:50:29      1.42      1.23
22:50:30      1.55      1.66
  Time           ens2       
HH:MM:SS   KB/s in  KB/s out
22:50:31      0.95      1.13
22:50:32      1.29      1.38
22:50:33      1.03      1.24
22:50:34      1.42      1.12
22:50:35      1.45      1.64
22:50:36      2.07      2.50
22:50:37      2.71      2.80
22:50:38      1.52      1.61
22:50:39      1.24      1.47
22:50:40      1.56      1.24
22:50:41      1.47      1.72
22:50:42      1.21      1.39
22:50:43      1.11      1.17
22:50:44      1.36      1.04
22:50:45      1.38      1.56
22:50:46      1.38      1.47
22:50:47      1.22      1.37
22:50:48      1.00      1.06
22:50:49      1.72      1.70
22:50:50      2.93      2.61
22:50:51      1.45      1.62
22:50:52      1.29      1.41
  Time           ens2       
HH:MM:SS   KB/s in  KB/s out
22:50:53      1.60      1.85
22:50:54      1.44      1.30
22:50:55      1.15      1.35
22:50:56      1.15      1.39
22:50:57      1.43      1.65
22:50:58      1.14      1.24
22:50:59      1.75      1.74
22:51:00      1.09      1.30
22:51:01      1.44      1.65
22:51:02      1.21      1.50
22:51:03      1.73      1.30
22:51:04      0.94      0.84
22:51:05      1.69      1.74
22:51:06      1.72      1.48
22:51:07      1.16      1.35
22:51:08      1.15      1.40
22:51:09      1.95      1.63
22:51:10      1.01      1.19
22:51:11      1.63      1.70
22:51:12      1.08      1.32
22:51:13      1.16      1.19
22:51:14      1.32      1.17
  Time           ens2       
HH:MM:SS   KB/s in  KB/s out
22:51:15      1.22      1.51
22:51:16      1.39      1.60
22:51:17      1.23      1.50
22:51:18      1.08      1.16
22:51:19      1.78      1.83
22:51:20      0.95      1.08
22:51:21      1.10      1.42
22:51:22      1.15      1.40
22:51:23      1.19      1.34
22:51:24      1.09      0.97
22:51:25      1.05      1.28
22:51:26      1.75      1.83
22:51:27      1.29      1.50
22:51:28      1.09      1.24
22:51:29      1.45      1.47
22:51:30      1.14      1.24
22:51:31      1.28      1.66
22:51:32      1.78      1.58
22:51:33      1.16      1.34
22:51:34      1.38      1.37
22:51:35      2.08      1.91
22:51:36      0.92      0.92
  Time           ens2       
HH:MM:SS   KB/s in  KB/s out
22:51:37      1.66      1.85
22:51:38      1.72      1.32
22:51:39      1.18      1.13
22:51:40      1.14      1.17
22:51:41      1.28      1.42
22:51:42      1.32      1.51
22:51:43      1.22      1.50
22:51:44      1.21      1.08
22:51:45      0.86      0.95
22:51:46      1.24      1.41
22:51:47      1.39      1.71
22:51:48      1.10      1.23
22:51:49      1.45      1.31
22:51:50      1.31      1.33
22:51:51      1.22      1.29
22:51:52      1.45      1.67
22:51:53      1.16      1.16
22:51:54      1.82      1.87
22:51:55      1.02      1.18
22:51:56      1.55      1.79
22:51:57      1.40      1.75
22:51:58      1.10      1.23
  Time           ens2       
HH:MM:SS   KB/s in  KB/s out
22:51:59      1.57      1.50
22:52:00      1.40      1.65
22:52:01      1.57      1.42
22:52:02      1.38      1.62
22:52:03      1.16      1.28
22:52:04      1.72      1.10
22:52:05      1.31      1.36
22:52:06      1.56      1.81
22:52:07      1.86      1.70
22:52:08      1.15      1.18
22:52:09      1.61      1.73
22:52:10      1.08      1.23
22:52:11      1.45      1.73
22:52:12      1.21      1.32
22:52:13      1.34      1.31
22:52:14      1.26      1.00
22:52:15      1.22      1.51
22:52:16      1.24      1.39
22:52:17      1.29      1.43
22:52:18      1.43      1.55
22:52:19      1.55      1.43
22:52:20      0.94      1.18
  Time           ens2       
HH:MM:SS   KB/s in  KB/s out
22:52:21      1.52      1.71
22:52:22      1.45      1.75
22:52:23      1.23      1.35
22:52:24      1.60      1.62
22:52:25      1.14      1.26
22:52:26      1.15      1.56
22:52:27      1.51      1.88
22:52:28      1.58      1.94
22:52:29      1.89      1.76
22:52:30      1.69      1.55
22:52:31      1.60      1.99
22:52:32      1.42      1.70
22:52:33      1.78      1.65
22:52:34      1.30      1.22
22:52:35      1.38      1.58
22:52:36      1.47      1.30
22:52:37      2.19      2.84
22:52:38      4.59      4.98
22:52:39      1.21      1.19
22:52:40      1.16      1.30
22:52:41      3.72      3.95
22:52:42      1.79      2.47
  Time           ens2       
HH:MM:SS   KB/s in  KB/s out
22:52:43      3.52      4.07
22:52:44      7.99      5.16
22:52:45      2.61      3.39
22:52:46      3.47      4.33
22:52:47      4.58      4.42
22:52:48      1.13      1.12
22:52:49      1.25      1.08
22:52:50      1.23      1.47
22:52:51      0.97      1.10
22:52:52      7.07      4.83
22:52:53      0.85      0.96
22:52:54      1.19      1.01
22:52:55      1.37      1.50
22:52:56      1.03      1.09
22:52:57      1.14      1.29
22:52:58      0.91      0.96
22:52:59      1.70      1.20
22:53:00      1.14      1.32
22:53:01      1.16      1.23
22:53:02      1.31      1.12
22:53:03      0.85      0.95
22:53:04      1.16      1.02
  Time           ens2       
HH:MM:SS   KB/s in  KB/s out
22:53:05      1.70      1.53
22:53:06      1.55      1.63
22:53:07      2.59      1.51
22:53:08      1.13      1.13
22:53:09      1.54      1.44
22:53:10      0.91      1.14
22:53:11      0.91      1.10
22:53:12      1.21      1.29
22:53:13      1.14      1.15
22:53:14      4.30      3.03
22:53:15     12.51      7.50
22:53:16      2.13      2.24
22:53:17      0.91      1.10
22:53:18      1.14      1.13
22:53:19      1.28      1.37
22:53:20      1.36      1.42
22:53:21      7.17      4.93
22:53:22      0.97      1.12
22:53:23      0.85      0.95
22:53:24      1.20      1.11
22:53:25      0.85      1.15
22:53:26      0.97      1.09
  Time           ens2       
HH:MM:SS   KB/s in  KB/s out
22:53:27      0.91      1.10
22:53:28      1.24      0.95
22:53:29      1.20      1.01
22:53:30      6.67      8.78
22:53:31      1.31      1.09
22:53:32      1.58      1.46
22:53:33      0.69      0.79
22:53:34      1.53      1.01
22:53:35      1.14      1.32
22:53:36      1.07      1.10
22:53:37      1.07      1.27
22:53:38      0.75      0.79
22:53:39      1.14      1.01
22:53:40      1.12      1.30
22:53:41      0.82      0.94
22:53:42      0.97      1.12
22:53:43      1.00      1.12
22:53:44      1.10      0.91
22:53:45      1.34      1.52
22:53:46      1.03      1.10
22:53:47      0.91      1.11
22:53:48      6.69      4.73
  Time           ens2       
HH:MM:SS   KB/s in  KB/s out
22:53:49      1.00      0.85
22:53:50      0.85      1.14
22:53:51      0.91      1.09
22:53:52      0.97      1.10
22:53:53      0.97      1.01
22:53:54      1.04      1.01
22:53:55      0.85      1.14
22:53:56      2.82      1.51
22:53:57      1.18      1.10
22:53:58      0.91      0.96
22:53:59      1.14      1.01
22:54:00      1.24      0.96
22:54:01      0.97      1.09
22:54:02      0.91      1.11
22:54:03      1.24      0.95
22:54:04      1.14      1.08
22:54:05      1.24      1.35
22:54:06      0.91      1.09
22:54:07      1.07      1.14
22:54:08      0.85      0.95
22:54:09      1.10      1.01
22:54:10      0.85      1.14
  Time           ens2       
HH:MM:SS   KB/s in  KB/s out
22:54:11      1.42      1.43
22:54:12      0.69      0.94
22:54:13      1.02      0.95
22:54:14      1.20      1.08
22:54:15      0.97      1.14
22:54:16      0.91      1.09
22:54:17      1.13      1.10
22:54:18      0.75      0.95
22:54:19      1.26      1.04
22:54:20      1.09      1.30
22:54:21      0.97      1.09
22:54:22      0.91      1.10
22:54:23      0.97      0.95
22:54:24      1.42      1.30
22:54:25      0.75      0.91
22:54:26      1.47      1.26
22:54:27      0.75      0.94
22:54:28      1.06      0.96
22:54:29      1.66      1.17
22:54:30      0.69      0.79
22:54:31      1.19      1.26
22:54:32      1.03      0.94
  Time           ens2       
HH:MM:SS   KB/s in  KB/s out
22:54:33      1.13      1.11
22:54:34      0.92      0.91
22:54:35      1.36      1.49
22:54:36      0.69      0.93
22:54:37      1.23      1.26
22:54:38      0.85      0.95
22:54:39      0.98      0.85
22:54:40      1.07      1.11
22:54:41      0.97      1.09
22:54:42      0.91      1.10
22:54:43      0.91      0.95
22:54:44      1.08      1.08
22:54:45      0.91      1.08
22:54:46      0.91      1.09
22:54:47      0.75      0.94
22:54:48      0.85      0.95
22:54:49      1.41      1.24
22:54:50      0.85      1.08
22:54:51      0.97      1.09
22:54:52      0.91      1.10
22:54:53      0.97      0.95
22:54:54      0.98      0.91
  Time           ens2       
HH:MM:SS   KB/s in  KB/s out
22:54:55      1.52      1.30
22:54:56      0.91      1.09
22:54:57      1.21      1.28
22:54:58      1.24      0.95
22:54:59      1.26      1.01
22:55:00      2.73      1.19
22:55:01      1.37      1.26
22:55:02      0.91      1.10
22:55:03      0.97      0.95
22:55:04      1.14      1.08
22:55:05      1.43      1.43
22:55:06      0.91      1.09
22:55:07      1.21      1.28
22:55:08      0.91      0.95
22:55:09      1.26      1.14
22:55:10      0.91      1.08
22:55:11      1.29      1.37
22:55:12      0.91      1.10
22:55:13      0.91      0.95
22:55:14      1.08      1.08
22:55:15      0.91      1.08
22:55:16      0.91      1.10
  Time           ens2       
HH:MM:SS   KB/s in  KB/s out
22:55:17      1.09      1.22
22:55:18      0.85      0.95
22:55:19      1.31      1.18
22:55:20      0.85      1.08
22:55:21      0.97      1.09
22:55:22      0.91      1.10
22:55:23      0.91      0.95
22:55:24      1.41      1.08
22:55:25      0.91      1.08
22:55:26      0.91      1.09
22:55:27      1.31      1.10
22:55:28      0.85      0.95
22:55:29      1.20      1.14
22:55:30      1.57      1.46
22:55:31      0.97      1.09
22:55:32      0.91      1.10
22:55:33      0.91      0.95
22:55:34      1.14      1.14
22:55:35      1.14      1.25
22:55:36      0.91      1.09
22:55:37      1.03      1.10
22:55:38      0.91      0.95
  Time           ens2       
HH:MM:SS   KB/s in  KB/s out
22:55:39      1.19      1.08
22:55:40      0.85      1.08
22:55:41      0.97      1.09
22:55:42      0.97      1.10
22:55:43      0.97      0.95
22:55:44      1.14      1.08
22:55:45      0.91      1.08
22:55:46      0.91      1.09
22:55:47      1.03      1.11
22:55:48      0.91      0.95
22:55:49      1.32      1.01
22:55:50      0.85      0.95
22:55:51      0.97      1.09
22:55:52      0.97      1.10
22:55:53      1.30      0.95
22:55:54      1.10      1.08
22:55:55      0.91      1.08
22:55:56      1.25      1.09
22:55:57      1.21      1.28
22:55:58      0.85      0.95
22:55:59      1.53      1.14
22:56:00      0.85      1.08
  Time           ens2       
HH:MM:SS   KB/s in  KB/s out
22:56:01      0.97      1.09
22:56:02      0.91      1.10
22:56:03      0.91      0.95
22:56:04      1.14      1.01
22:56:05      1.37      1.30
22:56:06      0.91      1.09
22:56:07      1.21      1.28
22:56:08      0.85      0.95
22:56:09      1.14      1.08
22:56:10      0.85      1.08
22:56:11      1.07      1.13
22:56:12      0.97      1.10
22:56:13      0.97      1.05
22:56:14      1.59      1.37
22:56:15      0.91      0.95
22:56:16      1.37      1.45
22:56:17      1.03      1.10
22:56:18      0.91      0.95
22:56:19      1.42      1.25
22:56:20      1.30      1.43
22:56:21      0.97      1.09
22:56:22      1.31      1.10
  Time           ens2       
HH:MM:SS   KB/s in  KB/s out
22:56:23      0.97      0.95
22:56:24      1.26      1.24
22:56:25      1.24      1.08
22:56:26      1.15      1.27
22:56:27      1.03      1.11
22:56:28      1.47      1.13
22:56:29      1.19      1.08
22:56:30      1.32      1.50
22:56:31      1.20      1.27
22:56:32      0.97      1.11
22:56:33      0.97      0.95
22:56:34      1.14      1.08
22:56:35      1.14      1.25
22:56:36      3.02      4.12
22:56:37      1.79      1.72
