  Time           ens2       
HH:MM:SS   KB/s in  KB/s out
22:25:20      3.48      3.09
22:25:21      5.56      6.04
22:25:22      2.51      2.49
22:25:23      0.61      0.83
22:25:24      0.56      0.66
22:25:25      0.72      0.80
22:25:26      7.20      4.48
22:25:27      0.95      0.66
22:25:28      0.35      0.53
22:25:29      0.87      0.48
22:25:30      0.35      0.38
22:25:31      0.90      0.81
22:25:32      1.08      0.64
22:25:33      0.64      0.66
22:25:34      0.35      0.38
22:25:35      0.54      0.42
22:25:36      0.41      0.47
22:25:37      0.71      0.49
22:25:38      0.58      0.78
22:25:39      0.77      0.68
22:25:40      1.09      1.03
22:25:41      0.88      0.90
  Time           ens2       
HH:MM:SS   KB/s in  KB/s out
22:25:42      0.79      0.71
22:25:43      0.82      1.02
22:25:45      0.62      0.70
22:25:46      0.82      0.74
22:25:47      0.92      0.99
22:25:48      0.99      0.80
22:25:49      0.69      0.91
22:25:50      1.21      1.16
22:25:51      0.57      0.64
22:25:52      1.06      1.08
22:25:53      0.86      0.70
22:25:54      3.72      5.11
22:25:55      2.83      2.20
22:25:56      1.61      1.29
22:25:57      0.96      1.26
22:25:58      2.97      3.09
22:25:59      4.32      4.41
22:26:00      1.84      1.83
22:26:01      1.45      1.86
22:26:02      1.99      2.02
22:26:03      1.66      1.45
22:26:04      1.71      1.73
  Time           ens2       
HH:MM:SS   KB/s in  KB/s out
22:26:05      1.66      1.97
22:26:06      1.76      1.78
22:26:07      1.55      1.90
22:26:08      2.38      2.40
22:26:09      1.36      1.54
22:26:10      1.69      1.82
22:26:11      1.64      1.99
22:26:12      1.88      1.92
22:26:13      1.77      1.64
22:26:14      2.11      2.50
22:26:15      1.36      1.70
22:26:16      1.59      1.66
22:26:17      2.15      2.16
22:26:18      2.01      1.82
22:26:19      1.76      2.14
22:26:20      1.69      2.10
22:26:21      1.57      1.72
22:26:22      1.95      2.15
22:26:23      1.61      1.38
22:26:24      1.74      1.52
22:26:25      1.44      1.66
22:26:26      1.46      1.75
  Time           ens2       
HH:MM:SS   KB/s in  KB/s out
22:26:27      1.95      1.66
22:26:28      1.62      1.48
22:26:29      1.91      2.31
22:26:30      2.02      1.64
22:26:31      1.54      1.59
22:26:32      1.62      2.00
22:26:33      1.75      1.79
22:26:34      1.76      2.06
22:26:35      2.44      3.05
22:26:36      2.25      2.55
22:26:37      1.72      2.16
22:26:38      1.94      1.87
22:26:39      1.89      2.26
22:26:40      1.96      2.29
22:26:41      1.85      2.18
22:26:42      1.83      2.03
22:26:43      2.20      2.13
22:26:44      2.33      2.69
22:26:45      1.56      1.73
22:26:46      1.55      1.75
22:26:47      2.07      2.63
22:26:48      1.81      1.86
  Time           ens2       
HH:MM:SS   KB/s in  KB/s out
22:26:49      1.87      2.21
22:26:50      1.70      1.71
22:26:51      1.59      1.75
22:26:52      2.29      2.80
22:26:53      2.10      2.03
22:26:54      1.91      2.03
22:26:55      2.19      2.26
22:26:56      2.27      2.15
22:26:57      2.15      2.55
22:26:58      1.78      1.79
22:26:59      2.38      2.41
22:27:00      2.19      2.61
22:27:01      2.55      2.78
22:27:02      1.53      1.68
22:27:03      2.07      2.32
22:27:04      1.86      1.97
22:27:05      2.31      2.66
22:27:06      1.76      1.86
22:27:07      2.20      2.90
22:27:08      1.98      2.21
22:27:09      2.11      2.22
22:27:10      2.19      2.29
  Time           ens2       
HH:MM:SS   KB/s in  KB/s out
22:27:11      2.04      2.30
22:27:12      1.79      2.18
22:27:13      2.04      2.28
22:27:14      1.73      1.99
22:27:15      2.16      2.41
22:27:16      1.67      1.76
22:27:17      1.79      2.23
22:27:18      1.90      2.13
22:27:19      2.54      3.07
22:27:20      1.71      1.84
22:27:21      2.05      2.32
22:27:22      2.37      2.43
22:27:23      2.06      2.34
22:27:24      1.68      1.96
22:27:25      2.15      2.09
22:27:26      2.10      2.22
22:27:27      1.44      1.89
22:27:28      2.56      2.29
22:27:29      2.16      2.71
22:27:30      1.94      2.03
22:27:31      1.85      2.10
22:27:32      1.64      2.06
  Time           ens2       
HH:MM:SS   KB/s in  KB/s out
22:27:33      2.14      2.26
22:27:34      2.19      2.42
22:27:35      1.70      2.00
22:27:36      1.92      1.92
22:27:37      2.15      2.50
22:27:38      1.90      2.09
22:27:39      2.14      2.50
22:27:40      1.39      1.52
22:27:41      2.10      2.29
22:27:42      2.10      2.32
22:27:43      1.89      1.72
22:27:44      1.61      1.88
22:27:45      1.51      2.31
22:27:46      1.74      2.02
22:27:47      2.35      2.69
22:27:48      1.99      1.96
22:27:49      1.88      2.26
22:27:50      2.13      2.20
22:27:51      2.30      1.97
22:27:52      1.57      1.82
22:27:53      2.27      2.16
22:27:54      2.38      2.36
  Time           ens2       
HH:MM:SS   KB/s in  KB/s out
22:27:55      1.73      2.03
22:27:56      1.70      1.80
22:27:57      2.23      2.07
22:27:58      1.89      2.26
22:27:59      1.98      2.16
22:28:00      1.55      1.86
22:28:01      2.14      2.30
22:28:02      1.96      2.12
22:28:03      2.10      2.23
22:28:04      1.54      1.84
22:28:05      1.98      2.42
22:28:06      2.21      2.21
22:28:07      2.21      2.23
22:28:08      2.04      2.11
22:28:09      1.81      2.14
22:28:10      1.38      1.66
22:28:11      1.72      1.87
22:28:12      1.98      2.67
22:28:13      2.05      2.01
22:28:14      1.96      2.18
22:28:15      1.86      2.20
22:28:16      1.67      1.80
  Time           ens2       
HH:MM:SS   KB/s in  KB/s out
22:28:17      1.95      2.21
22:28:18      2.19      2.23
22:28:19      1.98      2.34
22:28:20      2.23      2.04
22:28:21      2.06      2.41
22:28:22      1.54      1.82
22:28:23      3.07      3.07
22:28:24      1.90      2.37
22:28:25      1.51      1.56
22:28:26      2.48      2.42
22:28:27      1.85      2.34
22:28:28      1.90      1.96
22:28:29      2.16      2.40
22:28:30      1.82      1.91
22:28:31      2.20      2.40
22:28:32      1.74      2.07
22:28:33      2.20      2.24
22:28:34      1.58      1.81
22:28:35      1.90      2.17
22:28:36      1.84      1.86
22:28:37      1.68      1.94
22:28:38      2.01      2.14
  Time           ens2       
HH:MM:SS   KB/s in  KB/s out
22:28:39      1.72      1.96
22:28:40      1.78      1.80
22:28:41      1.62      1.78
22:28:42      2.29      2.79
22:28:43      1.94      1.95
22:28:44      1.97      2.19
22:28:45      2.12      2.51
22:28:46      1.54      1.73
22:28:47      2.41      2.64
22:28:48      1.88      1.66
22:28:49      2.49      2.64
22:28:50      1.44      1.63
22:28:51      1.98      2.49
22:28:52      2.12      1.95
22:28:53      2.03      2.29
22:28:54      1.94      2.36
22:28:55      2.01      2.00
22:28:56      2.38      2.63
22:28:57      1.86      2.31
22:28:58      2.14      2.31
22:28:59      1.70      1.97
22:29:00      1.88      2.10
  Time           ens2       
HH:MM:SS   KB/s in  KB/s out
22:29:01      2.20      2.67
22:29:02      2.04      2.19
22:29:03      1.70      1.70
22:29:04      1.86      2.09
22:29:05      2.04      2.41
22:29:06      2.28      2.40
22:29:07      1.54      2.12
22:29:08      1.97      1.94
22:29:09      1.99      2.36
22:29:10      1.86      2.05
22:29:11      2.14      2.32
22:29:12      1.91      2.06
22:29:13      2.14      2.20
22:29:14      1.93      2.05
22:29:15      1.91      2.06
22:29:16      2.05      2.36
22:29:17      2.08      2.26
22:29:18      2.73      2.40
22:29:19      2.14      2.55
22:29:20      7.92      8.66
22:29:21      2.88      3.28
22:29:22      1.58      1.60
  Time           ens2       
HH:MM:SS   KB/s in  KB/s out
22:29:23      2.30      2.46
22:29:24      2.50      2.49
22:29:25      1.64      1.90
22:29:26      1.97      2.33
22:29:27      1.99      2.40
22:29:28      2.37      2.55
22:29:29      1.41      1.82
22:29:30      1.68      1.80
22:29:31      2.15      2.32
22:29:32      2.04      2.09
22:29:33      1.69      1.98
22:29:34      2.04      2.06
22:29:35      1.45      1.47
22:29:36      1.87      2.07
22:29:37      1.34      1.58
22:29:38      1.87      2.22
22:29:39      1.47      2.01
22:29:40      1.69      1.86
22:29:41      1.89      2.47
22:29:42      2.13      1.91
22:29:43      1.76      1.88
22:29:44      2.21      2.53
  Time           ens2       
HH:MM:SS   KB/s in  KB/s out
22:29:45      1.37      1.67
22:29:46      1.98      2.42
22:29:47      2.25      1.84
22:29:48      2.39      2.41
22:29:49      1.88      1.98
22:29:50      2.70      2.57
22:29:51      1.47      1.83
22:29:52      1.96      2.15
22:29:53      2.33      1.91
22:29:54      1.93      1.89
22:29:55      5.76      6.99
22:29:56      5.43      6.37
22:29:57      2.63      3.14
22:29:58      2.64      3.02
22:29:59      2.40      2.83
22:30:00      2.17      2.34
22:30:01      2.19      2.65
22:30:02      2.56      2.90
22:30:03      2.11      2.47
22:30:04      2.51      3.03
22:30:05      2.54      3.03
22:30:06      2.74      3.38
  Time           ens2       
HH:MM:SS   KB/s in  KB/s out
22:30:07      2.14      2.26
22:30:08      2.82      2.86
22:30:09      1.95      2.51
22:30:10      2.42      2.67
22:30:11      2.12      2.45
22:30:12      2.24      2.44
22:30:13      2.44      2.53
22:30:14      2.54      2.78
22:30:15      2.36      2.44
22:30:16      2.15      2.22
22:30:17      2.64      2.91
22:30:18      2.11      2.51
22:30:19      3.21      3.00
22:30:20      2.46      2.47
22:30:21      1.97      2.54
22:30:22      2.97      2.77
22:30:23      2.12      2.43
22:30:24      2.50      2.87
22:30:25      1.81      1.97
22:30:26      2.70      2.97
22:30:27      2.14      2.64
22:30:28      2.89      3.26
  Time           ens2       
HH:MM:SS   KB/s in  KB/s out
22:30:29      2.10      2.54
22:30:30      2.56      2.85
22:30:31      2.45      3.16
22:30:32      2.16      2.54
22:30:33      2.29      2.47
22:30:34      2.42      2.92
22:30:35      5.66      6.42
22:30:36      4.51      5.93
22:30:37      1.75      2.13
22:30:38      3.76      4.79
22:30:39      1.94      2.34
22:30:40      1.81      1.91
22:30:41      1.88      2.26
22:30:42      2.22      2.63
22:30:43      1.96      2.05
22:30:44      2.47      2.61
22:30:45      2.24      2.18
22:30:46      1.58      2.05
22:30:47      2.54      2.58
22:30:48      2.31      1.99
22:30:49      2.22      2.53
22:30:50      1.73      1.94
  Time           ens2       
HH:MM:SS   KB/s in  KB/s out
22:30:51      1.80      1.79
22:30:52      1.99      2.35
22:30:53      2.10      2.01
22:30:54      4.12      3.89
22:30:55      4.64      3.96
22:30:56      2.30      2.71
22:30:57      2.31      2.74
22:30:58      2.59      2.84
22:30:59      1.64      1.97
22:31:00      2.43      2.59
22:31:01      2.20      2.53
22:31:02      2.55      2.82
22:31:03      2.00      2.29
22:31:04      2.35      3.04
22:31:05      2.23      2.39
22:31:06      2.64      3.33
22:31:07      2.06      2.43
22:31:08      2.82      2.72
22:31:09      1.93      2.39
22:31:10      2.03      2.25
22:31:11      2.37      2.65
22:31:12      2.32      2.30
  Time           ens2       
HH:MM:SS   KB/s in  KB/s out
22:31:13      2.09      2.41
22:31:14      2.68      3.00
22:31:15      1.52      2.14
22:31:16      2.36      2.81
22:31:17      3.27      2.95
22:31:18      2.61      2.50
22:31:19      2.11      2.73
22:31:20      2.68      2.40
22:31:21      2.47      3.05
22:31:22      2.48      2.81
22:31:23      2.48      2.77
22:31:24      2.41      2.66
22:31:25      1.94      2.58
22:31:26      3.23      4.21
22:31:27      1.84      1.89
22:31:28      1.79      2.14
22:31:29      1.74      2.29
22:31:30      2.10      2.32
22:31:31      1.62      2.09
22:31:32      1.84      2.01
22:31:33      1.95      2.39
22:31:34      2.15      2.47
  Time           ens2       
HH:MM:SS   KB/s in  KB/s out
22:31:35      1.46      1.91
22:31:36      2.10      2.31
22:31:37      2.08      2.25
22:31:38      1.67      2.05
22:31:39      1.74      2.36
22:31:40      2.38      2.41
22:31:41      1.29      1.80
22:31:42      2.51      2.47
22:31:43      1.95      1.93
22:31:44      1.87      2.18
22:31:45      1.69      1.92
22:31:46      2.37      2.29
22:31:47      2.07      2.11
22:31:48      1.84      2.07
22:31:49      2.22      2.21
22:31:50      2.11      2.10
22:31:51      1.96      2.39
22:31:52      1.79      1.67
22:31:53      2.15      2.16
22:31:54      1.67      1.65
22:31:55      1.76      2.02
22:31:56      1.57      2.05
  Time           ens2       
HH:MM:SS   KB/s in  KB/s out
22:31:57      2.16      2.17
22:31:58      2.33      2.56
22:31:59      2.11      2.30
22:32:00      1.81      2.17
22:32:01      2.07      2.62
22:32:02      1.66      1.62
22:32:03      2.11      2.32
22:32:04      2.26      2.36
22:32:05      2.20      2.17
22:32:06      1.67      2.21
22:32:07      2.45      2.32
22:32:08      2.09      2.38
22:32:09      1.91      2.07
22:32:10      1.54      1.89
22:32:11      2.13      2.53
22:32:12      2.26      2.08
22:32:13      2.11      2.06
22:32:14      1.70      2.05
22:32:15      2.08      2.26
22:32:16      1.92      2.04
22:32:17      2.17      2.42
22:32:18      2.14      2.27
  Time           ens2       
HH:MM:SS   KB/s in  KB/s out
22:32:19      2.10      2.50
22:32:20      2.04      2.40
22:32:21      1.76      1.98
22:32:22      1.76      1.96
22:32:23      1.41      1.70
22:32:24      2.03      2.61
22:32:25      6.73      7.68
22:32:26      2.66      3.16
22:32:27      2.40      2.46
22:32:28      1.92      2.01
22:32:29      1.58      1.99
22:32:30      2.18      2.31
22:32:31      1.87      2.17
22:32:32      2.36      2.31
22:32:33      2.03      2.33
22:32:34      1.73      2.03
22:32:35      2.20      2.68
22:32:36      1.99      2.26
22:32:37      1.68      1.77
22:32:38      1.70      1.91
22:32:39      2.05      2.35
22:32:40      1.73      1.89
  Time           ens2       
HH:MM:SS   KB/s in  KB/s out
22:32:41      2.47      2.64
22:32:42      1.91      1.80
22:32:43      1.99      2.34
22:32:44      2.14      2.22
22:32:45      1.82      2.03
22:32:46      1.85      2.12
22:32:47      2.65      2.44
22:32:48      1.62      1.91
22:32:49      2.27      2.62
22:32:50      1.56      1.93
22:32:51      1.55      2.19
22:32:52      2.07      2.13
22:32:53      1.87      2.24
22:32:54      1.90      2.20
22:32:55      1.92      2.35
22:32:56      1.74      2.06
22:32:57      2.32      2.13
22:32:58      1.91      2.22
22:32:59      1.82      1.97
22:33:00      1.68      1.89
22:33:01      1.97      2.31
22:33:02      1.87      1.95
  Time           ens2       
HH:MM:SS   KB/s in  KB/s out
22:33:03      2.67      3.14
22:33:04      1.59      2.09
22:33:05      1.56      1.82
22:33:06      1.70      2.12
22:33:07      1.99      1.96
22:33:08      2.05      2.43
22:33:09      1.68      1.91
22:33:10      1.84      1.89
22:33:11      1.99      2.14
22:33:12      2.41      2.60
22:33:13      2.26      2.00
22:33:14      2.06      1.97
22:33:15      1.75      1.99
22:33:16      2.10      2.22
22:33:17      2.03      2.27
22:33:18      1.67      1.74
22:33:19      2.63      2.57
22:33:20      1.47      1.74
22:33:21      2.10      2.38
22:33:22      2.34      2.50
22:33:23      1.99      2.34
22:33:24      2.05      2.11
  Time           ens2       
HH:MM:SS   KB/s in  KB/s out
22:33:25      1.75      1.98
22:33:26      1.84      2.23
22:33:27      1.97      2.00
22:33:28      1.67      1.66
22:33:29      3.19      3.99
22:33:30      1.17      1.46
22:33:31      1.38      1.88
22:33:32      1.56      1.62
22:33:33      1.67      1.81
22:33:34      1.55      1.84
22:33:35      1.14      1.27
22:33:36      1.22      1.56
22:33:37      1.54      1.54
22:33:38      1.24      1.51
22:33:39      1.84      1.55
22:33:40      1.60      1.63
22:33:41      1.51      1.82
22:33:42      1.87      1.30
22:33:43      1.68      1.74
22:33:44      1.24      1.30
22:33:45      1.72      1.41
22:33:46      1.54      2.04
  Time           ens2       
HH:MM:SS   KB/s in  KB/s out
22:33:47      1.87      1.65
22:33:48      1.31      1.50
22:33:49      1.51      1.55
22:33:50      1.38      1.36
22:33:51      1.37      1.64
22:33:52      1.50      1.74
22:33:53      1.62      1.78
22:33:54      1.42      1.59
22:33:55      1.07      1.22
22:33:56      1.63      1.88
22:33:57      1.65      1.78
22:33:58      1.51      1.66
22:33:59      1.37      1.61
22:34:00      1.67      1.61
22:34:01      1.51      1.77
22:34:02      1.50      1.66
22:34:03      1.31      1.56
22:34:04      1.80      1.93
22:34:05      1.45      1.60
22:34:06      1.37      1.87
22:34:07      1.79      1.54
22:34:08      1.84      1.66
  Time           ens2       
HH:MM:SS   KB/s in  KB/s out
22:34:09      1.49      1.46
22:34:10      1.38      1.45
22:34:11      1.87      1.71
22:34:12      1.56      1.59
22:34:13      1.48      1.64
22:34:14      1.78      1.88
22:34:15      1.38      1.55
22:34:16      1.22      1.42
22:34:17      1.83      1.92
22:34:18      1.90      1.99
22:34:19      1.59      1.73
22:34:20      1.67      1.83
22:34:21      1.37      1.56
22:34:22      1.37      1.67
22:34:23      1.38      1.57
22:34:24      1.57      1.72
22:34:25      1.31      1.31
22:34:26      1.72      2.20
22:34:27     13.26      6.64
22:34:28      1.44      1.65
22:34:29      1.43      1.45
22:34:30      1.24      1.46
  Time           ens2       
HH:MM:SS   KB/s in  KB/s out
22:34:31      1.61      1.88
22:34:32      1.87      1.92
22:34:33      1.67      1.88
22:34:34      1.28      1.59
22:34:35      1.60      1.77
22:34:36      1.57      1.62
22:34:37      1.62      1.22
22:34:38      1.77      1.99
22:34:39      1.31      1.44
22:34:40      1.78      1.59
22:34:41      1.73      1.86
22:34:42      1.60      1.67
22:34:43      1.86      1.74
22:34:44      1.45      1.80
22:34:45      1.67      1.89
22:34:46      1.44      1.81
22:34:47      1.69      1.58
22:34:48      1.57      1.89
22:34:49      1.60      1.66
22:34:50      1.44      1.72
22:34:51      1.80      2.05
22:34:52      1.43      1.51
  Time           ens2       
HH:MM:SS   KB/s in  KB/s out
22:34:53      1.43      1.61
22:34:54      1.36      1.76
22:34:55      1.54      1.79
22:34:56      1.81      2.14
22:34:57      1.46      1.41
22:34:58      1.39      1.66
22:34:59      1.43      1.43
22:35:00      1.32      1.45
22:35:01      1.43      1.75
22:35:02      1.61      1.69
22:35:03      1.60      1.71
22:35:04      1.15      1.33
22:35:05      1.68      1.61
22:35:06      2.01      2.10
22:35:07      1.41      1.36
22:35:08      1.55      1.70
22:35:09      2.20      2.13
22:35:10      1.08      1.33
22:35:11      1.97      2.21
22:35:12      1.74      1.29
22:35:13      1.56      1.59
22:35:14      1.89      2.27
  Time           ens2       
HH:MM:SS   KB/s in  KB/s out
22:35:15      1.51      1.66
22:35:16      1.67      1.78
22:35:17      1.90      1.90
22:35:18      1.00      1.15
22:35:19      1.79      1.86
22:35:20      1.38      1.56
22:35:21      1.57      1.81
22:35:22      1.60      1.80
22:35:23      1.50      1.43
22:35:24      1.39      1.74
22:35:25      1.57      1.71
22:35:26      1.37      1.71
22:35:27      1.73      1.73
22:35:28      1.37      1.36
22:35:29      1.79      1.92
22:35:30      1.37      1.61
22:35:31      1.36      1.60
22:35:32      3.00      1.81
22:35:33      2.04      2.00
22:35:34      1.43      1.70
22:35:35      1.69      1.45
22:35:36      1.37      1.52
  Time           ens2       
HH:MM:SS   KB/s in  KB/s out
22:35:37      1.86      1.88
22:35:38      1.58      1.38
22:35:39      1.27      1.47
22:35:40      1.08      1.40
22:35:41      1.77      1.65
22:35:42      1.28      1.39
22:35:43      1.29      1.59
22:35:44      1.18      1.55
22:35:45      1.50      1.46
22:35:46      1.56      2.07
22:35:47      1.91      1.95
22:35:48      1.31      1.28
22:35:49      1.57      1.72
22:35:50      1.55      1.71
22:35:51      1.51      1.71
22:35:52      1.70      1.80
22:35:53      1.57      1.89
22:35:54      1.49      1.86
22:35:55      1.57      1.82
22:35:56      1.49      1.67
22:35:57      2.09      2.13
22:35:58      1.62      1.81
  Time           ens2       
HH:MM:SS   KB/s in  KB/s out
22:35:59      1.21      1.41
22:36:00      1.08      1.23
22:36:01      1.93      2.21
22:36:02      1.54      1.63
22:36:03      1.50      1.66
22:36:04      1.56      1.65
22:36:05      1.80      1.83
22:36:06      1.67      1.94
22:36:07      2.03      1.54
22:36:08      1.40      1.40
22:36:09      1.86      2.13
22:36:10      1.70      1.55
22:36:11      1.80      1.84
22:36:12      2.03      2.01
22:36:13      1.41      1.56
22:36:14      1.16      1.55
22:36:15      1.56      1.73
22:36:16      1.43      1.71
22:36:17      1.81      1.92
22:36:18      1.39      1.42
22:36:19      1.83      2.06
22:36:20      1.14      1.33
  Time           ens2       
HH:MM:SS   KB/s in  KB/s out
22:36:21      1.37      1.62
22:36:22      1.46      1.53
22:36:23      1.38      1.55
22:36:24      1.59      1.99
22:36:25      1.31      1.56
22:36:26      1.51      1.81
22:36:27      1.66      1.68
22:36:28      1.44      1.66
22:36:29      1.67      1.63
22:36:30      1.59      1.86
22:36:31      1.43      1.45
22:36:32      1.82      1.98
22:36:33      4.50      5.55
22:36:34      2.00      2.38
22:36:35      1.51      1.79
22:36:36      1.95      2.14
22:36:37      1.67      1.61
22:36:38      2.63      2.77
22:36:39      1.77      1.78
22:36:40      1.38      1.58
22:36:41      1.07      1.23
22:36:42      1.78      1.83
  Time           ens2       
HH:MM:SS   KB/s in  KB/s out
22:36:43      1.43      1.50
22:36:44      2.07      2.05
22:36:45      1.30      1.50
22:36:46      1.75      2.03
22:36:47      1.83      1.81
22:36:48      1.67      2.00
22:36:49      1.48      1.45
22:36:50      1.38      1.39
22:36:51      1.54      1.89
22:36:52      1.58      1.59
22:36:53      1.37      1.51
22:36:54      1.74      1.88
22:36:55      1.23      1.50
22:36:56      1.58      2.04
22:36:57      1.73      1.61
22:36:58      1.50      1.59
22:36:59      1.72      1.93
22:37:00      1.14      1.26
22:37:01      1.13      1.38
22:37:02      1.92      1.81
22:37:03      2.18      2.26
22:37:04      1.75      1.98
  Time           ens2       
HH:MM:SS   KB/s in  KB/s out
22:37:05      1.58      1.36
22:37:06      1.38      1.74
22:37:07      1.84      1.80
22:37:08      1.71      1.61
22:37:09      1.88      2.09
22:37:10      1.44      1.66
22:37:11      1.44      1.66
22:37:12      1.72      1.72
22:37:13      1.60      1.77
22:37:14      1.44      1.55
22:37:15      1.30      1.51
22:37:16      1.98      1.96
22:37:17      1.69      1.90
22:37:18      1.54      1.75
22:37:19      1.54      1.73
22:37:20      1.21      1.43
22:37:21      1.47      1.73
22:37:22      1.41      1.38
22:37:23      1.57      1.94
22:37:24      1.50      1.54
22:37:25      1.42      1.55
22:37:26      1.73      1.92
  Time           ens2       
HH:MM:SS   KB/s in  KB/s out
22:37:27      1.53      1.67
22:37:28      1.44      1.65
22:37:29      1.37      1.28
22:37:30      1.16      1.35
22:37:31      1.75      1.66
22:37:32      1.90      2.06
22:37:33      1.44      1.66
22:37:34      1.99      2.10
22:37:35      1.56      1.65
22:37:36      1.37      1.57
22:37:37      2.07      1.72
22:37:38      1.32      1.57
22:37:39      1.63      1.80
22:37:40      1.38      1.54
22:37:41      1.63      1.81
22:37:42      1.25      1.29
22:37:43      1.60      2.05
22:37:44      1.68      1.89
22:37:45      1.51      1.66
22:37:46      1.48      1.73
22:37:47      2.06      1.99
22:37:48      1.19      1.36
  Time           ens2       
HH:MM:SS   KB/s in  KB/s out
22:37:49      1.49      1.85
22:37:50      1.31      1.55
22:37:51      1.44      1.41
22:37:52      1.59      1.73
22:37:53      1.50      1.66
22:37:54      1.46      1.60
22:37:55      1.50      1.47
22:37:56      1.40      1.68
22:37:57      2.03      2.05
22:37:58      1.34      1.74
22:37:59      1.37      1.60
22:38:00      1.58      1.62
22:38:01      1.87      2.14
22:38:02      1.54      1.43
22:38:03      1.54      1.27
22:38:04      1.61      1.97
22:38:05      1.33      1.47
22:38:06      1.56      1.57
22:38:07      1.94      1.84
22:38:08      1.46      1.80
22:38:09      1.56      1.60
22:38:10      1.54      1.48
  Time           ens2       
HH:MM:SS   KB/s in  KB/s out
22:38:11      1.57      1.81
22:38:12      1.65      1.54
22:38:13      1.56      1.83
22:38:14      1.61      1.92
22:38:15      1.29      1.25
22:38:16      1.67      1.88
22:38:17      1.92      1.88
22:38:18      1.60      1.51
22:38:19      1.80      1.72
22:38:20      1.37      1.66
22:38:21      2.03      1.80
22:38:22      1.97      1.69
22:38:23      1.27      1.26
22:38:24      1.08      1.36
22:38:25      1.68      2.09
22:38:26      1.38      1.71
22:38:27      1.73      1.78
22:38:28      2.76      3.54
22:38:29      3.28      3.05
22:38:30      1.70      1.72
22:38:31      1.81      2.00
22:38:32      1.94      1.68
  Time           ens2       
HH:MM:SS   KB/s in  KB/s out
22:38:33      1.50      1.66
22:38:34      1.37      1.72
22:38:35      2.13      1.99
22:38:36      1.37      1.70
22:38:37      2.05      2.13
22:38:38      1.31      1.55
22:38:39      1.57      1.82
22:38:40      1.24      1.54
22:38:41      1.57      1.81
22:38:42      1.54      1.62
22:38:43      1.37      1.66
22:38:44      1.14      1.37
22:38:45      1.51      1.72
22:38:46      1.35      1.44
22:38:47      1.78      1.93
22:38:48      1.45      1.57
22:38:49      3.30      2.16
22:38:50      1.31      1.56
22:38:51      1.23      1.49
22:38:52      1.74      1.83
22:38:53      1.74      1.85
22:38:54      1.44      1.83
  Time           ens2       
HH:MM:SS   KB/s in  KB/s out
22:38:55      1.60      1.58
22:38:56      1.51      1.82
22:38:57      1.89      1.87
22:38:58      1.91      1.87
22:38:59      1.35      1.41
22:39:00      1.50      1.66
22:39:01      1.76      1.71
22:39:02      1.53      1.57
22:39:03      1.60      1.93
22:39:04      1.77      1.51
22:39:05      1.14      1.15
22:39:06      1.88      2.52
22:39:07      1.60      1.56
22:39:08      1.74      2.02
22:39:09      1.16      1.15
22:39:10      1.64      1.87
22:39:11      1.44      1.71
22:39:12      2.02      2.05
22:39:13      1.44      1.71
22:39:14      1.30      1.41
22:39:15      1.47      1.70
22:39:16      1.73      2.05
  Time           ens2       
HH:MM:SS   KB/s in  KB/s out
22:39:17      1.60      1.50
22:39:18      1.30      1.59
22:39:19      1.77      1.66
22:39:20      1.52      1.84
22:39:21      1.68      1.93
22:39:22      1.67      1.75
22:39:23      1.54      1.59
22:39:24      1.23      1.43
22:39:25      1.07      1.23
22:39:26      1.51      1.69
22:39:27      1.79      1.21
22:39:28      1.51      1.81
22:39:29      1.73      1.68
22:39:30      1.77      1.65
22:39:31      1.43      1.54
22:39:32      1.68      1.79
22:39:33      2.06      2.05
22:39:34      1.51      1.65
22:39:35      1.51      1.49
22:39:36      1.57      1.81
22:39:37      1.89      1.87
22:39:38      1.52      1.86
  Time           ens2       
HH:MM:SS   KB/s in  KB/s out
22:39:39      1.66      1.87
22:39:40      1.44      1.65
22:39:41      1.79      2.03
22:39:42      1.74      1.65
22:39:43      1.43      1.76
22:39:44      1.51      1.66
22:39:45      1.23      1.34
22:39:46      1.63      1.67
22:39:47      1.56      1.75
22:39:48      1.51      1.62
22:39:49      1.37      1.30
22:39:50      1.51      1.56
22:39:51      1.60      1.72
22:39:52      1.52      1.55
22:39:53      1.24      1.49
22:39:54      1.44      1.59
22:39:55      1.61      1.53
22:39:56      1.78      1.42
22:39:57      1.88      1.52
22:39:58      1.36      1.76
22:39:59      1.74      1.72
22:40:00      1.60      1.75
  Time           ens2       
HH:MM:SS   KB/s in  KB/s out
22:40:01      1.43      1.84
22:40:02      2.01      1.59
22:40:03      1.50      1.75
22:40:04      1.54      1.47
22:40:05      1.66      1.42
22:40:06      1.32      1.30
22:40:07      2.09      2.17
22:40:08      1.24      1.50
22:40:09      1.36      1.69
22:40:10      1.72      1.70
22:40:11      1.68      1.72
22:40:12      1.65      1.50
22:40:13      1.56      2.04
22:40:14      1.38      1.31
22:40:15      1.60      1.73
22:40:16      1.30      1.67
22:40:17      1.97      1.84
22:40:18      1.60      1.94
22:40:19      1.60      1.57
22:40:20      1.33      1.31
22:40:21      1.51      1.40
22:40:22      1.54      1.21
  Time           ens2       
HH:MM:SS   KB/s in  KB/s out
22:40:23      1.62      1.56
22:40:24      1.22      1.30
22:40:25      1.83      1.55
22:40:26      1.25      1.27
22:40:27      1.50      1.33
22:40:28      2.76      2.46
22:40:29      1.58      1.66
22:40:30      1.32      1.55
22:40:31      1.84      1.80
22:40:32      1.70      1.60
22:40:33      1.67      1.72
22:40:34      1.62      1.74
22:40:35      1.61      1.69
22:40:36      1.62      2.10
22:40:37      1.80      1.52
22:40:38      1.37      1.64
22:40:39      1.80      1.80
22:40:40      1.32      1.28
22:40:41      1.29      1.29
22:40:42      1.61      1.36
22:40:43      1.90      2.09
22:40:44      1.25      1.42
  Time           ens2       
HH:MM:SS   KB/s in  KB/s out
22:40:45      1.57      1.81
22:40:46      1.24      1.37
22:40:47      1.74      1.46
22:40:48      1.13      1.24
22:40:49      1.50      1.72
22:40:50      1.53      1.94
22:40:51      1.57      1.73
22:40:52      1.41      1.58
22:40:53      1.87      1.89
22:40:54      1.56      1.37
22:40:55      1.79      1.75
22:40:56      1.32      1.55
22:40:57      2.37      1.79
22:40:58      1.29      1.60
22:40:59      1.37      1.49
22:41:00      1.86      1.76
22:41:01      1.57      1.75
22:41:02      1.89      1.74
22:41:03      1.36      1.45
22:41:04      1.67      1.71
22:41:05      1.53      1.54
22:41:06      1.64      1.94
  Time           ens2       
HH:MM:SS   KB/s in  KB/s out
22:41:07      1.73      1.48
22:41:08      1.13      1.24
22:41:09      1.57      1.73
22:41:10      1.46      1.53
22:41:11      1.35      1.71
22:41:12      1.67      1.78
22:41:13      1.57      1.82
22:41:14      1.40      1.73
22:41:15      1.29      1.44
22:41:16      1.66      2.15
22:41:17      1.60      1.38
22:41:18      1.81      2.15
22:41:19      1.60      1.64
22:41:20      1.50      1.68
22:41:21      1.67      1.80
22:41:22      1.57      1.53
22:41:23      1.76      1.56
22:41:25      1.85      1.89
22:41:26      1.37      1.48
22:41:27      1.71      1.65
22:41:28      1.57      1.54
22:41:29      1.05      1.26
  Time           ens2       
HH:MM:SS   KB/s in  KB/s out
22:41:30      1.13      0.85
22:41:31      1.40      1.67
22:41:32      1.21      1.30
22:41:33      1.98      1.83
22:41:34      1.16      1.38
22:41:35      1.17      1.34
22:41:36      1.56      1.56
22:41:37      1.35      1.39
22:41:38      1.54      1.40
22:41:39      1.29      1.50
22:41:40      1.09      1.28
22:41:41      1.17      1.34
22:41:42      1.14      1.33
22:41:43      2.12      1.93
22:41:44      1.21      1.32
22:41:45      1.18      1.37
22:41:46      1.09      1.25
22:41:47      1.58      1.63
22:41:48      1.68      1.63
22:41:49      1.05      1.03
22:41:50      0.79      0.84
22:41:51      1.23      1.45
  Time           ens2       
HH:MM:SS   KB/s in  KB/s out
22:41:52      1.31      1.35
22:41:53      1.78      1.42
22:41:54      1.51      1.52
22:41:55      1.50      1.28
22:41:56      1.09      1.24
22:41:57      1.23      1.50
22:41:58      1.62      1.48
22:41:59      1.57      1.48
22:42:00      1.09      1.24
22:42:01      0.96      1.13
22:42:02      1.15      1.32
22:42:03      1.46      1.41
22:42:04      1.33      1.50
22:42:05      1.67      1.96
22:42:06      1.68      1.89
22:42:07      1.68      1.75
22:42:08      1.24      1.45
22:42:09      1.74      2.04
22:42:10      1.01      1.07
22:42:11      1.68      1.96
22:42:12      1.44      1.65
22:42:13      1.72      1.72
  Time           ens2       
HH:MM:SS   KB/s in  KB/s out
22:42:14      1.43      1.70
22:42:15      1.50      1.76
22:42:16      0.79      0.84
22:42:17      1.22      1.48
22:42:18      1.23      1.22
22:42:19      3.12      3.75
22:42:20      0.97      1.02
22:42:21      1.32      1.06
22:42:22      0.97      1.10
22:42:23      1.54      1.93
22:42:24      1.36      1.10
22:42:25      7.38      4.81
22:42:26      0.91      0.96
22:42:27      1.38      1.21
22:42:28      1.13      1.08
22:42:29      1.11      1.34
22:42:30      1.02      1.01
22:42:31      0.88      0.95
22:42:32      1.11      1.21
22:42:33      1.14      1.08
22:42:34      1.16      1.33
22:42:35      0.91      0.95
  Time           ens2       
HH:MM:SS   KB/s in  KB/s out
22:42:36      1.21      1.23
22:42:37      0.91      1.10
22:42:38      1.27      1.18
22:42:39      0.91      1.22
22:42:40      1.04      1.05
22:42:41      0.85      0.95
22:42:42      1.11      1.21
22:42:43      1.08      1.08
22:42:44      1.11      1.33
22:42:45      0.85      0.95
22:42:46      1.04      1.05
22:42:47      0.91      1.11
22:42:48      2.79      2.80
22:42:49      1.13      1.27
22:42:50      3.09      2.82
22:42:51      1.54      1.47
22:42:52      1.11      1.21
22:42:53      1.35      0.95
22:42:54      1.34      1.39
22:42:55      0.85      0.95
22:42:56      1.37      1.05
22:42:57      0.91      1.10
  Time           ens2       
HH:MM:SS   KB/s in  KB/s out
22:42:58      1.20      1.18
22:42:59      0.91      1.23
22:43:00      1.04      1.05
22:43:01      0.91      0.95
22:43:02      1.16      1.21
22:43:03      4.37      3.81
22:43:04      1.11      1.21
22:43:05      1.37      1.46
22:43:06      1.10      1.05
22:43:07      1.21      1.28
22:43:08      1.33      1.18
22:43:09      0.91      1.22
22:43:10      1.04      1.05
22:43:11      1.39      1.32
22:43:12      1.16      1.21
22:43:13      1.13      1.08
22:43:14      1.11      1.34
22:43:15      0.85      0.95
22:43:16      1.10      1.05
22:43:17      0.97      1.10
22:43:18      1.46      1.22
22:43:19      1.48      1.28
  Time           ens2       
HH:MM:SS   KB/s in  KB/s out
22:43:20      1.43      1.41
22:43:21      0.85      0.95
22:43:22      2.93      2.38
22:43:23      2.69      2.80
22:43:24      1.54      1.60
22:43:25      3.16      2.89
22:43:26      1.67      1.51
22:43:27      1.97      2.44
22:43:28      3.68      4.68
22:43:29      5.57      5.56
22:43:30      1.32      1.48
22:43:31      0.85      0.96
22:43:32      1.41      1.66
22:43:33      0.86      0.98
22:43:34      1.80      2.78
22:43:35      6.53      3.22
22:43:36      1.14      1.13
22:43:37      0.91      1.10
22:43:38      1.07      1.08
22:43:39      1.20      1.46
22:43:40      0.91      0.95
22:43:41      0.85      0.95
  Time           ens2       
HH:MM:SS   KB/s in  KB/s out
22:43:42      1.03      1.10
22:43:43      1.07      1.08
22:43:44      1.03      1.22
22:43:45      0.85      0.95
22:43:46      0.91      0.95
22:43:47      0.97      1.11
22:43:48      1.46      1.08
22:43:49      1.03      1.22
22:43:50      0.91      0.95
22:43:51      1.18      0.95
22:43:52      1.03      1.10
22:43:53      1.00      0.95
22:43:54      1.36      1.09
22:43:55      1.07      1.11
22:43:56      0.69      0.79
22:43:57      0.97      1.10
22:43:58      1.41      1.12
22:43:59      0.75      0.93
22:44:00      0.97      1.06
22:44:01      0.85      0.95
22:44:02      1.13      1.10
22:44:03      0.92      1.01
  Time           ens2       
HH:MM:SS   KB/s in  KB/s out
22:44:04      1.13      1.26
22:44:05      1.15      1.14
22:44:06      1.37      1.30
22:44:07      1.37      1.46
22:44:08      0.92      0.79
22:44:09      0.91      1.10
22:44:10      1.13      1.11
22:44:11      1.08      1.13
22:44:12      0.99      1.12
22:44:13      1.42      1.37
22:44:14      1.21      1.27
22:44:15      0.85      0.95
22:44:16      0.91      0.95
22:44:17      1.25      1.10
22:44:18      1.20      1.21
22:44:19      1.15      1.27
22:44:20      1.24      0.95
22:44:21      0.85      0.95
22:44:22      0.97      1.10
22:44:23      1.47      1.08
22:44:24      0.97      1.10
22:44:25      0.91      0.95
  Time           ens2       
HH:MM:SS   KB/s in  KB/s out
22:44:26      0.97      0.95
22:44:27      0.97      1.10
22:44:28      1.14      0.95
22:44:29      0.91      1.09
22:44:30      0.97      0.95
22:44:31      0.91      0.95
22:44:32      1.03      1.10
22:44:33      1.39      1.37
22:44:34      0.97      1.09
22:44:35      0.92      0.96
22:44:36      1.18      1.11
22:44:37      0.97      1.10
22:44:38      0.92      0.79
22:44:39      1.13      1.26
22:44:40      0.97      0.96
22:44:41      0.91      0.95
22:44:42      1.12      1.19
22:44:43      1.08      0.95
22:44:44      1.30      1.31
22:44:45      0.85      0.95
22:44:46      1.31      1.10
22:44:47      0.75      0.90
  Time           ens2       
HH:MM:SS   KB/s in  KB/s out
22:44:48      3.51      4.17
22:44:49      1.76      1.44
22:44:50      0.91      0.95
22:44:51      0.91      1.10
22:44:52      1.24      0.96
22:44:53      1.14      1.21
22:44:54      0.97      1.09
22:44:55      0.85      0.95
22:44:56      0.97      1.10
22:44:57      0.85      0.95
22:44:58      1.20      1.01
22:44:59      0.91      1.09
22:45:00      0.91      0.95
22:45:01      0.91      1.10
22:45:02      0.91      0.95
22:45:03      1.14      1.21
22:45:04      0.97      1.10
22:45:05      1.31      1.31
22:45:06      1.26      1.28
22:45:07      1.14      1.13
22:45:08      1.58      1.56
22:45:09      0.91      1.10
  Time           ens2       
HH:MM:SS   KB/s in  KB/s out
22:45:10      0.91      0.95
22:45:11      0.97      1.10
22:45:12      0.97      0.95
22:45:13      1.26      1.27
22:45:14      0.97      1.09
22:45:15      1.18      0.95
22:45:16      1.03      1.10
22:45:17      0.91      0.95
22:45:18      1.59      1.27
22:45:19      1.15      1.27
22:45:20      0.91      0.95
22:45:21      1.31      1.11
22:45:22      0.97      0.95
22:45:23      1.20      1.01
22:45:24      0.97      1.09
22:45:25      0.85      0.95
22:45:26      0.97      1.10
22:45:27      0.85      0.95
22:45:28      1.14      1.21
22:45:29      0.91      1.09
22:45:30      0.91      0.95
22:45:31      0.91      1.10
  Time           ens2       
HH:MM:SS   KB/s in  KB/s out
22:45:32      0.91      0.95
22:45:33      1.14      1.01
22:45:34      0.97      1.09
22:45:35      1.02      1.13
22:45:36      0.97      1.10
22:45:37      0.85      0.95
22:45:38      1.14      1.21
22:45:39      0.91      1.09
22:45:40      0.91      0.95
22:45:41      0.91      1.10
22:45:42      0.91      0.95
22:45:43      1.14      1.01
22:45:44      1.31      1.09
22:45:45      0.85      0.95
22:45:46      0.97      1.10
22:45:47      1.18      0.95
22:45:48      1.66      1.38
22:45:49      1.03      1.09
22:45:50      1.30      0.95
22:45:51      1.21      1.28
22:45:52      1.05      0.95
22:45:53      0.99      1.28
  Time           ens2       
HH:MM:SS   KB/s in  KB/s out
22:45:54      1.17      1.13
22:45:55      2.15      2.73
22:45:56      2.21      2.03
22:45:57      1.25      1.15
22:45:58      1.05      1.27
22:45:59      0.97      1.10
22:46:00      0.97      0.95
22:46:01      0.97      1.10
22:46:02      1.05      0.95
22:46:03      0.99      1.27
22:46:04      1.03      1.09
22:46:05      1.37      1.31
22:46:06      1.03      1.11
22:46:07      1.31      1.13
22:46:08      0.91      1.21
22:46:09      0.91      1.09
22:46:10      0.91      0.95
22:46:11      1.15      1.28
22:46:12      1.14      0.95
22:46:13      1.24      1.21
22:46:14      0.97      1.10
22:46:15      0.85      0.95
  Time           ens2       
HH:MM:SS   KB/s in  KB/s out
22:46:16      1.31      1.10
22:46:17      0.99      1.01
22:46:18      1.12      1.31
22:46:19      1.48      1.27
22:46:20      0.91      0.95
22:46:21      1.37      1.46
22:46:22      1.14      0.96
22:46:23      0.85      1.21
22:46:24      0.97      1.10
22:46:25      0.85      0.95
22:46:26      0.97      1.11
22:46:27      1.08      1.01
22:46:28      0.99      1.23
22:46:29      0.91      1.09
22:46:30      0.97      0.95
22:46:31      0.97      1.10
22:46:32      1.19      1.01
22:46:33      0.97      1.26
22:46:34      0.97      1.09
22:46:35      1.08      1.13
22:46:36      1.03      1.10
22:46:37      1.20      1.08
  Time           ens2       
HH:MM:SS   KB/s in  KB/s out
22:46:38      0.91      1.14
22:46:39      0.91      1.09
22:46:40      0.97      0.95
22:46:41      0.97      1.10
22:46:42      1.53      1.08
22:46:43      0.85      1.14
22:46:44      0.97      1.09
22:46:45      1.24      0.95
22:46:46      1.03      1.10
22:46:47      1.20      1.08
22:46:48      1.24      1.14
22:46:49      0.97      1.09
22:46:50      0.91      0.95
22:46:51      0.91      1.10
22:46:52      1.14      1.01
22:46:53      0.85      1.14
22:46:54      0.97      1.09
22:46:55      0.85      0.95
22:46:56      0.97      1.10
22:46:57      1.08      1.01
22:46:58      0.91      1.14
22:46:59      0.91      1.09
  Time           ens2       
HH:MM:SS   KB/s in  KB/s out
22:47:00      0.91      0.95
22:47:01      0.91      1.10
22:47:02      1.20      1.08
22:47:03      0.85      1.14
22:47:04      0.97      1.09
22:47:05      1.04      1.08
22:47:06      0.70      0.83
22:47:07      1.09      0.87
22:47:08      0.62      0.63
22:47:09      0.63      0.78
22:47:10      0.62      0.63
22:47:11      1.21      0.97
22:47:12      0.92      0.76
22:47:13      0.68      0.76
22:47:14      1.08      0.84
22:47:15      0.62      0.63
22:47:16      0.69      0.79
22:47:17      1.23      0.76
22:47:18      0.91      1.00
22:47:19      0.93      0.96
22:47:20      0.68      0.63
22:47:21      0.63      0.79
  Time           ens2       
HH:MM:SS   KB/s in  KB/s out
22:47:22      0.92      0.76
22:47:23      0.62      0.77
22:47:24      0.75      0.84
22:47:25      0.62      0.63
22:47:26      0.69      0.79
22:47:27      0.79      0.70
22:47:28      0.68      0.76
22:47:29      0.69      0.84
22:47:30      0.68      0.63
22:47:31      0.63      0.79
22:47:32      0.85      0.70
22:47:33      0.57      0.78
22:47:34      0.69      0.84
22:47:35      1.03      0.99
22:47:36      0.70      0.79
22:47:37      0.79      0.70
22:47:38      0.62      0.76
22:47:39      0.63      0.84
22:47:40      0.96      0.63
22:47:41      0.63      0.79
22:47:42      0.85      0.70
22:47:43      0.90      0.76
  Time           ens2       
HH:MM:SS   KB/s in  KB/s out
22:47:44      0.69      0.84
22:47:45      0.57      0.63
22:47:46      1.02      0.79
22:47:47      0.86      0.76
22:47:48      0.62      0.76
22:47:49      0.69      0.84
22:47:50      0.71      0.72
22:47:51      0.63      0.79
22:47:52      0.85      0.70
22:47:53      0.57      0.77
22:47:54      0.75      0.84
22:47:55      0.74      0.75
22:47:56      0.75      0.79
22:47:57      0.79      0.70
22:47:58      0.62      0.76
22:47:59      0.69      0.84
22:48:00      0.68      0.63
22:48:01      0.69      0.79
22:48:02      0.85      0.70
22:48:03      0.57      0.76
22:48:04      0.75      0.84
22:48:05      0.96      0.85
  Time           ens2       
HH:MM:SS   KB/s in  KB/s out
22:48:06      0.75      0.79
22:48:07      1.03      0.87
22:48:08      0.62      0.76
22:48:09      1.02      0.84
22:48:10      0.68      0.63
22:48:11      0.92      0.96
22:48:12      1.25      0.70
22:48:13      0.62      0.65
22:48:14      0.69      0.78
22:48:15      0.90      0.63
22:48:16      0.69      0.79
22:48:17      0.79      0.70
22:48:18      0.62      0.77
22:48:19      0.86      1.02
22:48:20      0.62      0.63
22:48:21      0.63      0.79
22:48:22      0.85      0.70
22:48:23      0.57      0.76
22:48:24      0.69      0.84
22:48:25      0.57      0.63
22:48:26      0.69      0.83
22:48:27      0.79      0.70
  Time           ens2       
HH:MM:SS   KB/s in  KB/s out
22:48:28      0.62      0.76
22:48:29      0.63      0.84
22:48:30      0.62      0.63
22:48:31      0.63      0.79
22:48:32      0.92      0.70
22:48:33      0.57      0.63
22:48:34      0.69      0.78
22:48:35      0.74      0.81
22:48:36      0.69      0.79
22:48:37      0.92      0.76
22:48:38      1.02      0.76
22:48:39      0.69      0.84
22:48:40      0.62      0.63
22:48:41      1.02      0.79
22:48:42      0.92      0.76
22:48:43      0.62      0.76
22:48:44      1.08      0.84
22:48:45      0.62      0.63
22:48:46      0.63      0.79
22:48:47      0.85      0.70
22:48:48      0.68      0.76
22:48:49      0.81      0.84
  Time           ens2       
HH:MM:SS   KB/s in  KB/s out
22:48:50      0.57      0.63
22:48:51      0.57      0.79
22:48:52      0.98      0.76
22:48:53      0.68      0.76
22:48:54      0.78      0.93
22:48:55      0.62      0.63
22:48:56      0.63      0.79
22:48:57      1.09      0.87
22:48:58      0.57      0.76
22:48:59      0.81      0.96
22:49:00      0.57      0.63
22:49:01      0.69      0.79
22:49:02      0.79      0.70
22:49:03      0.62      0.76
22:49:04      0.63      0.84
22:49:05      1.09      0.99
22:49:06      0.64      0.79
22:49:07      1.48      0.88
22:49:08      0.57      0.63
22:49:09      0.69      0.79
22:49:10      0.90      0.63
22:49:11      0.92      0.96
  Time           ens2       
HH:MM:SS   KB/s in  KB/s out
22:49:12      0.79      0.70
22:49:13      1.02      0.76
22:49:14      0.63      0.84
22:49:15      0.62      0.63
22:49:16      0.86      0.96
22:49:17      1.22      0.97
22:49:18      0.62      0.63
22:49:19      0.98      0.96
22:49:20      0.62      0.63
22:49:21      0.69      0.79
22:49:22      0.86      0.76
22:49:23      0.79      0.79
22:49:24      1.14      1.21
22:49:25      0.92      0.82
22:49:26      0.63      0.86
22:49:27      1.09      0.95
22:49:28      0.56      0.76
22:49:29      0.75      0.84
22:49:30      0.62      0.63
22:49:31      0.62      0.79
22:49:32      0.86      0.70
22:49:33      0.68      0.63
  Time           ens2       
HH:MM:SS   KB/s in  KB/s out
22:49:34      0.69      0.78
22:49:35      1.14      0.99
22:49:36      0.96      0.79
22:49:37      0.92      0.70
22:49:38      0.57      0.63
22:49:39      1.02      0.78
22:49:40      0.57      0.63
22:49:41      0.62      0.79
22:49:42      1.42      0.87
22:49:43      0.62      0.63
22:49:44      0.63      0.78
22:49:45      0.86      0.81
22:49:46      0.86      0.96
22:49:47      1.09      0.87
22:49:48      0.57      0.63
22:49:49      0.75      0.78
22:49:50      0.81      0.82
22:49:51      0.69      0.79
22:49:52      0.79      0.70
22:49:53      0.62      0.76
22:49:54      0.64      0.84
22:49:55      0.62      0.63
  Time           ens2       
HH:MM:SS   KB/s in  KB/s out
22:49:56      0.64      0.79
22:49:57      0.92      0.76
22:49:58      0.57      0.76
22:49:59      0.70      0.84
22:50:00      0.57      0.63
22:50:01      0.75      0.79
22:50:02      1.09      0.94
22:50:03      0.69      0.77
22:50:04      0.73      0.87
22:50:05      1.42      0.99
22:50:06      0.70      0.79
22:50:07      1.22      0.87
22:50:08      0.96      0.63
22:50:09      0.81      0.90
22:50:10      0.57      0.63
22:50:11      1.32      0.96
22:50:12      0.98      0.76
22:50:13      0.68      0.76
22:50:14      0.72      0.93
22:50:15      0.62      0.63
22:50:16      0.91      1.13
22:50:17      1.26      1.01
  Time           ens2       
HH:MM:SS   KB/s in  KB/s out
22:50:18      0.91      0.95
22:50:19      1.21      1.36
22:50:20      0.85      0.95
22:50:21      0.97      1.10
22:50:22      1.08      1.01
22:50:23      0.91      1.14
22:50:24      0.91      1.09
22:50:25      0.91      0.95
22:50:26      0.91      1.10
22:50:27      1.14      1.01
22:50:28      0.85      1.14
22:50:29      0.97      1.09
22:50:30      1.24      1.30
22:50:31      0.97      1.10
22:50:32      1.08      1.01
22:50:33      0.91      1.14
22:50:34      1.25      1.09
22:50:35      1.14      1.13
22:50:36      0.91      1.11
22:50:37      1.47      1.01
22:50:38      0.78      1.14
22:50:39      0.97      1.09
  Time           ens2       
HH:MM:SS   KB/s in  KB/s out
22:50:40      1.18      0.95
22:50:41      0.97      1.11
22:50:42      1.14      1.01
22:50:43      1.00      1.14
22:50:44      0.97      1.09
22:50:45      0.91      0.95
22:50:46      0.91      1.10
22:50:47      1.13      0.95
22:50:48      0.91      0.95
22:50:49      1.09      1.09
22:50:50      0.94      1.04
22:50:51      0.97      1.10
22:50:52      1.14      1.01
22:50:53      0.97      1.14
22:50:54      0.97      1.10
22:50:55      1.02      1.07
22:50:56      0.91      1.10
22:50:57      1.43      1.20
22:50:58      0.91      1.14
22:50:59      1.03      1.09
22:51:00      0.85      0.95
22:51:01      0.97      1.10
  Time           ens2       
HH:MM:SS   KB/s in  KB/s out
22:51:02      1.08      1.01
22:51:03      1.24      1.14
22:51:04      0.78      0.95
22:51:05      1.17      1.17
22:51:06      1.25      1.10
22:51:07      1.43      1.19
22:51:08      0.85      0.95
22:51:09      1.31      1.09
22:51:10      0.85      0.95
22:51:11      1.21      1.29
22:51:12      1.20      1.08
22:51:13      0.91      1.14
22:51:14      0.91      1.10
22:51:15      0.91      0.95
22:51:16      0.91      1.10
22:51:17      1.20      1.08
22:51:18      0.85      1.14
22:51:19      1.21      1.27
22:51:20      0.85      0.95
22:51:21      0.97      1.10
22:51:22      1.08      1.02
22:51:23      0.91      1.14
  Time           ens2       
HH:MM:SS   KB/s in  KB/s out
22:51:24      0.91      1.10
22:51:25      0.97      0.95
22:51:26      0.91      0.96
22:51:27      1.19      1.01
22:51:28      0.85      1.14
22:51:29      0.97      1.10
22:51:30      0.91      0.95
22:51:31      1.03      1.10
22:51:32      1.47      1.01
22:51:33      0.91      1.14
22:51:34      0.91      1.10
22:51:35      1.53      1.13
22:51:36      0.97      1.10
22:51:37      1.26      1.01
22:51:38      1.18      0.95
22:51:39      0.97      1.10
22:51:40      0.91      0.95
22:51:41      1.03      1.10
22:51:42      1.14      1.01
22:51:43      0.91      1.14
22:51:44      0.91      1.10
22:51:45      0.91      0.95
  Time           ens2       
HH:MM:SS   KB/s in  KB/s out
22:51:46      0.91      1.10
22:51:47      1.14      1.01
22:51:48      0.85      1.14
22:51:49      1.03      1.10
22:51:50      0.85      0.95
22:51:51      0.97      1.10
22:51:52      1.08      1.01
22:51:53      0.91      1.14
22:51:54      0.91      1.10
22:51:55      0.91      0.95
22:51:56      0.91      1.10
22:51:57      1.37      1.20
22:51:58      0.85      1.14
22:51:59      0.91      1.00
22:52:00      0.85      0.95
22:52:01      1.31      1.11
22:52:02      1.14      1.01
22:52:03      0.97      1.10
22:52:04      1.25      1.09
22:52:05      1.37      1.32
22:52:06      0.97      1.10
22:52:07      1.76      1.26
  Time           ens2       
HH:MM:SS   KB/s in  KB/s out
22:52:08      0.97      1.14
22:52:09      0.97      1.09
22:52:10      0.85      0.95
22:52:11      1.20      1.28
22:52:12      1.26      1.01
22:52:13      0.97      0.95
22:52:14      0.91      1.09
22:52:15      0.91      0.95
22:52:16      0.97      1.10
22:52:17      1.32      1.18
22:52:18      0.91      1.14
22:52:19      1.21      1.28
22:52:20      0.85      0.95
22:52:21      1.03      1.10
22:52:22      1.30      1.21
22:52:23      0.97      1.08
22:52:24      0.91      1.09
22:52:25      0.91      0.95
22:52:26      0.91      1.10
22:52:27      1.20      1.01
22:52:28      0.85      0.95
22:52:29      0.97      1.09
  Time           ens2       
HH:MM:SS   KB/s in  KB/s out
22:52:30      1.18      0.95
22:52:31      0.84      1.10
22:52:32      1.14      1.01
22:52:33      1.24      1.14
22:52:34      0.91      1.09
22:52:35      1.17      1.14
22:52:36      1.09      0.94
22:52:37      1.20      1.01
22:52:38      0.85      0.95
22:52:39      0.97      1.09
22:52:40      0.85      0.95
22:52:41      1.21      1.28
22:52:42      1.54      1.38
22:52:43      1.14      1.32
22:52:44      1.07      1.26
22:52:45      0.75      0.79
22:52:46      1.01      1.28
22:52:47      1.20      1.01
22:52:48      0.85      1.14
22:52:49      1.24      1.26
22:52:50      0.75      0.79
22:52:51      1.03      1.10
  Time           ens2       
HH:MM:SS   KB/s in  KB/s out
22:52:52      1.37      1.19
22:52:53      0.91      0.95
22:52:54      1.27      1.37
22:52:55      1.19      1.13
22:52:56      1.13      1.26
22:52:57      3.44      3.88
22:52:58      1.66      1.39
22:52:59     10.59      4.81
22:53:00      4.64      3.13
22:53:01      1.52      1.66
22:53:02      1.47      1.09
22:53:03      0.97      1.94
22:53:04      1.23      1.35
22:53:05      1.70      1.38
22:53:06     10.84      6.66
22:53:07      5.88      3.45
22:53:08      5.55      5.34
22:53:09      1.30      1.31
22:53:10      0.85      0.95
22:53:11      0.97      1.11
22:53:12      1.59      1.73
22:53:13      0.99      0.97
  Time           ens2       
HH:MM:SS   KB/s in  KB/s out
22:53:14     13.15     24.84
22:53:15      1.29      1.29
22:53:16      0.95      1.14
22:53:17      1.21      1.09
22:53:18      0.85      1.08
22:53:19      1.67      1.63
22:53:20      1.07      0.95
22:53:21      0.82      1.10
22:53:22      1.14      1.08
22:53:23      1.13      1.32
22:53:24      0.85      1.10
22:53:25      0.75      0.79
22:53:26      0.91      1.10
22:53:27      1.20      1.01
22:53:28      1.18      0.96
22:53:29      1.25      1.26
22:53:30      0.91      0.95
22:53:31      1.36      1.10
22:53:32      1.14      1.14
22:53:33      0.69      0.92
22:53:34      1.52      1.27
22:53:35      1.14      1.13
  Time           ens2       
HH:MM:SS   KB/s in  KB/s out
22:53:36      0.97      1.11
22:53:37      1.51      1.46
22:53:38      0.63      0.91
22:53:39      1.18      1.09
22:53:40      0.91      0.96
22:53:41      1.09      1.27
22:53:42      1.14      1.14
22:53:43      0.91      1.08
22:53:44      0.97      1.10
22:53:45      0.75      0.79
22:53:46      0.97      1.10
22:53:47      1.35      1.25
22:53:48      0.91      1.08
22:53:49      0.75      0.93
22:53:50      1.07      1.12
22:53:51      0.97      1.11
22:53:52      1.08      1.08
22:53:53      0.91      1.08
22:53:54      0.91      1.09
22:53:55      2.42      1.03
22:53:56      1.15      1.28
22:53:57      1.47      1.08
  Time           ens2       
HH:MM:SS   KB/s in  KB/s out
22:53:58      0.85      1.08
22:53:59      0.97      1.09
22:54:00      1.18      0.96
22:54:01      0.97      1.10
22:54:02      1.14      1.14
22:54:03      1.24      1.08
22:54:04      0.91      1.09
22:54:05      1.37      1.31
22:54:06      0.69      0.94
22:54:07      1.89      1.51
22:54:08      0.85      0.96
22:54:09      0.97      1.09
22:54:10      0.85      0.95
22:54:11      1.20      1.28
22:54:12      1.20      1.14
22:54:13      0.97      1.08
22:54:14      0.97      1.09
22:54:15      0.97      0.95
22:54:16      0.85      1.10
22:54:17      1.20      1.01
22:54:18      0.91      0.95
22:54:19      1.26      1.27
  Time           ens2       
HH:MM:SS   KB/s in  KB/s out
22:54:20      0.91      0.95
22:54:21      0.97      1.10
22:54:22      1.08      1.08
22:54:23      0.97      1.08
22:54:24      0.97      1.09
22:54:25      0.97      0.95
22:54:26      1.25      1.10
22:54:27      1.20      1.14
22:54:28      0.99      1.16
22:54:29      1.36      1.09
22:54:30      0.91      0.95
22:54:31      0.97      1.10
22:54:32      1.41      1.08
22:54:33      1.02      1.19
22:54:34      0.91      1.09
22:54:35      1.14      1.13
22:54:36      0.85      0.96
22:54:37      1.20      1.14
22:54:38      0.85      1.08
22:54:39      0.97      1.09
22:54:40      0.85      0.95
22:54:41      0.97      1.10
  Time           ens2       
HH:MM:SS   KB/s in  KB/s out
22:54:42      1.14      1.14
22:54:43      0.91      1.08
22:54:44      0.91      1.09
22:54:45      0.91      0.95
22:54:46      0.91      1.10
22:54:47      1.20      1.01
22:54:48      0.91      0.95
22:54:49      0.97      1.09
22:54:50      0.85      0.95
22:54:51      0.97      1.10
22:54:52      1.14      1.01
22:54:53      0.97      0.95
22:54:54      0.97      1.09
22:54:55      1.30      0.96
22:54:56      0.91      1.10
22:54:57      1.31      1.13
22:54:58      1.31      1.09
22:54:59      0.97      0.95
22:55:00      2.87      1.44
22:55:01      1.31      1.11
22:55:02      1.14      1.14
22:55:03      1.03      1.22
  Time           ens2       
HH:MM:SS   KB/s in  KB/s out
22:55:04      1.14      1.13
22:55:05      1.12      1.04
22:55:06      0.91      1.10
22:55:07      1.43      1.32
22:55:08      0.97      1.22
22:55:09      0.97      0.95
22:55:10      1.14      1.13
22:55:11      0.97      1.10
22:55:12      1.14      1.08
22:55:13      0.97      1.22
22:55:14      1.28      1.40
22:55:15      0.91      0.95
22:55:16      0.91      1.10
22:55:17      1.26      1.12
22:55:18      0.91      1.09
22:55:19      1.07      1.05
22:55:20      0.85      0.95
22:55:21      0.91      0.96
22:55:22      1.14      1.14
22:55:23      0.97      1.22
22:55:24      1.18      0.95
22:55:25      0.91      0.95
  Time           ens2       
HH:MM:SS   KB/s in  KB/s out
22:55:26      0.91      1.10
22:55:27      1.53      1.01
22:55:28      0.91      1.09
22:55:29      0.91      0.95
22:55:30      1.18      0.95
22:55:31      0.97      1.10
22:55:32      1.08      1.14
22:55:33      0.97      1.22
22:55:34      0.85      0.95
22:55:35      1.14      1.13
22:55:36      0.91      1.10
22:55:37      1.13      1.08
22:55:38      0.97      1.22
22:55:39      0.97      0.95
22:55:40      0.85      0.95
22:55:41      0.97      1.10
22:55:42      1.20      1.14
22:55:43      1.03      1.22
22:55:44      0.91      0.95
22:55:45      0.91      0.95
22:55:46      0.91      1.10
22:55:47      1.26      1.14
  Time           ens2       
HH:MM:SS   KB/s in  KB/s out
22:55:48      1.03      1.22
22:55:49      0.97      0.95
22:55:50      0.85      0.95
22:55:51      0.97      1.10
22:55:52      1.40      1.08
22:55:53      1.03      1.22
22:55:54      0.91      0.95
22:55:55      0.91      0.95
22:55:56      1.25      1.11
22:55:57      1.24      1.13
22:55:58      0.91      1.09
22:55:59      1.24      0.95
22:56:00      0.85      0.95
22:56:01      0.97      1.10
22:56:02      1.08      1.08
22:56:03      0.97      1.22
22:56:04      1.08      1.13
22:56:05      1.13      1.13
22:56:06      0.91      1.10
22:56:07      1.43      1.19
22:56:08      1.01      1.16
22:56:09      0.91      0.95
  Time           ens2       
HH:MM:SS   KB/s in  KB/s out
22:56:10      1.08      1.13
22:56:11      0.97      1.10
22:56:12      1.07      0.95
22:56:13      1.21      1.27
22:56:14      1.01      1.03
22:56:15      3.55      4.63
22:56:16      1.55      1.85
22:56:17      1.26      1.01
22:56:18      0.97      1.10
