  Time           ens2       
HH:MM:SS   KB/s in  KB/s out
22:56:39      3.95      3.67
22:56:40      3.21      3.83
22:56:41      3.46      3.19
22:56:42      0.55      0.84
22:56:43      0.70      0.77
22:56:44      0.79      0.86
22:56:45      7.21      4.66
22:56:46      0.65      0.67
22:56:47      0.41      0.47
22:56:48      0.48      0.42
22:56:49      0.58      0.38
22:56:50      0.54      0.69
22:56:51      0.68      0.38
22:56:52      0.49      0.64
22:56:53      0.81      0.67
22:56:54      1.21      0.73
22:56:55      0.64      0.78
22:56:56      0.42      0.42
22:56:57      0.97      0.65
22:56:58      0.42      0.42
22:56:59      0.88      0.77
22:57:00      0.76      1.01
  Time           ens2       
HH:MM:SS   KB/s in  KB/s out
22:57:01      0.68      0.70
22:57:02      3.71      4.84
22:57:03      3.12      2.48
22:57:04      3.44      3.84
22:57:05      2.54      2.41
22:57:06      2.47      2.59
22:57:07      1.96      2.17
22:57:08      2.18      2.68
22:57:10      1.85      1.90
22:57:11      2.40      2.69
22:57:12      2.06      2.43
22:57:13      1.60      1.43
22:57:14      2.11      2.32
22:57:15      2.58      2.49
22:57:16      1.46      1.69
22:57:17      2.21      2.57
22:57:18      2.12      2.32
22:57:19      1.86      1.94
22:57:20      2.01      1.93
22:57:21      2.62      2.39
22:57:22      2.12      2.24
22:57:23      1.86      2.17
  Time           ens2       
HH:MM:SS   KB/s in  KB/s out
22:57:24      1.66      1.49
22:57:25      2.22      2.23
22:57:26      1.59      2.21
22:57:27      2.39      2.32
22:57:28      1.70      1.84
22:57:29      1.86      2.27
22:57:30      1.91      1.88
22:57:31      2.37      2.69
22:57:32      1.65      1.88
22:57:33      1.83      2.40
22:57:34      1.36      1.40
22:57:35      2.15      2.53
22:57:36      2.24      2.64
22:57:37      2.17      2.54
22:57:38      1.86      2.40
22:57:39      2.15      2.52
22:57:40      1.69      1.72
22:57:41      2.00      2.18
22:57:42      2.11      2.38
22:57:43      2.11      2.51
22:57:44      2.14      2.28
22:57:45      1.74      1.66
  Time           ens2       
HH:MM:SS   KB/s in  KB/s out
22:57:46      2.06      2.61
22:57:47      1.77      2.12
22:57:48      2.50      2.85
22:57:49      1.83      2.20
22:57:50      2.80      2.57
22:57:51      1.86      2.42
22:57:52      1.82      1.92
22:57:53      2.45      2.27
22:57:54      2.17      2.08
22:57:55      2.64      2.21
22:57:56      1.86      2.21
22:57:57      1.71      1.87
22:57:58      2.34      2.56
22:57:59      1.85      2.01
22:58:00      2.01      2.13
22:58:01      2.21      2.69
22:58:02      2.16      2.35
22:58:03      1.94      1.98
22:58:04      2.17      2.24
22:58:05      2.25      2.47
22:58:06      2.51      2.85
22:58:07      2.21      2.58
  Time           ens2       
HH:MM:SS   KB/s in  KB/s out
22:58:08      2.04      2.42
22:58:09      2.25      2.56
22:58:10      2.27      2.60
22:58:11      2.26      2.39
22:58:12      2.28      2.68
22:58:13      2.21      2.37
22:58:14      1.90      2.08
22:58:15      2.00      2.40
22:58:16      2.29      2.52
22:58:17      2.25      2.58
22:58:18      2.40      2.23
22:58:19      1.95      2.29
22:58:20      2.71      3.15
22:58:21      2.64      2.63
22:58:22      1.98      2.48
22:58:23      2.08      2.34
22:58:24      2.32      2.41
22:58:25      1.91      2.22
22:58:26      2.35      2.49
22:58:27      2.13      2.31
22:58:28      2.09      2.56
22:58:29      1.95      2.09
  Time           ens2       
HH:MM:SS   KB/s in  KB/s out
22:58:30      2.36      2.59
22:58:31      1.98      2.57
22:58:32      2.21      2.65
22:58:33      2.26      2.50
22:58:34      2.06      2.27
22:58:35      2.24      2.55
22:58:36      2.19      2.51
22:58:37      1.97      2.12
22:58:38      2.34      2.43
22:58:39      1.76      1.97
22:58:40      2.27      2.34
22:58:41      2.33      2.44
22:58:42      2.17      2.40
22:58:43      1.92      2.33
22:58:44      2.31      2.55
22:58:45      2.11      2.28
22:58:46      2.13      2.47
22:58:47      2.30      2.35
22:58:48      1.64      2.03
22:58:49      1.99      2.23
22:58:50      2.65      2.30
22:58:51      2.22      2.76
  Time           ens2       
HH:MM:SS   KB/s in  KB/s out
22:58:52      2.49      2.98
22:58:53      2.17      2.15
22:58:54      2.39      2.64
22:58:55      2.11      2.22
22:58:56      2.19      2.47
22:58:57      2.08      2.54
22:58:58      2.93      2.92
22:58:59      1.97      2.44
22:59:00      2.31      2.43
22:59:01      2.26      2.67
22:59:02      2.02      2.47
22:59:03      2.14      2.11
22:59:04      2.05      2.29
22:59:05      2.43      2.42
22:59:06      2.40      2.64
22:59:07      2.03      2.44
22:59:08      2.13      2.35
22:59:09      1.70      2.02
22:59:10      2.44      2.32
22:59:11      2.45      2.97
22:59:12      2.03      2.32
22:59:13      3.52      4.18
  Time           ens2       
HH:MM:SS   KB/s in  KB/s out
22:59:14      2.83      3.07
22:59:15      1.84      2.00
22:59:16      2.26      2.14
22:59:17      1.75      2.01
22:59:18      1.88      1.81
22:59:19      1.95      1.62
22:59:20      2.09      2.16
22:59:21      1.35      1.53
22:59:22      2.24      2.00
22:59:23      1.48      1.84
22:59:24      1.65      1.82
22:59:25      1.85      1.88
22:59:26      1.75      1.99
22:59:27      1.59      1.94
22:59:28      1.84      2.02
22:59:29      1.76      1.75
22:59:30      1.92      2.07
22:59:31      1.76      1.93
22:59:32      1.61      2.06
22:59:33      1.76      2.08
22:59:34      1.56      1.66
22:59:35      1.79      2.03
  Time           ens2       
HH:MM:SS   KB/s in  KB/s out
22:59:36      1.92      2.06
22:59:37      1.76      1.97
22:59:38      1.68      1.92
22:59:39      1.31      1.44
22:59:40      2.00      1.69
22:59:41      1.64      2.09
22:59:42      1.75      2.04
22:59:43      1.71      2.08
22:59:44      1.41      1.70
22:59:45      2.30      1.85
22:59:46      1.74      1.99
22:59:47      1.63      2.13
22:59:48      2.13      2.09
22:59:49      1.75      1.87
22:59:50      2.25      2.04
22:59:51      1.78      1.67
22:59:52      1.74      2.00
22:59:53      1.57      1.82
22:59:54      1.91      1.89
22:59:55      1.80      1.77
22:59:56      2.00      2.26
22:59:57      1.67      1.96
  Time           ens2       
HH:MM:SS   KB/s in  KB/s out
22:59:58      2.21      2.32
22:59:59      1.32      1.67
23:00:00      2.26      2.46
23:00:01      1.79      1.95
23:00:02      2.16      2.06
23:00:03      1.42      1.70
23:00:04      1.74      2.08
23:00:05      2.03      1.81
23:00:06      1.95      2.32
23:00:07      2.13      2.60
23:00:08      1.38      1.50
23:00:09      1.73      2.08
23:00:10      1.63      1.62
23:00:11      1.60      2.06
23:00:12      1.62      1.81
23:00:13      1.90      2.03
23:00:14      1.55      1.57
23:00:15      1.80      1.86
23:00:16      1.68      2.03
23:00:17      1.94      1.92
23:00:18      1.96      2.11
23:00:19      2.07      2.35
  Time           ens2       
HH:MM:SS   KB/s in  KB/s out
23:00:20      1.90      1.56
23:00:21      1.76      1.98
23:00:22      1.40      1.76
23:00:23      1.74      2.01
23:00:24      1.38      1.66
23:00:25      2.01      2.17
23:00:26      1.83      2.16
23:00:27      1.56      1.93
23:00:28      1.84      1.95
23:00:29      1.84      2.07
23:00:30      2.03      1.92
23:00:31      1.22      1.48
23:00:32      1.97      2.23
23:00:33      1.33      1.73
23:00:34      2.04      2.32
23:00:35      1.97      1.95
23:00:36      1.99      2.35
23:00:37      1.58      1.83
23:00:38      2.02      2.23
23:00:39      1.56      1.67
23:00:40      2.03      2.13
23:00:41      2.02      2.10
  Time           ens2       
HH:MM:SS   KB/s in  KB/s out
23:00:42      1.70      1.92
23:00:43      1.76      1.58
23:00:44      1.59      1.87
23:00:45      1.85      2.02
23:00:46      2.41      2.30
23:00:47      1.52      1.67
23:00:48      1.63      1.86
23:00:49      2.03      1.71
23:00:50      1.84      1.53
23:00:51      1.58      1.72
23:00:52      1.97      1.96
23:00:53      1.67      1.97
23:00:54      1.68      1.92
23:00:55      1.88      2.04
23:00:56      1.57      1.63
23:00:57      1.80      2.19
23:00:58      1.60      1.67
23:00:59      1.76      2.00
23:01:00      1.77      2.03
23:01:01      1.96      2.18
23:01:02      1.53      1.63
23:01:03      1.51      1.79
  Time           ens2       
HH:MM:SS   KB/s in  KB/s out
23:01:04      1.82      2.15
23:01:05      1.82      1.92
23:01:06      1.67      1.80
23:01:07      1.90      2.41
23:01:08      1.84      1.96
23:01:09      1.70      1.63
23:01:10      1.74      2.05
23:01:11      2.12      2.27
23:01:12      1.98      1.74
23:01:13      1.46      1.75
23:01:14      1.87      2.06
23:01:15      2.00      1.81
23:01:16      2.02      2.15
23:01:17      1.94      2.42
23:01:18      2.08      1.84
23:01:19      1.75      1.92
23:01:20      1.88      1.88
23:01:21      1.19      1.67
23:01:22      1.45      1.79
23:01:23      1.71      2.18
23:01:24      2.09      1.93
23:01:25      1.54      1.95
  Time           ens2       
HH:MM:SS   KB/s in  KB/s out
23:01:26      1.78      1.92
23:01:27      1.69      2.05
23:01:28      1.74      1.82
23:01:29      1.97      2.13
23:01:30      1.74      1.76
23:01:31      1.94      2.31
23:01:32      1.67      1.63
23:01:33      1.75      1.97
23:01:34      2.06      1.89
23:01:35      1.51      1.99
23:01:36      1.74      1.87
23:01:37      1.74      2.14
23:01:38      1.54      1.63
23:01:39      1.98      2.00
23:01:40      1.86      2.16
23:01:41      1.69      1.76
23:01:42      1.89      2.10
23:01:43      1.74      1.99
23:01:44      1.91      1.75
23:01:45      1.96      2.03
23:01:46      1.73      2.03
23:01:47      2.18      2.18
  Time           ens2       
HH:MM:SS   KB/s in  KB/s out
23:01:48      1.25      1.54
23:01:49      2.20      2.24
23:01:50      1.62      1.96
23:01:51      1.38      1.68
23:01:52      2.03      2.37
23:01:53      1.42      1.65
23:01:54      1.91      1.66
23:01:55      1.38      1.72
23:01:56      1.80      1.97
23:01:57      1.91      2.23
23:01:58      1.68      1.87
23:01:59      1.60      1.72
23:02:00      1.81      1.88
23:02:01      1.75      2.21
23:02:02      1.60      2.00
23:02:03      1.62      1.89
23:02:04      1.70      1.74
23:02:05      1.67      1.91
23:02:06      1.87      1.97
23:02:07      1.62      1.94
23:02:08      1.27      1.64
23:02:09      1.56      1.79
  Time           ens2       
HH:MM:SS   KB/s in  KB/s out
23:02:10      2.20      1.99
23:02:11      1.70      1.92
23:02:12      1.53      1.90
23:02:13      1.94      1.86
23:02:14      1.76      1.88
23:02:15      1.92      2.24
23:02:16      1.77      1.71
23:02:17      2.05      2.49
23:02:18      1.67      1.72
23:02:19      1.99      2.18
23:02:20      1.55      1.49
23:02:21      1.51      1.82
23:02:22      1.53      1.91
23:02:23      1.55      1.79
23:02:24      1.60      1.79
23:02:25      1.62      1.72
23:02:26      1.73      2.10
23:02:27      1.52      1.83
23:02:28      1.67      1.89
23:02:29      1.78      2.00
23:02:30      1.46      1.49
23:02:31      1.38      1.70
  Time           ens2       
HH:MM:SS   KB/s in  KB/s out
23:02:32      1.95      2.22
23:02:33      1.49      1.90
23:02:34      1.72      1.58
23:02:35      1.49      1.80
23:02:36      1.57      1.82
23:02:37      1.67      2.05
23:02:38      1.80      2.00
23:02:39      1.87      1.79
23:02:40      1.87      1.82
23:02:41      1.18      1.49
23:02:42      4.07      5.74
23:02:43      4.98      4.18
23:02:44      2.17      2.33
23:02:45      1.40      1.16
23:02:46      1.75      2.13
23:02:47      1.88      2.01
23:02:48      1.31      1.53
23:02:49      1.74      1.74
23:02:50      1.46      1.64
23:02:51      1.40      1.61
23:02:52      1.44      1.78
23:02:53      1.51      1.67
  Time           ens2       
HH:MM:SS   KB/s in  KB/s out
23:02:54      1.96      1.96
23:02:55      1.52      1.67
23:02:56      1.44      1.71
23:02:57      1.75      2.00
23:02:58      1.67      1.88
23:02:59      1.62      1.48
23:03:00      1.38      1.56
23:03:01      1.52      1.81
23:03:02      1.73      2.04
23:03:03      1.45      1.66
23:03:04      1.55      1.63
23:03:05      1.70      1.89
23:03:06      1.14      1.30
23:03:07      1.60      1.95
23:03:08      1.71      1.45
23:03:09      1.87      2.20
23:03:10      1.51      1.67
23:03:11      1.80      1.88
23:03:12      1.52      1.83
23:03:13      1.16      1.35
23:03:14      1.77      1.57
23:03:15      1.07      1.41
  Time           ens2       
HH:MM:SS   KB/s in  KB/s out
23:03:16      1.74      1.96
23:03:17      1.48      1.96
23:03:18      1.35      1.44
23:03:19      1.91      2.05
23:03:20      1.57      1.66
23:03:21      1.24      1.50
23:03:22      1.38      1.53
23:03:23      1.14      1.39
23:03:24      1.66      1.55
23:03:25      1.46      1.79
23:03:26      1.57      1.82
23:03:27      1.37      1.71
23:03:28      1.44      1.63
23:03:29      1.59      1.72
23:03:30      1.13      1.16
23:03:31      1.51      1.80
23:03:32      1.94      2.34
23:03:33      1.52      1.78
23:03:34      1.53      1.41
23:03:35      1.21      1.45
23:03:36      1.37      1.56
23:03:37      1.84      1.82
  Time           ens2       
HH:MM:SS   KB/s in  KB/s out
23:03:38      1.17      1.47
23:03:39      1.51      1.72
23:03:40      1.70      1.30
23:03:41      1.73      2.19
23:03:42      1.38      1.57
23:03:43      1.79      1.66
23:03:44      1.48      1.63
23:03:45      1.22      1.49
23:03:46      1.44      1.70
23:03:47      1.56      2.08
23:03:48      1.38      1.49
23:03:49      1.49      1.47
23:03:50      1.45      1.74
23:03:51      1.37      1.71
23:03:52      1.27      1.42
23:03:53      1.20      1.42
23:03:54      1.72      1.91
23:03:55      1.32      1.62
23:03:56      1.34      1.59
23:03:57      1.78      2.17
23:03:58      1.50      1.66
23:03:59      1.78      2.00
  Time           ens2       
HH:MM:SS   KB/s in  KB/s out
23:04:00      1.75      1.95
23:04:01      1.38      1.70
23:04:02      1.64      1.91
23:04:03      1.36      1.49
23:04:04      1.78      1.88
23:04:05      1.76      1.94
23:04:06      1.78      1.60
23:04:07      1.53      1.96
23:04:08      1.43      1.52
23:04:09      2.07      1.73
23:04:10      1.24      1.41
23:04:11      1.77      2.05
23:04:12      2.06      1.79
23:04:13      1.56      1.42
23:04:14      1.85      1.95
23:04:15      1.73      1.73
23:04:16      1.44      1.71
23:04:17      1.74      1.85
23:04:18      1.72      1.90
23:04:19      1.84      1.75
23:04:20      1.16      1.35
23:04:21      1.51      2.04
  Time           ens2       
HH:MM:SS   KB/s in  KB/s out
23:04:22      1.44      1.75
23:04:23      1.46      1.67
23:04:24      1.61      1.64
23:04:25      1.92      2.05
23:04:26      1.21      1.48
23:04:27      3.78      2.57
23:04:28      1.08      1.16
23:04:29      1.86      2.08
23:04:30      1.28      1.44
23:04:31      1.39      1.71
23:04:32      1.77      2.05
23:04:33      2.08      1.95
23:04:34      1.80      1.89
23:04:35      1.88      1.66
23:04:36      1.79      2.19
23:04:37      1.39      1.71
23:04:38      1.84      1.66
23:04:39      1.64      1.73
23:04:40      1.68      1.79
23:04:41      1.65      1.70
23:04:42      1.64      1.82
23:04:43      1.38      1.55
  Time           ens2       
HH:MM:SS   KB/s in  KB/s out
23:04:44      1.80      1.66
23:04:45      1.19      1.43
23:04:46      1.79      1.93
23:04:47      1.67      1.89
23:04:48      1.79      1.72
23:04:49      1.52      1.46
23:04:50      1.32      1.42
23:04:51      1.81      1.93
23:04:52      1.59      1.79
23:04:53      1.51      1.40
23:04:54      2.03      2.02
23:04:55      1.47      1.70
23:04:56      1.59      2.02
23:04:57      1.44      1.51
23:04:58      1.44      1.38
23:04:59      1.69      1.46
23:05:00      1.08      1.16
23:05:01      1.73      1.94
23:05:02      1.68      2.04
23:05:03      1.59      1.83
23:05:04      1.83      1.45
23:05:05      1.68      1.84
  Time           ens2       
HH:MM:SS   KB/s in  KB/s out
23:05:06      1.33      1.51
23:05:07      1.88      2.05
23:05:08      1.38      1.55
23:05:09      1.69      1.82
23:05:10      1.65      1.32
23:05:11      1.72      2.14
23:05:12      1.64      2.01
23:05:13      1.37      1.32
23:05:14      1.69      1.73
23:05:15      1.28      1.34
23:05:16      1.57      1.73
23:05:17      1.76      2.26
23:05:18      1.45      1.42
23:05:19      1.64      1.68
23:05:20      1.38      1.47
23:05:21      1.26      1.70
23:05:22      1.68      1.97
23:05:23      1.25      1.39
23:05:24      1.87      1.91
23:05:25      1.67      1.90
23:05:26      1.60      1.84
23:05:27      1.24      1.66
  Time           ens2       
HH:MM:SS   KB/s in  KB/s out
23:05:28      1.49      1.50
23:05:29      1.66      1.84
23:05:30      1.54      1.73
23:05:31      1.86      2.14
23:05:32      1.37      1.62
23:05:33     13.70      6.73
23:05:34      1.21      1.22
23:05:35      7.56      4.51
23:05:36      1.77      1.51
23:05:37      1.81      1.94
23:05:38      1.72      1.68
23:05:39      2.02      1.67
23:05:40      1.32      1.57
23:05:41      1.40      1.58
23:05:42      1.66      1.86
23:05:43      1.36      1.53
23:05:44      1.83      1.94
23:05:45      1.51      1.66
23:05:46      1.48      1.90
23:05:47      1.74      2.00
23:05:48      1.02      1.16
23:05:49      1.85      2.00
  Time           ens2       
HH:MM:SS   KB/s in  KB/s out
23:05:50      1.36      1.62
23:05:51      1.31      1.48
23:05:52      1.54      1.91
23:05:53      1.14      1.33
23:05:54      1.61      1.57
23:05:55      1.38      1.57
23:05:56      1.51      1.80
23:05:57      1.43      1.54
23:05:58      1.91      2.30
23:05:59      1.37      1.35
23:06:00      1.45      1.60
23:06:01      1.45      1.79
23:06:02      1.65      1.60
23:06:03      1.65      1.93
23:06:04      1.38      1.33
23:06:05      1.94      1.76
23:06:06      1.75      2.01
23:06:07      1.58      1.87
23:06:08      1.84      1.42
23:06:09      1.68      1.72
23:06:10      1.24      1.45
23:06:11      1.73      1.95
  Time           ens2       
HH:MM:SS   KB/s in  KB/s out
23:06:12      1.14      1.31
23:06:13      1.43      1.37
23:06:14      1.43      1.54
23:06:15      1.15      1.34
23:06:16      1.38      1.79
23:06:17      1.74      2.01
23:06:18      1.38      1.55
23:06:19      1.72      1.75
23:06:20      1.62      1.89
23:06:21      1.64      1.82
23:06:22      1.37      1.71
23:06:23      1.36      1.45
23:06:24      1.40      1.54
23:06:25      1.79      1.98
23:06:26      1.31      1.70
23:06:27      1.33      1.59
23:06:28      1.54      1.70
23:06:29      1.80      1.79
23:06:30      1.10      1.35
23:06:31      1.98      1.98
23:06:32      1.32      1.95
23:06:33      1.71      1.89
  Time           ens2       
HH:MM:SS   KB/s in  KB/s out
23:06:34      2.00      1.72
23:06:35      1.44      1.46
23:06:36      1.81      2.07
23:06:37      1.71      1.52
23:06:38      1.47      1.72
23:06:39      1.44      1.42
23:06:40      1.31      1.51
23:06:41      1.44      1.77
23:06:42      1.51      1.81
23:06:43      1.37      1.55
23:06:44      1.44      1.39
23:06:45      1.38      1.65
23:06:46      1.45      1.62
23:06:47      1.88      2.21
23:06:48      1.33      1.46
23:06:49      1.66      1.68
23:06:50      1.79      1.97
23:06:51      1.26      1.47
23:06:52      1.37      1.54
23:06:53      1.74      2.06
23:06:54      1.55      1.56
23:06:55      1.65      1.83
  Time           ens2       
HH:MM:SS   KB/s in  KB/s out
23:06:56      1.44      1.73
23:06:57      1.66      1.84
23:06:58      1.56      1.64
23:06:59      1.66      1.75
23:07:00      1.71      1.49
23:07:01      1.57      1.51
23:07:02      1.23      1.50
23:07:03      2.21      2.14
23:07:04      1.23      1.41
23:07:05      2.09      2.20
23:07:06      1.77      1.45
23:07:07      1.56      1.66
23:07:08      1.52      1.70
23:07:09      1.60      1.65
23:07:10      1.31      1.62
23:07:11      1.87      2.22
23:07:12      1.14      1.31
23:07:13      1.66      1.85
23:07:14      1.66      1.68
23:07:15      1.60      1.69
23:07:16      1.39      1.60
23:07:17      1.43      1.80
  Time           ens2       
HH:MM:SS   KB/s in  KB/s out
23:07:18      1.69      1.76
23:07:19      2.04      2.06
23:07:20      1.24      1.52
23:07:21      1.67      1.85
23:07:22      1.34      1.58
23:07:23      1.31      1.39
23:07:24      1.83      1.97
23:07:25      1.25      1.35
23:07:26      1.67      1.94
23:07:27      1.38      1.71
23:07:28      1.15      1.27
23:07:29      2.07      1.70
23:07:30      1.21      1.26
23:07:31      1.29      1.38
23:07:32      2.06      1.99
23:07:33      1.31      1.39
23:07:34      1.80      1.83
23:07:35      1.93      1.75
23:07:36      1.14      1.30
23:07:37      1.52      1.82
23:07:38      1.32      1.38
23:07:39      2.02      1.97
  Time           ens2       
HH:MM:SS   KB/s in  KB/s out
23:07:40      1.38      1.49
23:07:41      1.69      1.89
23:07:42      1.61      1.94
23:07:43      1.83      2.10
23:07:44      1.40      1.33
23:07:45      1.56      1.64
23:07:46      1.45      1.52
23:07:47      1.54      1.85
23:07:48      1.02      1.16
23:07:49      1.54      1.60
23:07:50      1.41      1.79
23:07:51      1.64      1.96
23:07:52      1.30      1.47
23:07:53      1.53      1.74
23:07:54      1.39      1.43
23:07:55      1.11      1.34
23:07:56      1.45      1.64
23:07:57      2.02      2.34
23:07:58      1.78      1.60
23:07:59      1.66      1.88
23:08:00      1.61      1.58
23:08:01      1.85      1.96
  Time           ens2       
HH:MM:SS   KB/s in  KB/s out
23:08:02      1.75      1.99
23:08:03      1.13      1.34
23:08:04      2.24      1.87
23:08:05      1.40      1.47
23:08:06      1.69      1.91
23:08:07      1.76      2.16
23:08:08      1.98      2.15
23:08:09      1.27      1.22
23:08:10      1.56      1.83
23:08:11      1.54      1.78
23:08:12      1.67      1.71
23:08:13      1.33      1.65
23:08:14      1.41      1.41
23:08:15      1.33      1.50
23:08:16      1.38      1.54
23:08:17      1.68      1.93
23:08:18      1.39      1.73
23:08:19      1.66      1.74
23:08:20      1.62      1.46
23:08:21      1.79      2.14
23:08:22      1.55      1.88
23:08:23      1.55      1.73
  Time           ens2       
HH:MM:SS   KB/s in  KB/s out
23:08:24      1.82      1.72
23:08:25      1.73      1.83
23:08:26      1.21      1.47
23:08:27      1.77      1.64
23:08:28      1.54      1.78
23:08:29      1.79      1.52
23:08:30      2.00      1.83
23:08:31      1.27      1.41
23:08:32      1.39      1.70
23:08:33      2.08      1.84
23:08:34      1.59      1.81
23:08:35      1.55      1.61
23:08:36      1.38      1.67
23:08:37      1.69      1.96
23:08:38      1.52      1.82
23:08:39      1.37      1.39
23:08:40      1.68      1.87
23:08:41      1.30      1.52
23:08:42      1.80      2.13
23:08:43      1.40      1.59
23:08:44      1.57      1.53
23:08:45      1.59      1.76
  Time           ens2       
HH:MM:SS   KB/s in  KB/s out
23:08:46      1.27      1.38
23:08:47      1.55      1.63
23:08:48      1.73      1.97
23:08:49      3.20      1.79
23:08:50      1.39      1.43
23:08:51      1.25      1.63
23:08:52      1.52      1.88
23:08:53      1.19      1.33
23:08:54      1.75      1.62
23:08:55      1.14      1.16
23:08:56      1.95      2.01
23:08:57      1.60      1.84
23:08:58      1.08      1.16
23:08:59      2.22      1.66
23:09:00      1.54      1.90
23:09:01      1.61      1.51
23:09:02      1.72      1.47
23:09:03      1.44      1.66
23:09:04      1.58      1.58
23:09:05      1.80      1.58
23:09:06      1.15      1.30
23:09:07      2.03      1.88
  Time           ens2       
HH:MM:SS   KB/s in  KB/s out
23:09:08      1.37      1.55
23:09:09      1.73      1.72
23:09:10      1.38      1.56
23:09:11      1.37      1.56
23:09:12      1.47      1.57
23:09:13      1.53      1.80
23:09:14      1.55      1.61
23:09:15      1.51      1.66
23:09:16      1.14      1.48
23:09:17      1.76      2.10
23:09:18      1.39      1.65
23:09:19      1.76      1.74
23:09:20      1.45      1.66
23:09:21      1.13      1.30
23:09:22      1.66      1.93
23:09:23      1.37      1.55
23:09:24      2.03      2.10
23:09:25      1.41      0.96
23:09:26      1.38      1.59
23:09:27      1.45      1.82
23:09:28      2.06      1.72
23:09:29      1.67      1.70
  Time           ens2       
HH:MM:SS   KB/s in  KB/s out
23:09:30      1.90      2.17
23:09:31      1.41      1.16
23:09:32      1.46      1.88
23:09:33      1.59      1.72
23:09:34      1.65      1.79
23:09:35      1.08      0.96
23:09:36      1.68      1.80
23:09:37      1.38      1.71
23:09:38      1.67      1.88
23:09:39      1.49      1.32
23:09:40      1.38      1.62
23:09:41      1.57      1.55
23:09:42      1.32      1.71
23:09:43      1.33      1.44
23:09:44      1.61      1.52
23:09:45      1.50      1.72
23:09:46      1.67      1.77
23:09:47      1.84      2.18
23:09:48      1.14      1.16
23:09:49      1.71      1.90
23:09:50      1.38      1.54
23:09:51      1.87      1.87
  Time           ens2       
HH:MM:SS   KB/s in  KB/s out
23:09:52      1.08      1.12
23:09:53      1.50      1.41
23:09:54      1.91      1.56
23:09:55      1.57      1.66
23:09:56      1.08      1.30
23:09:57      1.91      1.88
23:09:58      1.13      1.37
23:09:59      1.67      1.68
23:10:00      1.55      1.45
23:10:01      1.46      1.80
23:10:02      1.51      1.88
23:10:03      1.34      1.73
23:10:04      1.75      1.88
23:10:05      1.46      1.30
23:10:06      1.51      1.55
23:10:07      2.18      2.28
23:10:08      1.15      1.08
23:10:09      1.60      1.39
23:10:10      1.68      1.86
23:10:11      1.68      1.96
23:10:12      1.63      1.74
23:10:13      1.60      1.64
  Time           ens2       
HH:MM:SS   KB/s in  KB/s out
23:10:14      1.84      1.92
23:10:15      1.18      1.42
23:10:16      1.67      1.78
23:10:17      1.68      1.72
23:10:18      1.27      1.45
23:10:19      1.75      1.38
23:10:20      1.02      1.16
23:10:21      1.86      2.20
23:10:22      1.52      1.86
23:10:23      1.60      1.26
23:10:24      1.44      1.49
23:10:25      1.51      1.72
23:10:26      1.48      1.28
23:10:27      1.79      1.76
23:10:28      1.18      1.24
23:10:29      2.20      1.63
23:10:30      1.47      1.36
23:10:31      1.79      1.97
23:10:32      1.24      1.61
23:10:33      1.36      1.51
23:10:34      2.30      2.45
23:10:35      1.21      1.08
  Time           ens2       
HH:MM:SS   KB/s in  KB/s out
23:10:36      1.37      1.46
23:10:37      1.61      1.95
23:10:38      1.26      1.30
23:10:39      1.44      1.39
23:10:40      1.39      1.38
23:10:41      1.44      1.70
23:10:42      1.46      1.98
23:10:43      1.18      1.13
23:10:44      1.68      1.55
23:10:45      1.46      1.55
23:10:46      1.51      1.54
23:10:47      1.60      1.63
23:10:48      1.27      1.43
23:10:49      1.93      1.76
23:10:50      1.24      1.25
23:10:51      1.59      1.88
23:10:52      1.72      1.56
23:10:53      1.08      0.97
23:10:54      1.48      1.51
23:10:55      1.93      1.70
23:10:56      1.39      1.41
23:10:57      1.67      1.64
  Time           ens2       
HH:MM:SS   KB/s in  KB/s out
23:10:58      1.49      1.08
23:10:59      1.54      1.47
23:11:00      1.51      1.83
23:11:01      1.38      1.28
23:11:02      1.67      1.76
23:11:03      1.31      1.16
23:11:04      1.86      1.63
23:11:05      1.41      1.17
23:11:06      1.69      1.74
23:11:07      1.83      1.82
23:11:08      1.38      1.45
23:11:09      1.66      1.55
23:11:10      1.73      1.79
23:11:11      1.49      1.83
23:11:12      1.63      1.62
23:11:13      1.19      1.13
23:11:14      1.74      1.55
23:11:15      1.13      1.32
23:11:16      1.39      1.59
23:11:17      1.66      1.70
23:11:18      1.52      1.41
23:11:19      1.85      1.68
  Time           ens2       
HH:MM:SS   KB/s in  KB/s out
23:11:20      1.45      1.73
23:11:21      1.77      1.72
23:11:22      1.82      1.80
23:11:23      1.14      1.35
23:11:24      2.38      2.06
23:11:25      1.38      1.37
23:11:26      1.39      1.60
23:11:27      1.88      1.63
23:11:28      1.46      1.69
23:11:29      1.50      1.52
23:11:30      1.25      1.40
23:11:31      1.57      1.55
23:11:32      1.59      1.77
23:11:33      1.51      1.46
23:11:34      1.24      1.22
23:11:35      1.57      1.87
23:11:36      1.31      1.55
23:11:37      1.63      1.97
23:11:38      1.25      1.34
23:11:39      1.80      1.53
23:11:40      1.37      1.71
23:11:41      1.56      1.66
  Time           ens2       
HH:MM:SS   KB/s in  KB/s out
23:11:42      1.72      2.02
23:11:43      1.28      1.29
23:11:44      1.33      1.29
23:11:45      1.58      1.58
23:11:46      1.18      1.37
23:11:47      1.82      2.07
23:11:48      1.22      1.34
23:11:49      1.60      1.71
23:11:50      1.82      2.00
23:11:51      1.43      1.25
23:11:52      1.79      1.89
23:11:53      1.86      1.99
23:11:54      1.58      1.62
23:11:55      1.65      1.99
23:11:56      1.71      1.56
23:11:57      1.74      2.00
23:11:58      1.43      1.73
23:11:59      1.90      1.76
23:12:00      1.37      1.77
23:12:01      1.50      1.67
23:12:02      1.10      1.48
23:12:03      1.67      1.77
  Time           ens2       
HH:MM:SS   KB/s in  KB/s out
23:12:04      1.50      1.69
23:12:05      1.59      1.71
23:12:06      1.54      1.65
23:12:07      1.69      1.99
23:12:08      1.31      1.57
23:12:09      1.66      1.74
23:12:10      1.61      2.05
23:12:11      1.79      1.83
23:12:12      1.37      1.63
23:12:13      1.74      1.76
23:12:14      1.41      1.48
23:12:15      1.81      1.94
23:12:16      1.31      1.48
23:12:17      1.75      2.29
23:12:18      1.28      1.35
23:12:19      1.94      1.67
23:12:20      1.20      1.51
23:12:21      1.16      1.34
23:12:22      1.73      1.80
23:12:23      0.93      0.89
23:12:24      1.33      1.30
23:12:26      1.19      0.92
  Time           ens2       
HH:MM:SS   KB/s in  KB/s out
23:12:27      1.31      1.31
23:12:28      1.28      1.32
23:12:29      1.75      1.83
23:12:30      1.45      1.21
23:12:31      1.39      1.59
23:12:32      1.32      1.52
23:12:33      1.45      1.67
23:12:34      1.17      1.30
23:12:35      1.63      1.75
23:12:36      0.86      0.92
23:12:37      1.52      1.61
23:12:38      1.08      1.29
23:12:39      1.45      1.58
23:12:40      1.38      1.47
23:12:41      1.47      1.65
23:12:42      1.21      1.41
23:12:43      1.46      1.52
23:12:44      1.37      1.28
23:12:45      1.76      1.67
23:12:46      1.33      1.50
23:12:47      1.34      1.54
23:12:48      1.56      1.82
  Time           ens2       
HH:MM:SS   KB/s in  KB/s out
23:12:49      1.50      1.24
23:12:50      1.55      1.33
23:12:51      1.47      1.56
23:12:52      1.43      1.35
23:12:53      1.47      1.66
23:12:54      1.39      1.64
23:12:55      1.67      1.35
23:12:56      1.22      1.36
23:12:57      1.40      1.45
23:12:58      1.69      1.71
23:12:59      1.04      1.07
23:13:00      1.62      1.65
23:13:01      1.09      1.46
23:13:02      1.33      1.46
23:13:03      1.23      1.50
23:13:04      1.26      1.43
23:13:05      1.33      1.25
23:13:06      1.68      1.89
23:13:07      1.32      1.37
23:13:08      1.76      2.13
23:13:09      1.80      2.19
23:13:10      1.60      1.56
  Time           ens2       
HH:MM:SS   KB/s in  KB/s out
23:13:11      1.50      1.66
23:13:12      1.33      1.37
23:13:13      1.70      2.15
23:13:14      1.39      1.43
23:13:15      1.91      2.05
23:13:16      1.43      1.66
23:13:17      2.01      1.81
23:13:18      1.86      2.09
23:13:19      1.25      1.46
23:13:20      1.98      2.13
23:13:21      1.97      1.97
23:13:22      1.61      1.73
23:13:23      1.57      1.82
23:13:24      1.64      1.57
23:13:25      1.84      2.07
23:13:26      1.29      1.67
23:13:27      1.10      1.34
23:13:28      1.67      2.10
23:13:29      1.23      1.45
23:13:30      1.75      2.02
23:13:31      1.52      1.75
23:13:32      1.70      1.84
  Time           ens2       
HH:MM:SS   KB/s in  KB/s out
23:13:33      1.39      1.62
23:13:34      1.67      2.01
23:13:35      1.57      1.59
23:13:36      1.44      1.70
23:13:37      1.70      1.85
23:13:38      1.48      1.53
23:13:39      1.32      1.55
23:13:40      1.57      1.66
23:13:41      1.48      1.88
23:13:42      1.74      2.00
23:13:43      1.38      1.71
23:13:44      1.50      1.66
23:13:45      1.47      1.54
23:13:46      2.25      1.97
23:13:47      1.50      1.56
23:13:48      1.81      1.92
23:13:49      1.71      1.66
23:13:50      1.71      1.62
23:13:51      1.61      1.77
23:13:52      2.42      2.15
23:13:53      1.44      1.64
23:13:54      1.50      1.66
  Time           ens2       
HH:MM:SS   KB/s in  KB/s out
23:13:55      1.64      1.95
23:13:56      1.66      1.92
23:13:57      1.31      1.38
23:13:58      1.74      2.07
23:13:59      1.55      1.71
23:14:00      1.54      1.51
23:14:01      1.61      2.10
23:14:02      1.57      1.66
23:14:03      1.44      1.77
23:14:04      1.67      1.76
23:14:05      1.94      1.95
23:14:06      1.49      1.69
23:14:07      1.61      1.80
23:14:08      2.04      2.28
23:14:09      1.19      1.16
23:14:10      1.88      1.85
23:14:11      1.32      1.55
23:14:12      1.57      1.81
23:14:13      1.67      1.89
23:14:14      1.44      1.65
23:14:15      2.10      1.89
23:14:16      1.79      2.20
  Time           ens2       
HH:MM:SS   KB/s in  KB/s out
23:14:17      1.18      1.44
23:14:18      2.37      2.32
23:14:19      1.31      1.55
23:14:20      2.06      2.09
23:14:21      1.71      1.71
23:14:22      1.87      2.22
23:14:23      1.49      1.68
23:14:24      1.21      1.26
23:14:25      1.84      2.13
23:14:26      1.36      1.53
23:14:27      1.48      1.97
23:14:28      1.73      1.89
23:14:29      1.55      1.63
23:14:30      1.79      1.60
23:14:31      1.54      1.89
23:14:32      1.50      1.60
23:14:33      1.62      2.02
23:14:34      1.53      1.61
23:14:35      1.38      1.34
23:14:36      1.74      1.92
23:14:37      1.23      1.50
23:14:38      1.08      1.09
  Time           ens2       
HH:MM:SS   KB/s in  KB/s out
23:14:39      1.52      1.77
23:14:40      1.77      1.79
23:14:41      1.66      1.98
23:14:42      1.50      1.65
23:14:43      1.62      1.87
23:14:44      1.55      1.33
23:14:45      1.96      2.06
23:14:46      1.56      1.63
23:14:47      2.07      2.22
23:14:48      1.67      1.84
23:14:49      1.53      1.67
23:14:50      2.25      1.69
23:14:51      1.06      1.34
23:14:52      1.43      1.77
23:14:53      1.53      1.73
23:14:54      1.31      1.67
23:14:55      1.74      1.79
23:14:56      1.23      1.30
23:14:57      1.81      1.95
23:14:58      1.33      1.46
23:14:59      1.89      2.43
23:15:00      1.72      1.72
  Time           ens2       
HH:MM:SS   KB/s in  KB/s out
23:15:01      1.83      2.22
23:15:02      1.15      1.27
23:15:03      1.74      2.05
23:15:04      1.80      1.95
23:15:05      1.45      1.47
23:15:06      1.76      2.23
23:15:07      1.81      1.97
23:15:08      1.34      1.62
23:15:09      1.55      1.83
23:15:10      1.73      1.80
23:15:11      2.21      2.44
23:15:12      1.29      1.65
23:15:13      2.41      1.90
23:15:14      1.60      1.89
23:15:15      1.73      1.78
23:15:16      1.73      1.48
23:15:17      1.63      1.81
23:15:18      1.57      1.37
23:15:19      1.33      1.20
23:15:20      2.33      2.18
23:15:21      1.64      1.82
23:15:22      1.34      1.52
  Time           ens2       
HH:MM:SS   KB/s in  KB/s out
23:15:23      1.55      1.42
23:15:24      1.46      1.69
23:15:25      2.01      2.12
23:15:26      1.49      1.64
23:15:27      1.86      1.78
23:15:28      1.22      1.30
23:15:29      1.61      1.98
23:15:30      1.68      1.72
23:15:31      1.87      1.71
23:15:32      1.49      1.70
23:15:33      1.15      1.25
23:15:34      1.67      1.46
23:15:35      1.61      1.77
23:15:36      1.24      1.50
23:15:37      1.54      1.92
23:15:38      1.38      1.55
23:15:39      1.68      1.73
23:15:40      1.78      1.72
23:15:41      1.46      1.74
23:15:42      1.77      1.71
23:15:43      1.41      1.35
23:15:44      1.67      1.64
  Time           ens2       
HH:MM:SS   KB/s in  KB/s out
23:15:45      1.94      1.73
23:15:46      1.21      1.28
23:15:47      2.05      2.06
23:15:48      1.97      1.83
23:15:49      1.51      1.66
23:15:50      1.47      1.58
23:15:51      1.60      1.86
23:15:52      1.86      1.87
23:15:53      1.29      1.30
23:15:54      1.72      1.83
23:15:55      1.37      1.64
23:15:56      1.53      1.76
23:15:57      1.36      1.81
23:15:58      1.86      1.84
23:15:59      1.17      1.33
23:16:00      1.75      1.46
23:16:01      1.52      1.64
23:16:02      1.57      1.57
23:16:03      1.54      1.63
23:16:04      1.57      1.39
23:16:05      1.94      1.99
23:16:06      1.86      1.80
  Time           ens2       
HH:MM:SS   KB/s in  KB/s out
23:16:07      1.49      1.92
23:16:08      1.72      1.82
23:16:09      1.67      1.90
23:16:10      1.79      1.66
23:16:11      2.28      1.96
23:16:12      1.59      1.93
23:16:13      1.07      1.23
23:16:14      1.54      1.33
23:16:15      1.86      2.18
23:16:16      1.66      2.16
23:16:17      1.95      1.88
23:16:18      1.35      1.44
23:16:19      1.54      1.46
23:16:20      1.96      1.67
23:16:21      1.46      1.88
23:16:22      1.57      1.81
23:16:23      1.23      1.48
23:16:24      1.61      1.72
23:16:25      1.78      1.79
23:16:26      1.57      1.55
23:16:27      1.08      1.32
23:16:28      1.27      1.55
  Time           ens2       
HH:MM:SS   KB/s in  KB/s out
23:16:29      1.57      1.52
23:16:30      1.73      1.72
23:16:31      1.48      1.62
23:16:32      1.57      1.81
23:16:33      1.11      1.15
23:16:34      1.60      1.83
23:16:35      1.51      1.72
23:16:36      1.98      1.91
23:16:37      1.38      1.46
23:16:38      1.37      1.33
23:16:39      1.24      1.33
23:16:40      2.19      1.72
23:16:41      1.13      1.11
23:16:42      1.57      1.55
23:16:43      1.65      1.58
23:16:44      1.72      1.66
23:16:45      1.47      1.81
23:16:46      2.02      1.72
23:16:47      1.62      1.61
23:16:48      1.57      1.82
23:16:49      1.67      1.46
23:16:50      2.00      1.80
  Time           ens2       
HH:MM:SS   KB/s in  KB/s out
23:16:51      1.50      1.88
23:16:52      2.03      2.14
23:16:53      1.42      1.74
23:16:54      1.95      1.75
23:16:55      1.08      1.16
23:16:56      1.33      1.49
23:16:57      1.41      1.54
23:16:58      1.90      2.17
23:16:59      1.33      1.41
23:17:00      1.95      1.80
23:17:01      1.44      1.61
23:17:02      1.38      1.41
23:17:03      1.34      1.32
23:17:04      1.82      1.88
23:17:05      1.65      1.83
23:17:06      1.68      1.80
23:17:07      1.58      2.07
23:17:08      1.31      1.20
23:17:09      1.92      1.40
23:17:10      1.51      1.62
23:17:11      2.05      2.06
23:17:12      1.77      1.71
  Time           ens2       
HH:MM:SS   KB/s in  KB/s out
23:17:13      1.81      1.80
23:17:14      1.60      1.30
23:17:15      2.14      2.23
23:17:16      1.60      1.60
23:17:17      1.60      2.00
23:17:18      1.42      1.55
23:17:19      1.57      1.57
23:17:20      2.10      1.71
23:17:21      1.62      1.83
23:17:22      1.57      1.78
23:17:23      1.50      1.40
23:17:24      1.67      1.72
23:17:25      1.82      1.99
23:17:26      1.88      2.03
23:17:27      1.57      1.72
23:17:28      1.67      1.53
23:17:29      1.66      1.66
23:17:30      1.53      1.99
23:17:31      1.75      1.97
23:17:32      1.76      2.16
23:17:33      1.42      1.68
23:17:34      1.79      1.59
  Time           ens2       
HH:MM:SS   KB/s in  KB/s out
23:17:35      1.37      1.62
23:17:36      1.48      1.52
23:17:37      1.72      1.86
23:17:38      5.17      6.24
23:17:39      2.94      2.66
23:17:40      1.57      1.51
23:17:41      2.08      2.15
23:17:42      1.44      1.63
23:17:43      1.40      1.53
23:17:44      2.23      1.78
23:17:45      1.39      1.66
23:17:46      1.67      1.71
23:17:47      1.57      2.00
23:17:48      1.61      1.72
23:17:49      1.43      1.33
23:17:50      1.39      1.55
23:17:51      1.44      1.78
23:17:52      1.52      1.80
23:17:53      1.55      1.64
23:17:54      1.72      1.59
23:17:55      3.66      3.84
23:17:56      2.37      2.82
  Time           ens2       
HH:MM:SS   KB/s in  KB/s out
23:17:57      1.51      1.81
23:17:58      1.43      1.72
23:17:59      1.98      1.95
23:18:00      1.52      1.89
23:18:01      1.59      1.72
23:18:02      1.43      1.71
23:18:03      1.51      1.66
23:18:04      2.13      2.11
23:18:05      1.61      1.83
23:18:06      1.95      2.06
23:18:07      2.17      2.14
23:18:08      1.62      1.76
23:18:09      1.74      1.46
23:18:10      2.28      2.05
23:18:11      1.61      1.60
23:18:12      1.68      2.07
23:18:13      1.77      1.49
23:18:14      2.07      1.92
23:18:15      2.30      2.26
23:18:16      3.39      3.68
23:18:17      2.07      2.34
23:18:18      1.50      1.71
  Time           ens2       
HH:MM:SS   KB/s in  KB/s out
23:18:19      2.13      1.93
23:18:20      1.31      1.35
23:18:21      1.18      1.47
23:18:22      1.68      1.78
23:18:23      1.18      1.55
23:18:24      2.04      2.07
23:18:25      1.55      1.66
23:18:26      1.57      1.90
23:18:27      1.75      1.91
23:18:28      1.74      2.00
23:18:29      1.18      1.10
23:18:30      1.52      1.76
23:18:31      1.38      1.71
23:18:32      1.65      1.94
23:18:33      1.36      1.55
23:18:34      1.88      1.87
23:18:35      1.46      1.63
23:18:36      2.18      1.75
23:18:37      1.31      1.47
23:18:38      1.52      1.62
23:18:39      2.17      2.10
23:18:40      1.74      1.95
  Time           ens2       
HH:MM:SS   KB/s in  KB/s out
23:18:41      1.61      1.90
23:18:42      1.67      1.42
23:18:43      1.40      1.59
23:18:44      2.10      2.19
23:18:45      1.42      1.53
23:18:46      3.13      3.17
23:18:47      1.38      1.62
23:18:48      1.52      1.48
23:18:49      1.40      1.30
23:18:50      1.28      1.51
23:18:51      1.10      1.27
23:18:52      2.97      3.00
23:18:53      1.79      1.73
23:18:54      1.50      1.45
23:18:55      1.12      1.27
23:18:56      1.06      1.27
23:18:57      1.38      1.50
23:18:58      1.58      1.48
23:18:59      1.07      1.03
23:19:00      1.07      1.29
23:19:01      1.33      1.48
23:19:02      1.57      1.62
  Time           ens2       
HH:MM:SS   KB/s in  KB/s out
23:19:03      1.03      1.17
23:19:04      1.20      1.36
23:19:05      1.82      1.70
23:19:06      1.32      1.45
23:19:07      1.16      1.73
23:19:08      1.56      1.28
23:19:09      1.13      1.15
23:19:10      1.74      1.71
23:19:11      1.56      1.64
23:19:12      1.44      1.76
23:19:13      1.09      1.18
23:19:14      1.37      1.42
23:19:15      1.12      1.20
23:19:16      1.08      1.28
23:19:17      2.72      3.69
23:19:18      1.44      1.39
23:19:19      2.03      1.97
23:19:20      1.23      1.34
23:19:21      1.09      1.38
23:19:22      1.30      1.60
23:19:23      1.03      1.24
23:19:24      1.97      1.68
  Time           ens2       
HH:MM:SS   KB/s in  KB/s out
23:19:25      2.00      2.16
23:19:26      2.82      3.11
23:19:27      2.22      2.29
23:19:28      1.58      1.66
23:19:29      1.39      1.29
23:19:30      1.38      1.53
23:19:31      0.88      1.18
23:19:32      1.50      1.62
23:19:33      1.39      1.38
23:19:34      2.10      1.51
23:19:35      1.16      1.28
23:19:36      1.25      1.41
23:19:37      1.50      1.28
23:19:38      1.44      1.63
23:19:39      1.42      1.41
23:19:40      1.64      1.38
23:19:41      1.22      1.42
23:19:42      1.28      1.56
23:19:43      1.25      1.29
23:19:44      1.64      1.42
23:19:45      1.38      1.50
23:19:46      1.72      1.94
  Time           ens2       
HH:MM:SS   KB/s in  KB/s out
23:19:47      1.23      1.43
23:19:48      0.96      1.03
23:19:49      1.16      1.02
23:19:50      1.41      1.63
23:19:51      1.52      1.64
23:19:52      1.39      1.49
23:19:53      1.17      1.35
23:19:54      1.70      1.81
23:19:55      1.22      1.44
23:19:56      1.39      1.55
23:19:57      1.22      1.50
23:19:58      1.20      1.22
23:19:59      1.40      1.33
23:20:00      1.15      1.41
23:20:01      1.80      1.81
23:20:02      1.24      1.42
23:20:03      1.79      1.75
23:20:04      1.26      1.16
23:20:05      1.65      1.85
23:20:06      1.98      1.71
23:20:07      1.63      1.85
23:20:08      1.20      1.27
  Time           ens2       
HH:MM:SS   KB/s in  KB/s out
23:20:09      1.97      1.68
23:20:10      1.09      1.11
23:20:11      1.31      1.46
23:20:12      1.51      1.72
23:20:13      1.28      1.35
23:20:14      1.62      1.70
23:20:15      1.17      1.28
23:20:16      1.22      1.38
23:20:17      1.00      1.25
23:20:18      1.51      1.60
23:20:19      1.85      1.81
23:20:20      1.23      1.28
23:20:21      1.17      1.36
23:20:22      1.64      1.76
23:20:23      1.16      1.34
23:20:24      1.69      1.59
23:20:25      1.03      1.17
23:20:26      1.38      1.61
23:20:27      1.10      1.39
23:20:28      1.23      1.28
23:20:29      0.99      1.08
23:20:30      1.45      1.51
  Time           ens2       
HH:MM:SS   KB/s in  KB/s out
23:20:31      1.10      1.13
23:20:32      1.71      1.69
23:20:33      0.97      1.12
23:20:34      1.53      1.53
23:20:35      1.43      1.40
23:20:36      1.56      1.74
23:20:37      1.29      1.55
23:20:38      1.57      1.45
23:20:39      1.69      1.73
23:20:40      1.09      1.17
23:20:41      1.22      1.49
23:20:42      1.16      1.38
23:20:43      1.16      1.33
23:20:44      1.31      1.33
23:20:45      1.45      1.58
23:20:46      1.40      1.78
23:20:47      1.22      1.42
23:20:48      0.95      1.11
23:20:49      2.20      2.11
23:20:50      3.49      4.04
23:20:51      2.04      2.22
23:20:52      1.38      1.66
  Time           ens2       
HH:MM:SS   KB/s in  KB/s out
23:20:53      1.46      1.57
23:20:54      1.52      1.73
23:20:55      1.23      1.34
23:20:56      1.22      1.39
23:20:57      1.22      1.39
23:20:58      1.69      1.90
23:20:59      0.90      0.78
23:21:00      0.99      0.95
23:21:01      2.78      3.03
23:21:02      3.24      2.71
23:21:03      1.13      0.99
23:21:04      1.26      0.80
23:21:05      1.19      1.88
23:21:06      1.06      1.27
23:21:07      5.01      4.93
23:21:08      7.95      5.50
23:21:09      2.32      2.28
23:21:10      2.71      3.60
23:21:11      6.06      5.86
23:21:12      0.86      0.96
23:21:13      0.74      0.69
23:21:14      1.00      0.89
  Time           ens2       
HH:MM:SS   KB/s in  KB/s out
23:21:15      0.92      1.24
23:21:16      0.95      1.10
23:21:17      6.37      4.16
23:21:18      0.57      0.63
23:21:19      1.39      1.07
23:21:20      0.80      0.82
23:21:21      0.70      0.78
23:21:22      0.63      0.79
23:21:23      0.62      0.63
23:21:24      0.79      0.70
23:21:25      0.86      1.01
23:21:26      0.63      0.78
23:21:27      0.93      0.98
23:21:28      0.57      0.63
23:21:29      0.85      0.70
23:21:30      0.96      0.77
23:21:31      0.75      0.84
23:21:32      0.69      0.79
23:21:33      0.96      0.63
23:21:34      0.79      0.70
23:21:35      0.62      0.76
23:21:36      1.26      1.02
  Time           ens2       
HH:MM:SS   KB/s in  KB/s out
23:21:37      0.75      0.79
23:21:38      0.57      0.63
23:21:39      1.09      0.87
23:21:40      0.86      1.00
23:21:41      0.98      0.97
23:21:42      0.69      0.79
23:21:43      0.86      0.81
23:21:44      0.87      0.70
23:21:45      0.69      0.63
23:21:46      0.70      0.78
23:21:47      0.76      0.79
23:21:48      0.57      0.63
23:21:49      0.92      0.70
23:21:50      0.57      0.77
23:21:51      0.70      0.84
23:21:52      0.64      0.79
23:21:53      0.63      0.63
23:21:54      0.80      0.70
23:21:55      0.62      0.76
23:21:56      0.64      0.84
23:21:57      0.70      0.79
23:21:58      0.57      0.63
  Time           ens2       
HH:MM:SS   KB/s in  KB/s out
23:21:59      1.26      0.70
23:22:00      0.57      0.63
23:22:01      0.70      0.78
23:22:02      0.97      0.79
23:22:03      0.63      0.63
23:22:04      0.80      0.70
23:22:05      1.14      1.11
23:22:06      0.87      0.96
23:22:07      0.92      0.97
23:22:08      0.57      0.63
23:22:09      1.00      0.78
23:22:10      0.62      0.70
23:22:11      1.01      1.05
23:22:12      0.69      0.79
23:22:13      0.88      0.79
23:22:14      0.91      0.76
23:22:15      0.68      0.76
23:22:16      0.69      0.84
23:22:17      0.69      0.79
23:22:18      0.57      0.63
23:22:19      1.11      0.95
23:22:20      0.62      0.76
  Time           ens2       
HH:MM:SS   KB/s in  KB/s out
23:22:21      0.75      0.78
23:22:22      0.63      0.79
23:22:23      0.62      0.64
23:22:24      0.85      0.70
23:22:25      0.68      0.77
23:22:26      0.73      0.84
23:22:27      0.69      0.79
23:22:28      0.90      0.63
23:22:29      0.88      0.70
23:22:30      0.62      0.76
23:22:31      1.08      0.84
23:22:32      0.63      0.79
23:22:33      0.62      0.63
23:22:34      1.13      0.70
23:22:35      0.62      0.76
23:22:36      0.87      1.02
23:22:37      0.69      0.79
23:22:38      0.57      0.63
23:22:39      0.85      0.70
23:22:40      0.86      1.16
23:22:41      0.70      0.78
23:22:42      0.91      1.10
  Time           ens2       
HH:MM:SS   KB/s in  KB/s out
23:22:43      0.91      0.95
23:22:44      1.01      0.96
23:22:45      0.84      0.95
23:22:46      0.91      1.09
23:22:47      0.97      1.10
23:22:48      0.85      0.95
23:22:49      1.16      1.02
23:22:50      0.85      1.14
23:22:51      0.97      1.09
23:22:52      0.91      1.10
23:22:53      0.94      0.95
23:22:54      1.14      1.01
23:22:55      0.90      1.14
23:22:56      0.97      1.09
23:22:57      1.54      1.28
23:22:58      0.85      0.96
23:22:59      1.19      1.01
23:23:00      1.18      1.14
23:23:01      1.03      1.09
23:23:02      0.91      1.10
23:23:03      1.24      0.95
23:23:04      1.14      1.01
  Time           ens2       
HH:MM:SS   KB/s in  KB/s out
23:23:05      1.14      1.32
23:23:06      3.07      1.68
23:23:07      1.20      1.28
23:23:08      0.85      0.95
23:23:09      1.19      1.01
23:23:10      0.84      1.14
23:23:11      1.26      1.27
23:23:12      0.97      1.10
23:23:13      0.91      0.95
23:23:14      1.08      1.01
23:23:15      0.91      1.14
23:23:16      0.91      1.09
23:23:17      0.97      1.10
23:23:18      0.85      0.95
23:23:19      1.37      1.26
23:23:20      0.85      1.08
23:23:21      0.97      1.09
23:23:22      0.91      1.10
23:23:23      0.91      0.95
23:23:24      1.08      1.11
23:23:25      0.91      1.14
23:23:26      1.25      1.10
  Time           ens2       
HH:MM:SS   KB/s in  KB/s out
23:23:27      0.97      1.10
23:23:28      0.85      0.95
23:23:29      1.43      1.01
23:23:30      0.85      1.14
23:23:31      1.06      1.18
23:23:32      1.25      1.10
23:23:33      0.91      0.95
23:23:34      1.04      1.01
23:23:35      1.14      1.32
23:23:36      1.03      1.21
23:23:37      0.97      1.10
23:23:38      0.91      0.95
23:23:39      1.19      1.01
23:23:40      0.84      1.14
23:23:41      0.97      1.09
23:23:42      0.91      1.10
23:23:43      0.97      0.95
23:23:44      1.07      1.01
23:23:45      0.97      1.15
23:23:46      0.91      1.10
23:23:47      0.97      1.10
23:23:48      0.91      0.96
  Time           ens2       
HH:MM:SS   KB/s in  KB/s out
23:23:49      1.15      0.95
23:23:50      0.91      0.95
23:23:51      0.97      1.10
23:23:52      0.91      1.10
23:23:53      0.97      0.95
23:23:54      1.44      1.36
23:23:55      1.30      1.08
23:23:56      2.73      1.50
23:23:57      0.97      1.10
23:23:58      1.18      0.95
23:23:59      1.20      1.01
23:24:00      0.85      0.95
23:24:01      1.31      1.10
23:24:02      0.91      1.11
23:24:03      0.91      0.95
23:24:04      1.08      1.01
23:24:05      1.38      1.50
23:24:06      0.91      1.10
23:24:07      1.20      1.29
23:24:08      0.85      0.95
23:24:09      1.20      1.01
23:24:10      0.85      0.95
  Time           ens2       
HH:MM:SS   KB/s in  KB/s out
23:24:11      1.21      1.27
23:24:12      0.97      1.10
23:24:13      0.91      0.95
23:24:14      1.08      1.02
23:24:15      0.91      1.14
23:24:16      0.91      1.10
23:24:17      0.97      1.10
23:24:18      0.91      0.95
23:24:19      1.36      1.13
23:24:20      1.07      1.13
23:24:21      1.06      1.18
23:24:22      0.91      1.10
23:24:23      0.97      0.95
23:24:24      1.47      1.01
23:24:25      0.90      1.14
23:24:26      1.03      1.21
23:24:27      1.31      1.10
23:24:28      0.91      0.95
23:24:29      1.19      1.01
23:24:30      1.33      1.23
23:24:31      1.08      1.13
23:24:32      0.91      1.10
  Time           ens2       
HH:MM:SS   KB/s in  KB/s out
23:24:33      0.97      0.95
23:24:34      1.14      1.01
23:24:35      1.20      1.32
23:24:36      0.91      1.10
23:24:37      0.97      1.10
23:24:38      0.85      0.95
23:24:39      1.14      1.01
23:24:40      0.85      1.14
23:24:41      0.97      1.10
23:24:42      0.91      1.10
23:24:43      0.91      0.95
23:24:44      1.67      2.08
23:24:45      2.75      3.28
23:24:46      0.91      1.10
23:24:47      1.37      1.44
23:24:48      0.85      0.95
23:24:49      1.13      0.95
23:24:50      0.85      0.95
23:24:51      1.33      1.44
23:24:52     29.76    952.26
23:24:53      1.24      1.08
23:24:54      1.30      1.18
  Time           ens2       
HH:MM:SS   KB/s in  KB/s out
23:24:55      0.91      0.95
23:24:56      1.25      1.10
23:24:57      0.97      1.10
